-- The C compiler identification is MSVC 19.39.33521.0
-- The CXX compiler identification is MSVC 19.39.33521.0
-- Detecting C compiler ABI info
-- Detecting C compiler ABI info - done
-- Check for working C compiler: C:/Program Files (x86)/Microsoft Visual Studio/2022/BuildTools/VC/Tools/MSVC/14.39.33519/bin/Hostx86/x64/cl.exe - skipped
-- Detecting C compile features
-- Detecting C compile features - done
-- Detecting CXX compiler ABI info
-- Detecting CXX compiler ABI info - done
-- Check for working CXX compiler: C:/Program Files (x86)/Microsoft Visual Studio/2022/BuildTools/VC/Tools/MSVC/14.39.33519/bin/Hostx86/x64/cl.exe - skipped
-- Detecting CXX compile features
-- Detecting CXX compile features - done
-- Found ament_cmake: 1.3.3 (C:/Program Files/MATLAB/R2023b/sys/ros2/win64/ros2/share/ament_cmake/cmake)
-- Found Python3: C:/Users/Mateo-drr/AppData/Roaming/MathWorks/MATLAB/R2023b/ros2/win64/venv/Scripts/python.exe (found version "3.8.3") found components: Interpreter 
-- Found ament_cmake_ros: 0.10.0 (C:/Program Files/MATLAB/R2023b/sys/ros2/win64/ros2/share/ament_cmake_ros/cmake)
-- Found rosidl_typesupport_c: 2.0.0 (C:/Program Files/MATLAB/R2023b/sys/ros2/win64/ros2/share/rosidl_typesupport_c/cmake)
-- Using all available rosidl_typesupport_c: rosidl_typesupport_fastrtps_c;rosidl_typesupport_introspection_c
-- Found rosidl_adapter: 3.1.4 (C:/Program Files/MATLAB/R2023b/sys/ros2/win64/ros2/share/rosidl_adapter/cmake)
-- Found rosidl_typesupport_cpp: 2.0.0 (C:/Program Files/MATLAB/R2023b/sys/ros2/win64/ros2/share/rosidl_typesupport_cpp/cmake)
-- Using all available rosidl_typesupport_cpp: rosidl_typesupport_fastrtps_cpp;rosidl_typesupport_introspection_cpp
-- Found rosidl_default_generators: 1.2.0 (C:/Program Files/MATLAB/R2023b/sys/ros2/win64/ros2/share/rosidl_default_generators/cmake)
-- Found builtin_interfaces: 1.2.1 (C:/Program Files/MATLAB/R2023b/sys/ros2/win64/ros2/share/builtin_interfaces/cmake)
-- Found class_loader: 2.2.0 (C:/Program Files/MATLAB/R2023b/sys/ros2/win64/ros2/share/class_loader/cmake)
-- Found rclcpp: 16.0.3 (C:/Program Files/MATLAB/R2023b/sys/ros2/win64/ros2/share/rclcpp/cmake)
-- Found rmw_implementation_cmake: 6.1.1 (C:/Program Files/MATLAB/R2023b/sys/ros2/win64/ros2/share/rmw_implementation_cmake/cmake)
-- Found rmw_fastrtps_cpp: 6.2.2 (C:/Program Files/MATLAB/R2023b/sys/ros2/win64/ros2/share/rmw_fastrtps_cpp/cmake)
-- Found FastRTPS: C:/Program Files/MATLAB/R2023b/sys/ros2/win64/ros2/include  
-- Using RMW implementation 'rmw_fastrtps_cpp' as default
-- Performing Test CMAKE_HAVE_LIBC_PTHREAD
-- Performing Test CMAKE_HAVE_LIBC_PTHREAD - Failed
-- Looking for pthread_create in pthreads
-- Looking for pthread_create in pthreads - not found
-- Looking for pthread_create in pthread
-- Looking for pthread_create in pthread - not found
-- Found Threads: TRUE  
-- Found std_msgs: 4.2.3 (C:/Program Files/MATLAB/R2023b/sys/ros2/win64/ros2/share/std_msgs/cmake)
-- Using all available rosidl_typesupport_c: rosidl_typesupport_fastrtps_c;rosidl_typesupport_introspection_c
-- Using all available rosidl_typesupport_cpp: rosidl_typesupport_fastrtps_cpp;rosidl_typesupport_introspection_cpp
-- Configuring done
-- Generating done
-- Build files have been written to: C:/Users/Mateo-drr/Documents/ALU---Autonomous-Lung-Ultrasound/ros2Packages/matlab_msg_gen/win64/build/us_msg
[1/24] Generating C++ code for ROS interfaces
[2/24] Generating C code for ROS interfaces
[3/24] Building C object CMakeFiles\us_msg__rosidl_generator_c.dir\rosidl_generator_c\us_msg\msg\detail\stamped_array__functions.c.obj
[4/24] Linking C shared library us_msg__rosidl_generator_c.dll
[5/24] Generating C++ type support dispatch for ROS interfaces
[6/24] Generating C++ type support for eProsima Fast-RTPS
[7/24] Generating C++ introspection for ROS interfaces
[8/24] Building CXX object CMakeFiles\us_msg__rosidl_typesupport_cpp.dir\rosidl_typesupport_cpp\us_msg\msg\stamped_array__type_support.cpp.obj
[9/24] Generating C type support dispatch for ROS interfaces
[10/24] Generating C type support for eProsima Fast-RTPS
[11/24] Generating C introspection for ROS interfaces
[12/24] Building CXX object CMakeFiles\us_msg__rosidl_typesupport_c.dir\rosidl_typesupport_c\us_msg\msg\stamped_array__type_support.cpp.obj
[13/24] Building CXX object CMakeFiles\us_msg__rosidl_typesupport_introspection_cpp.dir\8d8002990ff38eded81139316ca42f34\msg\detail\stamped_array__type_support.cpp.obj
[14/24] Building C object CMakeFiles\us_msg__rosidl_typesupport_introspection_c.dir\67501f530a7e4c9f2e4af1e491739e0b\msg\detail\stamped_array__type_support.c.obj
[15/24] Linking CXX shared library us_msg__rosidl_typesupport_cpp.dll
[16/24] Building CXX object CMakeFiles\us_msg__rosidl_typesupport_fastrtps_cpp.dir\b9960f469590ca2e1b0a74a85c5fd93e\dds_fastrtps\stamped_array__type_support.cpp.obj
cl : Command line warning D9025 : overriding '/W3' with '/W4'
[17/24] Linking CXX shared library us_msg__rosidl_typesupport_c.dll
[18/24] Linking CXX shared library us_msg__rosidl_typesupport_introspection_cpp.dll
[19/24] Linking C shared library us_msg__rosidl_typesupport_introspection_c.dll
[20/24] Linking CXX shared library us_msg__rosidl_typesupport_fastrtps_cpp.dll
[21/24] Building CXX object CMakeFiles\us_msg__rosidl_typesupport_fastrtps_c.dir\rosidl_typesupport_fastrtps_c\us_msg\msg\detail\stamped_array__type_support_c.cpp.obj
cl : Command line warning D9025 : overriding '/W3' with '/W4'
[22/24] Linking CXX shared library us_msg__rosidl_typesupport_fastrtps_c.dll
[23/24] Building CXX object CMakeFiles\us_msg_matlab.dir\src\us_msg_StampedArray_message.cpp.obj
C:\Users\Mateo-drr\Documents\ALU---Autonomous-Lung-Ultrasound\ros2Packages\matlab_msg_gen\win64\src\us_msg\src\us_msg_StampedArray_message.cpp(28): warning C4275: non dll-interface class 'MATLABROS2MsgInterfaceBase' used as base for dll-interface class 'MATLABROS2MsgInterface<us_msg::msg::StampedArray>'
C:\Program Files\MATLAB\R2023b\toolbox\ros\include\ros2\MATLABROS2MsgInterface.hpp(50): note: see declaration of 'MATLABROS2MsgInterfaceBase'
C:\Program Files\MATLAB\R2023b\toolbox\ros\include\ros2\MATLABROS2MsgInterface.hpp(104): note: see declaration of 'MATLABROS2MsgInterface<us_msg::msg::StampedArray>'
C:\Users\Mateo-drr\Documents\ALU---Autonomous-Lung-Ultrasound\ros2Packages\matlab_msg_gen\win64\src\us_msg\src\us_msg_StampedArray_message.cpp(75): warning C4275: non dll-interface class 'ROS2MsgElementInterfaceFactory' used as base for dll-interface class 'ros2_us_msg_StampedArray_message'
C:\Program Files\MATLAB\R2023b\toolbox\ros\include\ros2\MATLABROS2MsgInterface.hpp(55): note: see declaration of 'ROS2MsgElementInterfaceFactory'
C:\Users\Mateo-drr\Documents\ALU---Autonomous-Lung-Ultrasound\ros2Packages\matlab_msg_gen\win64\src\us_msg\src\us_msg_StampedArray_message.cpp(75): note: see declaration of 'ros2_us_msg_StampedArray_message'
[24/24] Linking CXX shared library us_msg_matlab.dll
-- Install configuration: "Release"
-- Installing: C:/Users/Mateo-drr/Documents/ALU---Autonomous-Lung-Ultrasound/ros2Packages/matlab_msg_gen/win64/install/share/ament_index/resource_index/rosidl_interfaces/us_msg
-- Installing: C:/Users/Mateo-drr/Documents/ALU---Autonomous-Lung-Ultrasound/ros2Packages/matlab_msg_gen/win64/install/include/us_msg/us_msg
-- Installing: C:/Users/Mateo-drr/Documents/ALU---Autonomous-Lung-Ultrasound/ros2Packages/matlab_msg_gen/win64/install/include/us_msg/us_msg/msg
-- Installing: C:/Users/Mateo-drr/Documents/ALU---Autonomous-Lung-Ultrasound/ros2Packages/matlab_msg_gen/win64/install/include/us_msg/us_msg/msg/detail
-- Installing: C:/Users/Mateo-drr/Documents/ALU---Autonomous-Lung-Ultrasound/ros2Packages/matlab_msg_gen/win64/install/include/us_msg/us_msg/msg/detail/stamped_array__functions.c
-- Installing: C:/Users/Mateo-drr/Documents/ALU---Autonomous-Lung-Ultrasound/ros2Packages/matlab_msg_gen/win64/install/include/us_msg/us_msg/msg/detail/stamped_array__functions.h
-- Installing: C:/Users/Mateo-drr/Documents/ALU---Autonomous-Lung-Ultrasound/ros2Packages/matlab_msg_gen/win64/install/include/us_msg/us_msg/msg/detail/stamped_array__struct.h
-- Installing: C:/Users/Mateo-drr/Documents/ALU---Autonomous-Lung-Ultrasound/ros2Packages/matlab_msg_gen/win64/install/include/us_msg/us_msg/msg/detail/stamped_array__type_support.h
-- Installing: C:/Users/Mateo-drr/Documents/ALU---Autonomous-Lung-Ultrasound/ros2Packages/matlab_msg_gen/win64/install/include/us_msg/us_msg/msg/rosidl_generator_c__visibility_control.h
-- Installing: C:/Users/Mateo-drr/Documents/ALU---Autonomous-Lung-Ultrasound/ros2Packages/matlab_msg_gen/win64/install/include/us_msg/us_msg/msg/stamped_array.h
-- Installing: C:/Users/Mateo-drr/Documents/ALU---Autonomous-Lung-Ultrasound/ros2Packages/matlab_msg_gen/win64/install/lib/us_msg__rosidl_generator_c.lib
-- Installing: C:/Users/Mateo-drr/Documents/ALU---Autonomous-Lung-Ultrasound/ros2Packages/matlab_msg_gen/win64/install/bin/us_msg__rosidl_generator_c.dll
-- Up-to-date: C:/Users/Mateo-drr/Documents/ALU---Autonomous-Lung-Ultrasound/ros2Packages/matlab_msg_gen/win64/install/include/us_msg/us_msg
-- Up-to-date: C:/Users/Mateo-drr/Documents/ALU---Autonomous-Lung-Ultrasound/ros2Packages/matlab_msg_gen/win64/install/include/us_msg/us_msg/msg
-- Up-to-date: C:/Users/Mateo-drr/Documents/ALU---Autonomous-Lung-Ultrasound/ros2Packages/matlab_msg_gen/win64/install/include/us_msg/us_msg/msg/detail
-- Installing: C:/Users/Mateo-drr/Documents/ALU---Autonomous-Lung-Ultrasound/ros2Packages/matlab_msg_gen/win64/install/include/us_msg/us_msg/msg/detail/stamped_array__rosidl_typesupport_fastrtps_c.h
-- Installing: C:/Users/Mateo-drr/Documents/ALU---Autonomous-Lung-Ultrasound/ros2Packages/matlab_msg_gen/win64/install/include/us_msg/us_msg/msg/rosidl_typesupport_fastrtps_c__visibility_control.h
-- Installing: C:/Users/Mateo-drr/Documents/ALU---Autonomous-Lung-Ultrasound/ros2Packages/matlab_msg_gen/win64/install/lib/us_msg__rosidl_typesupport_fastrtps_c.lib
-- Installing: C:/Users/Mateo-drr/Documents/ALU---Autonomous-Lung-Ultrasound/ros2Packages/matlab_msg_gen/win64/install/bin/us_msg__rosidl_typesupport_fastrtps_c.dll
-- Up-to-date: C:/Users/Mateo-drr/Documents/ALU---Autonomous-Lung-Ultrasound/ros2Packages/matlab_msg_gen/win64/install/include/us_msg/us_msg
-- Up-to-date: C:/Users/Mateo-drr/Documents/ALU---Autonomous-Lung-Ultrasound/ros2Packages/matlab_msg_gen/win64/install/include/us_msg/us_msg/msg
-- Up-to-date: C:/Users/Mateo-drr/Documents/ALU---Autonomous-Lung-Ultrasound/ros2Packages/matlab_msg_gen/win64/install/include/us_msg/us_msg/msg/detail
-- Installing: C:/Users/Mateo-drr/Documents/ALU---Autonomous-Lung-Ultrasound/ros2Packages/matlab_msg_gen/win64/install/include/us_msg/us_msg/msg/detail/stamped_array__rosidl_typesupport_introspection_c.h
-- Installing: C:/Users/Mateo-drr/Documents/ALU---Autonomous-Lung-Ultrasound/ros2Packages/matlab_msg_gen/win64/install/include/us_msg/us_msg/msg/detail/stamped_array__type_support.c
-- Installing: C:/Users/Mateo-drr/Documents/ALU---Autonomous-Lung-Ultrasound/ros2Packages/matlab_msg_gen/win64/install/include/us_msg/us_msg/msg/rosidl_typesupport_introspection_c__visibility_control.h
-- Installing: C:/Users/Mateo-drr/Documents/ALU---Autonomous-Lung-Ultrasound/ros2Packages/matlab_msg_gen/win64/install/lib/us_msg__rosidl_typesupport_introspection_c.lib
-- Installing: C:/Users/Mateo-drr/Documents/ALU---Autonomous-Lung-Ultrasound/ros2Packages/matlab_msg_gen/win64/install/bin/us_msg__rosidl_typesupport_introspection_c.dll
-- Installing: C:/Users/Mateo-drr/Documents/ALU---Autonomous-Lung-Ultrasound/ros2Packages/matlab_msg_gen/win64/install/lib/us_msg__rosidl_typesupport_c.lib
-- Installing: C:/Users/Mateo-drr/Documents/ALU---Autonomous-Lung-Ultrasound/ros2Packages/matlab_msg_gen/win64/install/bin/us_msg__rosidl_typesupport_c.dll
-- Up-to-date: C:/Users/Mateo-drr/Documents/ALU---Autonomous-Lung-Ultrasound/ros2Packages/matlab_msg_gen/win64/install/include/us_msg/us_msg
-- Up-to-date: C:/Users/Mateo-drr/Documents/ALU---Autonomous-Lung-Ultrasound/ros2Packages/matlab_msg_gen/win64/install/include/us_msg/us_msg/msg
-- Up-to-date: C:/Users/Mateo-drr/Documents/ALU---Autonomous-Lung-Ultrasound/ros2Packages/matlab_msg_gen/win64/install/include/us_msg/us_msg/msg/detail
-- Installing: C:/Users/Mateo-drr/Documents/ALU---Autonomous-Lung-Ultrasound/ros2Packages/matlab_msg_gen/win64/install/include/us_msg/us_msg/msg/detail/stamped_array__builder.hpp
-- Installing: C:/Users/Mateo-drr/Documents/ALU---Autonomous-Lung-Ultrasound/ros2Packages/matlab_msg_gen/win64/install/include/us_msg/us_msg/msg/detail/stamped_array__struct.hpp
-- Installing: C:/Users/Mateo-drr/Documents/ALU---Autonomous-Lung-Ultrasound/ros2Packages/matlab_msg_gen/win64/install/include/us_msg/us_msg/msg/detail/stamped_array__traits.hpp
-- Installing: C:/Users/Mateo-drr/Documents/ALU---Autonomous-Lung-Ultrasound/ros2Packages/matlab_msg_gen/win64/install/include/us_msg/us_msg/msg/stamped_array.hpp
-- Up-to-date: C:/Users/Mateo-drr/Documents/ALU---Autonomous-Lung-Ultrasound/ros2Packages/matlab_msg_gen/win64/install/include/us_msg/us_msg
-- Up-to-date: C:/Users/Mateo-drr/Documents/ALU---Autonomous-Lung-Ultrasound/ros2Packages/matlab_msg_gen/win64/install/include/us_msg/us_msg/msg
-- Up-to-date: C:/Users/Mateo-drr/Documents/ALU---Autonomous-Lung-Ultrasound/ros2Packages/matlab_msg_gen/win64/install/include/us_msg/us_msg/msg/detail
-- Installing: C:/Users/Mateo-drr/Documents/ALU---Autonomous-Lung-Ultrasound/ros2Packages/matlab_msg_gen/win64/install/include/us_msg/us_msg/msg/detail/dds_fastrtps
-- Installing: C:/Users/Mateo-drr/Documents/ALU---Autonomous-Lung-Ultrasound/ros2Packages/matlab_msg_gen/win64/install/include/us_msg/us_msg/msg/detail/stamped_array__rosidl_typesupport_fastrtps_cpp.hpp
-- Installing: C:/Users/Mateo-drr/Documents/ALU---Autonomous-Lung-Ultrasound/ros2Packages/matlab_msg_gen/win64/install/include/us_msg/us_msg/msg/rosidl_typesupport_fastrtps_cpp__visibility_control.h
-- Installing: C:/Users/Mateo-drr/Documents/ALU---Autonomous-Lung-Ultrasound/ros2Packages/matlab_msg_gen/win64/install/lib/us_msg__rosidl_typesupport_fastrtps_cpp.lib
-- Installing: C:/Users/Mateo-drr/Documents/ALU---Autonomous-Lung-Ultrasound/ros2Packages/matlab_msg_gen/win64/install/bin/us_msg__rosidl_typesupport_fastrtps_cpp.dll
-- Up-to-date: C:/Users/Mateo-drr/Documents/ALU---Autonomous-Lung-Ultrasound/ros2Packages/matlab_msg_gen/win64/install/include/us_msg/us_msg
-- Up-to-date: C:/Users/Mateo-drr/Documents/ALU---Autonomous-Lung-Ultrasound/ros2Packages/matlab_msg_gen/win64/install/include/us_msg/us_msg/msg
-- Up-to-date: C:/Users/Mateo-drr/Documents/ALU---Autonomous-Lung-Ultrasound/ros2Packages/matlab_msg_gen/win64/install/include/us_msg/us_msg/msg/detail
-- Installing: C:/Users/Mateo-drr/Documents/ALU---Autonomous-Lung-Ultrasound/ros2Packages/matlab_msg_gen/win64/install/include/us_msg/us_msg/msg/detail/stamped_array__rosidl_typesupport_introspection_cpp.hpp
-- Installing: C:/Users/Mateo-drr/Documents/ALU---Autonomous-Lung-Ultrasound/ros2Packages/matlab_msg_gen/win64/install/include/us_msg/us_msg/msg/detail/stamped_array__type_support.cpp
-- Installing: C:/Users/Mateo-drr/Documents/ALU---Autonomous-Lung-Ultrasound/ros2Packages/matlab_msg_gen/win64/install/lib/us_msg__rosidl_typesupport_introspection_cpp.lib
-- Installing: C:/Users/Mateo-drr/Documents/ALU---Autonomous-Lung-Ultrasound/ros2Packages/matlab_msg_gen/win64/install/bin/us_msg__rosidl_typesupport_introspection_cpp.dll
-- Installing: C:/Users/Mateo-drr/Documents/ALU---Autonomous-Lung-Ultrasound/ros2Packages/matlab_msg_gen/win64/install/lib/us_msg__rosidl_typesupport_cpp.lib
-- Installing: C:/Users/Mateo-drr/Documents/ALU---Autonomous-Lung-Ultrasound/ros2Packages/matlab_msg_gen/win64/install/bin/us_msg__rosidl_typesupport_cpp.dll
-- Installing: C:/Users/Mateo-drr/Documents/ALU---Autonomous-Lung-Ultrasound/ros2Packages/matlab_msg_gen/win64/install/share/us_msg/msg/StampedArray.idl
-- Installing: C:/Users/Mateo-drr/Documents/ALU---Autonomous-Lung-Ultrasound/ros2Packages/matlab_msg_gen/win64/install/share/us_msg/msg/StampedArray.msg
-- Up-to-date: C:/Users/Mateo-drr/Documents/ALU---Autonomous-Lung-Ultrasound/ros2Packages/matlab_msg_gen/win64/install/include
-- Up-to-date: C:/Users/Mateo-drr/Documents/ALU---Autonomous-Lung-Ultrasound/ros2Packages/matlab_msg_gen/win64/install/include/us_msg
-- Installing: C:/Users/Mateo-drr/Documents/ALU---Autonomous-Lung-Ultrasound/ros2Packages/matlab_msg_gen/win64/install/include/us_msg/visibility_control.h
-- Installing: C:/Users/Mateo-drr/Documents/ALU---Autonomous-Lung-Ultrasound/ros2Packages/matlab_msg_gen/win64/install/lib/us_msg_matlab.lib
-- Installing: C:/Users/Mateo-drr/Documents/ALU---Autonomous-Lung-Ultrasound/ros2Packages/matlab_msg_gen/win64/install/bin/us_msg_matlab.dll
-- Installing: C:/Users/Mateo-drr/Documents/ALU---Autonomous-Lung-Ultrasound/ros2Packages/matlab_msg_gen/win64/install/m/
-- Installing: C:/Users/Mateo-drr/Documents/ALU---Autonomous-Lung-Ultrasound/ros2Packages/matlab_msg_gen/win64/install/m//+ros
-- Installing: C:/Users/Mateo-drr/Documents/ALU---Autonomous-Lung-Ultrasound/ros2Packages/matlab_msg_gen/win64/install/m//+ros/+internal
-- Installing: C:/Users/Mateo-drr/Documents/ALU---Autonomous-Lung-Ultrasound/ros2Packages/matlab_msg_gen/win64/install/m//+ros/+internal/+ros2
-- Installing: C:/Users/Mateo-drr/Documents/ALU---Autonomous-Lung-Ultrasound/ros2Packages/matlab_msg_gen/win64/install/m//+ros/+internal/+ros2/+custommessages
-- Installing: C:/Users/Mateo-drr/Documents/ALU---Autonomous-Lung-Ultrasound/ros2Packages/matlab_msg_gen/win64/install/m//+ros/+internal/+ros2/+custommessages/+us_msg
-- Installing: C:/Users/Mateo-drr/Documents/ALU---Autonomous-Lung-Ultrasound/ros2Packages/matlab_msg_gen/win64/install/m//+ros/+internal/+ros2/+custommessages/+us_msg/stampedArray.m
-- Installing: C:/Users/Mateo-drr/Documents/ALU---Autonomous-Lung-Ultrasound/ros2Packages/matlab_msg_gen/win64/install/m//+ros/+internal/+ros2/+custommessages/+us_msg/us_msg_msg_StampedArray_1To2_Converter.m
-- Installing: C:/Users/Mateo-drr/Documents/ALU---Autonomous-Lung-Ultrasound/ros2Packages/matlab_msg_gen/win64/install/m//+ros/+internal/+ros2/+custommessages/+us_msg/us_msg_msg_StampedArray_2To1_Converter.m
-- Installing: C:/Users/Mateo-drr/Documents/ALU---Autonomous-Lung-Ultrasound/ros2Packages/matlab_msg_gen/win64/install/share/ament_index/resource_index/package_run_dependencies/us_msg
-- Installing: C:/Users/Mateo-drr/Documents/ALU---Autonomous-Lung-Ultrasound/ros2Packages/matlab_msg_gen/win64/install/share/ament_index/resource_index/parent_prefix_path/us_msg
-- Installing: C:/Users/Mateo-drr/Documents/ALU---Autonomous-Lung-Ultrasound/ros2Packages/matlab_msg_gen/win64/install/share/us_msg/environment/ament_prefix_path.bat
-- Installing: C:/Users/Mateo-drr/Documents/ALU---Autonomous-Lung-Ultrasound/ros2Packages/matlab_msg_gen/win64/install/share/us_msg/environment/ament_prefix_path.dsv
-- Installing: C:/Users/Mateo-drr/Documents/ALU---Autonomous-Lung-Ultrasound/ros2Packages/matlab_msg_gen/win64/install/share/us_msg/environment/path.bat
-- Installing: C:/Users/Mateo-drr/Documents/ALU---Autonomous-Lung-Ultrasound/ros2Packages/matlab_msg_gen/win64/install/share/us_msg/environment/path.dsv
-- Installing: C:/Users/Mateo-drr/Documents/ALU---Autonomous-Lung-Ultrasound/ros2Packages/matlab_msg_gen/win64/install/share/us_msg/local_setup.bat
-- Installing: C:/Users/Mateo-drr/Documents/ALU---Autonomous-Lung-Ultrasound/ros2Packages/matlab_msg_gen/win64/install/share/us_msg/local_setup.dsv
-- Installing: C:/Users/Mateo-drr/Documents/ALU---Autonomous-Lung-Ultrasound/ros2Packages/matlab_msg_gen/win64/install/share/us_msg/package.dsv
-- Installing: C:/Users/Mateo-drr/Documents/ALU---Autonomous-Lung-Ultrasound/ros2Packages/matlab_msg_gen/win64/install/share/ament_index/resource_index/packages/us_msg
-- Installing: C:/Users/Mateo-drr/Documents/ALU---Autonomous-Lung-Ultrasound/ros2Packages/matlab_msg_gen/win64/install/share/us_msg/cmake/export_us_msg__rosidl_generator_cExport.cmake
-- Installing: C:/Users/Mateo-drr/Documents/ALU---Autonomous-Lung-Ultrasound/ros2Packages/matlab_msg_gen/win64/install/share/us_msg/cmake/export_us_msg__rosidl_generator_cExport-release.cmake
-- Installing: C:/Users/Mateo-drr/Documents/ALU---Autonomous-Lung-Ultrasound/ros2Packages/matlab_msg_gen/win64/install/share/us_msg/cmake/export_us_msg__rosidl_typesupport_fastrtps_cExport.cmake
-- Installing: C:/Users/Mateo-drr/Documents/ALU---Autonomous-Lung-Ultrasound/ros2Packages/matlab_msg_gen/win64/install/share/us_msg/cmake/export_us_msg__rosidl_typesupport_fastrtps_cExport-release.cmake
-- Installing: C:/Users/Mateo-drr/Documents/ALU---Autonomous-Lung-Ultrasound/ros2Packages/matlab_msg_gen/win64/install/share/us_msg/cmake/us_msg__rosidl_typesupport_introspection_cExport.cmake
-- Installing: C:/Users/Mateo-drr/Documents/ALU---Autonomous-Lung-Ultrasound/ros2Packages/matlab_msg_gen/win64/install/share/us_msg/cmake/us_msg__rosidl_typesupport_introspection_cExport-release.cmake
-- Installing: C:/Users/Mateo-drr/Documents/ALU---Autonomous-Lung-Ultrasound/ros2Packages/matlab_msg_gen/win64/install/share/us_msg/cmake/us_msg__rosidl_typesupport_cExport.cmake
-- Installing: C:/Users/Mateo-drr/Documents/ALU---Autonomous-Lung-Ultrasound/ros2Packages/matlab_msg_gen/win64/install/share/us_msg/cmake/us_msg__rosidl_typesupport_cExport-release.cmake
-- Installing: C:/Users/Mateo-drr/Documents/ALU---Autonomous-Lung-Ultrasound/ros2Packages/matlab_msg_gen/win64/install/share/us_msg/cmake/export_us_msg__rosidl_generator_cppExport.cmake
-- Installing: C:/Users/Mateo-drr/Documents/ALU---Autonomous-Lung-Ultrasound/ros2Packages/matlab_msg_gen/win64/install/share/us_msg/cmake/export_us_msg__rosidl_typesupport_fastrtps_cppExport.cmake
-- Installing: C:/Users/Mateo-drr/Documents/ALU---Autonomous-Lung-Ultrasound/ros2Packages/matlab_msg_gen/win64/install/share/us_msg/cmake/export_us_msg__rosidl_typesupport_fastrtps_cppExport-release.cmake
-- Installing: C:/Users/Mateo-drr/Documents/ALU---Autonomous-Lung-Ultrasound/ros2Packages/matlab_msg_gen/win64/install/share/us_msg/cmake/us_msg__rosidl_typesupport_introspection_cppExport.cmake
-- Installing: C:/Users/Mateo-drr/Documents/ALU---Autonomous-Lung-Ultrasound/ros2Packages/matlab_msg_gen/win64/install/share/us_msg/cmake/us_msg__rosidl_typesupport_introspection_cppExport-release.cmake
-- Installing: C:/Users/Mateo-drr/Documents/ALU---Autonomous-Lung-Ultrasound/ros2Packages/matlab_msg_gen/win64/install/share/us_msg/cmake/us_msg__rosidl_typesupport_cppExport.cmake
-- Installing: C:/Users/Mateo-drr/Documents/ALU---Autonomous-Lung-Ultrasound/ros2Packages/matlab_msg_gen/win64/install/share/us_msg/cmake/us_msg__rosidl_typesupport_cppExport-release.cmake
-- Installing: C:/Users/Mateo-drr/Documents/ALU---Autonomous-Lung-Ultrasound/ros2Packages/matlab_msg_gen/win64/install/share/us_msg/cmake/rosidl_cmake-extras.cmake
-- Installing: C:/Users/Mateo-drr/Documents/ALU---Autonomous-Lung-Ultrasound/ros2Packages/matlab_msg_gen/win64/install/share/us_msg/cmake/ament_cmake_export_dependencies-extras.cmake
-- Installing: C:/Users/Mateo-drr/Documents/ALU---Autonomous-Lung-Ultrasound/ros2Packages/matlab_msg_gen/win64/install/share/us_msg/cmake/ament_cmake_export_include_directories-extras.cmake
-- Installing: C:/Users/Mateo-drr/Documents/ALU---Autonomous-Lung-Ultrasound/ros2Packages/matlab_msg_gen/win64/install/share/us_msg/cmake/ament_cmake_export_libraries-extras.cmake
-- Installing: C:/Users/Mateo-drr/Documents/ALU---Autonomous-Lung-Ultrasound/ros2Packages/matlab_msg_gen/win64/install/share/us_msg/cmake/ament_cmake_export_targets-extras.cmake
-- Installing: C:/Users/Mateo-drr/Documents/ALU---Autonomous-Lung-Ultrasound/ros2Packages/matlab_msg_gen/win64/install/share/us_msg/cmake/rosidl_cmake_export_typesupport_targets-extras.cmake
-- Installing: C:/Users/Mateo-drr/Documents/ALU---Autonomous-Lung-Ultrasound/ros2Packages/matlab_msg_gen/win64/install/share/us_msg/cmake/rosidl_cmake_export_typesupport_libraries-extras.cmake
-- Installing: C:/Users/Mateo-drr/Documents/ALU---Autonomous-Lung-Ultrasound/ros2Packages/matlab_msg_gen/win64/install/share/us_msg/cmake/us_msgConfig.cmake
-- Installing: C:/Users/Mateo-drr/Documents/ALU---Autonomous-Lung-Ultrasound/ros2Packages/matlab_msg_gen/win64/install/share/us_msg/cmake/us_msgConfig-version.cmake
-- Installing: C:/Users/Mateo-drr/Documents/ALU---Autonomous-Lung-Ultrasound/ros2Packages/matlab_msg_gen/win64/install/share/us_msg/package.xml
