[0.062s] Invoking command in 'C:\Users\Mateo-drr\Documents\ALU---Autonomous-Lung-Ultrasound\ros2Packages\matlab_msg_gen\win64\build\us_msg': C:\Program Files\MATLAB\R2023b\bin\win64\cmake\bin\cmake.EXE C:\Users\Mateo-drr\Documents\ALU---Autonomous-Lung-Ultrasound\ros2Packages\matlab_msg_gen\win64\src\us_msg -DCMAKE_BUILD_TYPE=Release -DBUILD_TESTING=OFF -DALIAS_ROS2_TF2=1 -DCMAKE_CXX_FLAGS_RELEASE=/MD /Od /Ob2 /DNDEBUG -G Ninja -DCMAKE_INSTALL_PREFIX=C:\Users\Mateo-drr\Documents\ALU---Autonomous-Lung-Ultrasound\ros2Packages\matlab_msg_gen\win64\install
[0.718s] -- The C compiler identification is MSVC 19.39.33521.0
[0.968s] -- The CXX compiler identification is MSVC 19.39.33521.0
[1.078s] -- Detecting C compiler ABI info
[1.734s] -- Detecting C compiler ABI info - done
[1.734s] -- Check for working C compiler: C:/Program Files (x86)/Microsoft Visual Studio/2022/BuildTools/VC/Tools/MSVC/14.39.33519/bin/Hostx86/x64/cl.exe - skipped
[1.734s] -- Detecting C compile features
[1.750s] -- Detecting C compile features - done
[1.781s] -- Detecting CXX compiler ABI info
[2.125s] -- Detecting CXX compiler ABI info - done
[2.140s] -- Check for working CXX compiler: C:/Program Files (x86)/Microsoft Visual Studio/2022/BuildTools/VC/Tools/MSVC/14.39.33519/bin/Hostx86/x64/cl.exe - skipped
[2.140s] -- Detecting CXX compile features
[2.140s] -- Detecting CXX compile features - done
[2.156s] -- Found ament_cmake: 1.3.3 (C:/Program Files/MATLAB/R2023b/sys/ros2/win64/ros2/share/ament_cmake/cmake)
[4.953s] -- Found Python3: C:/Users/Mateo-drr/AppData/Roaming/MathWorks/MATLAB/R2023b/ros2/win64/venv/Scripts/python.exe (found version "3.8.3") found components: Interpreter 
[5.390s] -- Found ament_cmake_ros: 0.10.0 (C:/Program Files/MATLAB/R2023b/sys/ros2/win64/ros2/share/ament_cmake_ros/cmake)
[5.500s] -- Found rosidl_typesupport_c: 2.0.0 (C:/Program Files/MATLAB/R2023b/sys/ros2/win64/ros2/share/rosidl_typesupport_c/cmake)
[5.515s] -- Using all available rosidl_typesupport_c: rosidl_typesupport_fastrtps_c;rosidl_typesupport_introspection_c
[5.562s] -- Found rosidl_adapter: 3.1.4 (C:/Program Files/MATLAB/R2023b/sys/ros2/win64/ros2/share/rosidl_adapter/cmake)
[5.890s] -- Found rosidl_typesupport_cpp: 2.0.0 (C:/Program Files/MATLAB/R2023b/sys/ros2/win64/ros2/share/rosidl_typesupport_cpp/cmake)
[5.890s] -- Using all available rosidl_typesupport_cpp: rosidl_typesupport_fastrtps_cpp;rosidl_typesupport_introspection_cpp
[6.125s] -- Found rosidl_default_generators: 1.2.0 (C:/Program Files/MATLAB/R2023b/sys/ros2/win64/ros2/share/rosidl_default_generators/cmake)
[6.156s] -- Found builtin_interfaces: 1.2.1 (C:/Program Files/MATLAB/R2023b/sys/ros2/win64/ros2/share/builtin_interfaces/cmake)
[6.281s] -- Found class_loader: 2.2.0 (C:/Program Files/MATLAB/R2023b/sys/ros2/win64/ros2/share/class_loader/cmake)
[6.328s] -- Found rclcpp: 16.0.3 (C:/Program Files/MATLAB/R2023b/sys/ros2/win64/ros2/share/rclcpp/cmake)
[6.750s] -- Found rmw_implementation_cmake: 6.1.1 (C:/Program Files/MATLAB/R2023b/sys/ros2/win64/ros2/share/rmw_implementation_cmake/cmake)
[6.781s] -- Found rmw_fastrtps_cpp: 6.2.2 (C:/Program Files/MATLAB/R2023b/sys/ros2/win64/ros2/share/rmw_fastrtps_cpp/cmake)
[7.140s] -- Found FastRTPS: C:/Program Files/MATLAB/R2023b/sys/ros2/win64/ros2/include  
[7.171s] -- Using RMW implementation 'rmw_fastrtps_cpp' as default
[7.250s] -- Performing Test CMAKE_HAVE_LIBC_PTHREAD
[7.343s] -- Performing Test CMAKE_HAVE_LIBC_PTHREAD - Failed
[7.343s] -- Looking for pthread_create in pthreads
[7.500s] -- Looking for pthread_create in pthreads - not found
[7.500s] -- Looking for pthread_create in pthread
[7.625s] -- Looking for pthread_create in pthread - not found
[7.625s] -- Found Threads: TRUE  
[7.968s] -- Found std_msgs: 4.2.3 (C:/Program Files/MATLAB/R2023b/sys/ros2/win64/ros2/share/std_msgs/cmake)
[8.671s] -- Using all available rosidl_typesupport_c: rosidl_typesupport_fastrtps_c;rosidl_typesupport_introspection_c
[8.953s] -- Using all available rosidl_typesupport_cpp: rosidl_typesupport_fastrtps_cpp;rosidl_typesupport_introspection_cpp
[9.125s] -- Configuring done
[9.359s] -- Generating done
[9.406s] -- Build files have been written to: C:/Users/Mateo-drr/Documents/ALU---Autonomous-Lung-Ultrasound/ros2Packages/matlab_msg_gen/win64/build/us_msg
[9.421s] Invoked command in 'C:\Users\Mateo-drr\Documents\ALU---Autonomous-Lung-Ultrasound\ros2Packages\matlab_msg_gen\win64\build\us_msg' returned '0': C:\Program Files\MATLAB\R2023b\bin\win64\cmake\bin\cmake.EXE C:\Users\Mateo-drr\Documents\ALU---Autonomous-Lung-Ultrasound\ros2Packages\matlab_msg_gen\win64\src\us_msg -DCMAKE_BUILD_TYPE=Release -DBUILD_TESTING=OFF -DALIAS_ROS2_TF2=1 -DCMAKE_CXX_FLAGS_RELEASE=/MD /Od /Ob2 /DNDEBUG -G Ninja -DCMAKE_INSTALL_PREFIX=C:\Users\Mateo-drr\Documents\ALU---Autonomous-Lung-Ultrasound\ros2Packages\matlab_msg_gen\win64\install
[9.421s] Invoking command in 'C:\Users\Mateo-drr\Documents\ALU---Autonomous-Lung-Ultrasound\ros2Packages\matlab_msg_gen\win64\build\us_msg': C:\Program Files\MATLAB\R2023b\bin\win64\cmake\bin\cmake.EXE --build C:\Users\Mateo-drr\Documents\ALU---Autonomous-Lung-Ultrasound\ros2Packages\matlab_msg_gen\win64\build\us_msg -- -j8 -l8
[9.718s] [1/24] Generating C++ code for ROS interfaces
[9.734s] [2/24] Generating C code for ROS interfaces
[9.812s] [3/24] Building C object CMakeFiles\us_msg__rosidl_generator_c.dir\rosidl_generator_c\us_msg\msg\detail\stamped_array__functions.c.obj
[9.968s] [4/24] Linking C shared library us_msg__rosidl_generator_c.dll
[10.000s] [5/24] Generating C++ type support dispatch for ROS interfaces
[10.031s] [6/24] Generating C++ type support for eProsima Fast-RTPS
[10.046s] [7/24] Generating C++ introspection for ROS interfaces
[10.312s] [8/24] Building CXX object CMakeFiles\us_msg__rosidl_typesupport_cpp.dir\rosidl_typesupport_cpp\us_msg\msg\stamped_array__type_support.cpp.obj
[10.312s] [9/24] Generating C type support dispatch for ROS interfaces
[10.343s] [10/24] Generating C type support for eProsima Fast-RTPS
[10.375s] [11/24] Generating C introspection for ROS interfaces
[10.390s] [12/24] Building CXX object CMakeFiles\us_msg__rosidl_typesupport_c.dir\rosidl_typesupport_c\us_msg\msg\stamped_array__type_support.cpp.obj
[10.421s] [13/24] Building CXX object CMakeFiles\us_msg__rosidl_typesupport_introspection_cpp.dir\8d8002990ff38eded81139316ca42f34\msg\detail\stamped_array__type_support.cpp.obj
[10.453s] [14/24] Building C object CMakeFiles\us_msg__rosidl_typesupport_introspection_c.dir\67501f530a7e4c9f2e4af1e491739e0b\msg\detail\stamped_array__type_support.c.obj
[10.484s] [15/24] Linking CXX shared library us_msg__rosidl_typesupport_cpp.dll
[10.562s] [16/24] Building CXX object CMakeFiles\us_msg__rosidl_typesupport_fastrtps_cpp.dir\b9960f469590ca2e1b0a74a85c5fd93e\dds_fastrtps\stamped_array__type_support.cpp.obj
[10.562s] cl : Command line warning D9025 : overriding '/W3' with '/W4'
[10.578s] [17/24] Linking CXX shared library us_msg__rosidl_typesupport_c.dll
[10.593s] [18/24] Linking CXX shared library us_msg__rosidl_typesupport_introspection_cpp.dll
[10.625s] [19/24] Linking C shared library us_msg__rosidl_typesupport_introspection_c.dll
[10.703s] [20/24] Linking CXX shared library us_msg__rosidl_typesupport_fastrtps_cpp.dll
[10.765s] [21/24] Building CXX object CMakeFiles\us_msg__rosidl_typesupport_fastrtps_c.dir\rosidl_typesupport_fastrtps_c\us_msg\msg\detail\stamped_array__type_support_c.cpp.obj
[10.765s] cl : Command line warning D9025 : overriding '/W3' with '/W4'
[10.875s] [22/24] Linking CXX shared library us_msg__rosidl_typesupport_fastrtps_c.dll
[14.437s] [23/24] Building CXX object CMakeFiles\us_msg_matlab.dir\src\us_msg_StampedArray_message.cpp.obj
[14.437s] C:\Users\Mateo-drr\Documents\ALU---Autonomous-Lung-Ultrasound\ros2Packages\matlab_msg_gen\win64\src\us_msg\src\us_msg_StampedArray_message.cpp(28): warning C4275: non dll-interface class 'MATLABROS2MsgInterfaceBase' used as base for dll-interface class 'MATLABROS2MsgInterface<us_msg::msg::StampedArray>'
[14.437s] C:\Program Files\MATLAB\R2023b\toolbox\ros\include\ros2\MATLABROS2MsgInterface.hpp(50): note: see declaration of 'MATLABROS2MsgInterfaceBase'
[14.437s] C:\Program Files\MATLAB\R2023b\toolbox\ros\include\ros2\MATLABROS2MsgInterface.hpp(104): note: see declaration of 'MATLABROS2MsgInterface<us_msg::msg::StampedArray>'
[14.437s] C:\Users\Mateo-drr\Documents\ALU---Autonomous-Lung-Ultrasound\ros2Packages\matlab_msg_gen\win64\src\us_msg\src\us_msg_StampedArray_message.cpp(75): warning C4275: non dll-interface class 'ROS2MsgElementInterfaceFactory' used as base for dll-interface class 'ros2_us_msg_StampedArray_message'
[14.437s] C:\Program Files\MATLAB\R2023b\toolbox\ros\include\ros2\MATLABROS2MsgInterface.hpp(55): note: see declaration of 'ROS2MsgElementInterfaceFactory'
[14.437s] C:\Users\Mateo-drr\Documents\ALU---Autonomous-Lung-Ultrasound\ros2Packages\matlab_msg_gen\win64\src\us_msg\src\us_msg_StampedArray_message.cpp(75): note: see declaration of 'ros2_us_msg_StampedArray_message'
[14.593s] [24/24] Linking CXX shared library us_msg_matlab.dll
[14.593s] Invoked command in 'C:\Users\Mateo-drr\Documents\ALU---Autonomous-Lung-Ultrasound\ros2Packages\matlab_msg_gen\win64\build\us_msg' returned '0': C:\Program Files\MATLAB\R2023b\bin\win64\cmake\bin\cmake.EXE --build C:\Users\Mateo-drr\Documents\ALU---Autonomous-Lung-Ultrasound\ros2Packages\matlab_msg_gen\win64\build\us_msg -- -j8 -l8
[14.656s] Invoking command in 'C:\Users\Mateo-drr\Documents\ALU---Autonomous-Lung-Ultrasound\ros2Packages\matlab_msg_gen\win64\build\us_msg': C:\Program Files\MATLAB\R2023b\bin\win64\cmake\bin\cmake.EXE --install C:\Users\Mateo-drr\Documents\ALU---Autonomous-Lung-Ultrasound\ros2Packages\matlab_msg_gen\win64\build\us_msg
[14.671s] -- Install configuration: "Release"
[14.671s] -- Installing: C:/Users/Mateo-drr/Documents/ALU---Autonomous-Lung-Ultrasound/ros2Packages/matlab_msg_gen/win64/install/share/ament_index/resource_index/rosidl_interfaces/us_msg
[14.671s] -- Installing: C:/Users/Mateo-drr/Documents/ALU---Autonomous-Lung-Ultrasound/ros2Packages/matlab_msg_gen/win64/install/include/us_msg/us_msg
[14.671s] -- Installing: C:/Users/Mateo-drr/Documents/ALU---Autonomous-Lung-Ultrasound/ros2Packages/matlab_msg_gen/win64/install/include/us_msg/us_msg/msg
[14.671s] -- Installing: C:/Users/Mateo-drr/Documents/ALU---Autonomous-Lung-Ultrasound/ros2Packages/matlab_msg_gen/win64/install/include/us_msg/us_msg/msg/detail
[14.671s] -- Installing: C:/Users/Mateo-drr/Documents/ALU---Autonomous-Lung-Ultrasound/ros2Packages/matlab_msg_gen/win64/install/include/us_msg/us_msg/msg/detail/stamped_array__functions.c
[14.687s] -- Installing: C:/Users/Mateo-drr/Documents/ALU---Autonomous-Lung-Ultrasound/ros2Packages/matlab_msg_gen/win64/install/include/us_msg/us_msg/msg/detail/stamped_array__functions.h
[14.687s] -- Installing: C:/Users/Mateo-drr/Documents/ALU---Autonomous-Lung-Ultrasound/ros2Packages/matlab_msg_gen/win64/install/include/us_msg/us_msg/msg/detail/stamped_array__struct.h
[14.703s] -- Installing: C:/Users/Mateo-drr/Documents/ALU---Autonomous-Lung-Ultrasound/ros2Packages/matlab_msg_gen/win64/install/include/us_msg/us_msg/msg/detail/stamped_array__type_support.h
[14.703s] -- Installing: C:/Users/Mateo-drr/Documents/ALU---Autonomous-Lung-Ultrasound/ros2Packages/matlab_msg_gen/win64/install/include/us_msg/us_msg/msg/rosidl_generator_c__visibility_control.h
[14.703s] -- Installing: C:/Users/Mateo-drr/Documents/ALU---Autonomous-Lung-Ultrasound/ros2Packages/matlab_msg_gen/win64/install/include/us_msg/us_msg/msg/stamped_array.h
[14.703s] -- Installing: C:/Users/Mateo-drr/Documents/ALU---Autonomous-Lung-Ultrasound/ros2Packages/matlab_msg_gen/win64/install/lib/us_msg__rosidl_generator_c.lib
[14.703s] -- Installing: C:/Users/Mateo-drr/Documents/ALU---Autonomous-Lung-Ultrasound/ros2Packages/matlab_msg_gen/win64/install/bin/us_msg__rosidl_generator_c.dll
[14.703s] -- Up-to-date: C:/Users/Mateo-drr/Documents/ALU---Autonomous-Lung-Ultrasound/ros2Packages/matlab_msg_gen/win64/install/include/us_msg/us_msg
[14.703s] -- Up-to-date: C:/Users/Mateo-drr/Documents/ALU---Autonomous-Lung-Ultrasound/ros2Packages/matlab_msg_gen/win64/install/include/us_msg/us_msg/msg
[14.703s] -- Up-to-date: C:/Users/Mateo-drr/Documents/ALU---Autonomous-Lung-Ultrasound/ros2Packages/matlab_msg_gen/win64/install/include/us_msg/us_msg/msg/detail
[14.703s] -- Installing: C:/Users/Mateo-drr/Documents/ALU---Autonomous-Lung-Ultrasound/ros2Packages/matlab_msg_gen/win64/install/include/us_msg/us_msg/msg/detail/stamped_array__rosidl_typesupport_fastrtps_c.h
[14.718s] -- Installing: C:/Users/Mateo-drr/Documents/ALU---Autonomous-Lung-Ultrasound/ros2Packages/matlab_msg_gen/win64/install/include/us_msg/us_msg/msg/rosidl_typesupport_fastrtps_c__visibility_control.h
[14.718s] -- Installing: C:/Users/Mateo-drr/Documents/ALU---Autonomous-Lung-Ultrasound/ros2Packages/matlab_msg_gen/win64/install/lib/us_msg__rosidl_typesupport_fastrtps_c.lib
[14.718s] -- Installing: C:/Users/Mateo-drr/Documents/ALU---Autonomous-Lung-Ultrasound/ros2Packages/matlab_msg_gen/win64/install/bin/us_msg__rosidl_typesupport_fastrtps_c.dll
[14.718s] -- Up-to-date: C:/Users/Mateo-drr/Documents/ALU---Autonomous-Lung-Ultrasound/ros2Packages/matlab_msg_gen/win64/install/include/us_msg/us_msg
[14.718s] -- Up-to-date: C:/Users/Mateo-drr/Documents/ALU---Autonomous-Lung-Ultrasound/ros2Packages/matlab_msg_gen/win64/install/include/us_msg/us_msg/msg
[14.718s] -- Up-to-date: C:/Users/Mateo-drr/Documents/ALU---Autonomous-Lung-Ultrasound/ros2Packages/matlab_msg_gen/win64/install/include/us_msg/us_msg/msg/detail
[14.734s] -- Installing: C:/Users/Mateo-drr/Documents/ALU---Autonomous-Lung-Ultrasound/ros2Packages/matlab_msg_gen/win64/install/include/us_msg/us_msg/msg/detail/stamped_array__rosidl_typesupport_introspection_c.h
[14.734s] -- Installing: C:/Users/Mateo-drr/Documents/ALU---Autonomous-Lung-Ultrasound/ros2Packages/matlab_msg_gen/win64/install/include/us_msg/us_msg/msg/detail/stamped_array__type_support.c
[14.734s] -- Installing: C:/Users/Mateo-drr/Documents/ALU---Autonomous-Lung-Ultrasound/ros2Packages/matlab_msg_gen/win64/install/include/us_msg/us_msg/msg/rosidl_typesupport_introspection_c__visibility_control.h
[14.734s] -- Installing: C:/Users/Mateo-drr/Documents/ALU---Autonomous-Lung-Ultrasound/ros2Packages/matlab_msg_gen/win64/install/lib/us_msg__rosidl_typesupport_introspection_c.lib
[14.734s] -- Installing: C:/Users/Mateo-drr/Documents/ALU---Autonomous-Lung-Ultrasound/ros2Packages/matlab_msg_gen/win64/install/bin/us_msg__rosidl_typesupport_introspection_c.dll
[14.734s] -- Installing: C:/Users/Mateo-drr/Documents/ALU---Autonomous-Lung-Ultrasound/ros2Packages/matlab_msg_gen/win64/install/lib/us_msg__rosidl_typesupport_c.lib
[14.734s] -- Installing: C:/Users/Mateo-drr/Documents/ALU---Autonomous-Lung-Ultrasound/ros2Packages/matlab_msg_gen/win64/install/bin/us_msg__rosidl_typesupport_c.dll
[14.734s] -- Up-to-date: C:/Users/Mateo-drr/Documents/ALU---Autonomous-Lung-Ultrasound/ros2Packages/matlab_msg_gen/win64/install/include/us_msg/us_msg
[14.734s] -- Up-to-date: C:/Users/Mateo-drr/Documents/ALU---Autonomous-Lung-Ultrasound/ros2Packages/matlab_msg_gen/win64/install/include/us_msg/us_msg/msg
[14.734s] -- Up-to-date: C:/Users/Mateo-drr/Documents/ALU---Autonomous-Lung-Ultrasound/ros2Packages/matlab_msg_gen/win64/install/include/us_msg/us_msg/msg/detail
[14.750s] -- Installing: C:/Users/Mateo-drr/Documents/ALU---Autonomous-Lung-Ultrasound/ros2Packages/matlab_msg_gen/win64/install/include/us_msg/us_msg/msg/detail/stamped_array__builder.hpp
[14.750s] -- Installing: C:/Users/Mateo-drr/Documents/ALU---Autonomous-Lung-Ultrasound/ros2Packages/matlab_msg_gen/win64/install/include/us_msg/us_msg/msg/detail/stamped_array__struct.hpp
[14.750s] -- Installing: C:/Users/Mateo-drr/Documents/ALU---Autonomous-Lung-Ultrasound/ros2Packages/matlab_msg_gen/win64/install/include/us_msg/us_msg/msg/detail/stamped_array__traits.hpp
[14.750s] -- Installing: C:/Users/Mateo-drr/Documents/ALU---Autonomous-Lung-Ultrasound/ros2Packages/matlab_msg_gen/win64/install/include/us_msg/us_msg/msg/stamped_array.hpp
[14.750s] -- Up-to-date: C:/Users/Mateo-drr/Documents/ALU---Autonomous-Lung-Ultrasound/ros2Packages/matlab_msg_gen/win64/install/include/us_msg/us_msg
[14.750s] -- Up-to-date: C:/Users/Mateo-drr/Documents/ALU---Autonomous-Lung-Ultrasound/ros2Packages/matlab_msg_gen/win64/install/include/us_msg/us_msg/msg
[14.750s] -- Up-to-date: C:/Users/Mateo-drr/Documents/ALU---Autonomous-Lung-Ultrasound/ros2Packages/matlab_msg_gen/win64/install/include/us_msg/us_msg/msg/detail
[14.750s] -- Installing: C:/Users/Mateo-drr/Documents/ALU---Autonomous-Lung-Ultrasound/ros2Packages/matlab_msg_gen/win64/install/include/us_msg/us_msg/msg/detail/dds_fastrtps
[14.765s] -- Installing: C:/Users/Mateo-drr/Documents/ALU---Autonomous-Lung-Ultrasound/ros2Packages/matlab_msg_gen/win64/install/include/us_msg/us_msg/msg/detail/stamped_array__rosidl_typesupport_fastrtps_cpp.hpp
[14.765s] -- Installing: C:/Users/Mateo-drr/Documents/ALU---Autonomous-Lung-Ultrasound/ros2Packages/matlab_msg_gen/win64/install/include/us_msg/us_msg/msg/rosidl_typesupport_fastrtps_cpp__visibility_control.h
[14.765s] -- Installing: C:/Users/Mateo-drr/Documents/ALU---Autonomous-Lung-Ultrasound/ros2Packages/matlab_msg_gen/win64/install/lib/us_msg__rosidl_typesupport_fastrtps_cpp.lib
[14.765s] -- Installing: C:/Users/Mateo-drr/Documents/ALU---Autonomous-Lung-Ultrasound/ros2Packages/matlab_msg_gen/win64/install/bin/us_msg__rosidl_typesupport_fastrtps_cpp.dll
[14.765s] -- Up-to-date: C:/Users/Mateo-drr/Documents/ALU---Autonomous-Lung-Ultrasound/ros2Packages/matlab_msg_gen/win64/install/include/us_msg/us_msg
[14.765s] -- Up-to-date: C:/Users/Mateo-drr/Documents/ALU---Autonomous-Lung-Ultrasound/ros2Packages/matlab_msg_gen/win64/install/include/us_msg/us_msg/msg
[14.765s] -- Up-to-date: C:/Users/Mateo-drr/Documents/ALU---Autonomous-Lung-Ultrasound/ros2Packages/matlab_msg_gen/win64/install/include/us_msg/us_msg/msg/detail
[14.781s] -- Installing: C:/Users/Mateo-drr/Documents/ALU---Autonomous-Lung-Ultrasound/ros2Packages/matlab_msg_gen/win64/install/include/us_msg/us_msg/msg/detail/stamped_array__rosidl_typesupport_introspection_cpp.hpp
[14.781s] -- Installing: C:/Users/Mateo-drr/Documents/ALU---Autonomous-Lung-Ultrasound/ros2Packages/matlab_msg_gen/win64/install/include/us_msg/us_msg/msg/detail/stamped_array__type_support.cpp
[14.781s] -- Installing: C:/Users/Mateo-drr/Documents/ALU---Autonomous-Lung-Ultrasound/ros2Packages/matlab_msg_gen/win64/install/lib/us_msg__rosidl_typesupport_introspection_cpp.lib
[14.781s] -- Installing: C:/Users/Mateo-drr/Documents/ALU---Autonomous-Lung-Ultrasound/ros2Packages/matlab_msg_gen/win64/install/bin/us_msg__rosidl_typesupport_introspection_cpp.dll
[14.781s] -- Installing: C:/Users/Mateo-drr/Documents/ALU---Autonomous-Lung-Ultrasound/ros2Packages/matlab_msg_gen/win64/install/lib/us_msg__rosidl_typesupport_cpp.lib
[14.781s] -- Installing: C:/Users/Mateo-drr/Documents/ALU---Autonomous-Lung-Ultrasound/ros2Packages/matlab_msg_gen/win64/install/bin/us_msg__rosidl_typesupport_cpp.dll
[14.781s] -- Installing: C:/Users/Mateo-drr/Documents/ALU---Autonomous-Lung-Ultrasound/ros2Packages/matlab_msg_gen/win64/install/share/us_msg/msg/StampedArray.idl
[14.781s] -- Installing: C:/Users/Mateo-drr/Documents/ALU---Autonomous-Lung-Ultrasound/ros2Packages/matlab_msg_gen/win64/install/share/us_msg/msg/StampedArray.msg
[14.781s] -- Up-to-date: C:/Users/Mateo-drr/Documents/ALU---Autonomous-Lung-Ultrasound/ros2Packages/matlab_msg_gen/win64/install/include
[14.796s] -- Up-to-date: C:/Users/Mateo-drr/Documents/ALU---Autonomous-Lung-Ultrasound/ros2Packages/matlab_msg_gen/win64/install/include/us_msg
[14.796s] -- Installing: C:/Users/Mateo-drr/Documents/ALU---Autonomous-Lung-Ultrasound/ros2Packages/matlab_msg_gen/win64/install/include/us_msg/visibility_control.h
[14.796s] -- Installing: C:/Users/Mateo-drr/Documents/ALU---Autonomous-Lung-Ultrasound/ros2Packages/matlab_msg_gen/win64/install/lib/us_msg_matlab.lib
[14.796s] -- Installing: C:/Users/Mateo-drr/Documents/ALU---Autonomous-Lung-Ultrasound/ros2Packages/matlab_msg_gen/win64/install/bin/us_msg_matlab.dll
[14.796s] -- Installing: C:/Users/Mateo-drr/Documents/ALU---Autonomous-Lung-Ultrasound/ros2Packages/matlab_msg_gen/win64/install/m/
[14.796s] -- Installing: C:/Users/Mateo-drr/Documents/ALU---Autonomous-Lung-Ultrasound/ros2Packages/matlab_msg_gen/win64/install/m//+ros
[14.796s] -- Installing: C:/Users/Mateo-drr/Documents/ALU---Autonomous-Lung-Ultrasound/ros2Packages/matlab_msg_gen/win64/install/m//+ros/+internal
[14.796s] -- Installing: C:/Users/Mateo-drr/Documents/ALU---Autonomous-Lung-Ultrasound/ros2Packages/matlab_msg_gen/win64/install/m//+ros/+internal/+ros2
[14.796s] -- Installing: C:/Users/Mateo-drr/Documents/ALU---Autonomous-Lung-Ultrasound/ros2Packages/matlab_msg_gen/win64/install/m//+ros/+internal/+ros2/+custommessages
[14.796s] -- Installing: C:/Users/Mateo-drr/Documents/ALU---Autonomous-Lung-Ultrasound/ros2Packages/matlab_msg_gen/win64/install/m//+ros/+internal/+ros2/+custommessages/+us_msg
[14.796s] -- Installing: C:/Users/Mateo-drr/Documents/ALU---Autonomous-Lung-Ultrasound/ros2Packages/matlab_msg_gen/win64/install/m//+ros/+internal/+ros2/+custommessages/+us_msg/stampedArray.m
[14.796s] -- Installing: C:/Users/Mateo-drr/Documents/ALU---Autonomous-Lung-Ultrasound/ros2Packages/matlab_msg_gen/win64/install/m//+ros/+internal/+ros2/+custommessages/+us_msg/us_msg_msg_StampedArray_1To2_Converter.m
[14.812s] -- Installing: C:/Users/Mateo-drr/Documents/ALU---Autonomous-Lung-Ultrasound/ros2Packages/matlab_msg_gen/win64/install/m//+ros/+internal/+ros2/+custommessages/+us_msg/us_msg_msg_StampedArray_2To1_Converter.m
[14.812s] -- Installing: C:/Users/Mateo-drr/Documents/ALU---Autonomous-Lung-Ultrasound/ros2Packages/matlab_msg_gen/win64/install/share/ament_index/resource_index/package_run_dependencies/us_msg
[14.812s] -- Installing: C:/Users/Mateo-drr/Documents/ALU---Autonomous-Lung-Ultrasound/ros2Packages/matlab_msg_gen/win64/install/share/ament_index/resource_index/parent_prefix_path/us_msg
[14.812s] -- Installing: C:/Users/Mateo-drr/Documents/ALU---Autonomous-Lung-Ultrasound/ros2Packages/matlab_msg_gen/win64/install/share/us_msg/environment/ament_prefix_path.bat
[14.812s] -- Installing: C:/Users/Mateo-drr/Documents/ALU---Autonomous-Lung-Ultrasound/ros2Packages/matlab_msg_gen/win64/install/share/us_msg/environment/ament_prefix_path.dsv
[14.812s] -- Installing: C:/Users/Mateo-drr/Documents/ALU---Autonomous-Lung-Ultrasound/ros2Packages/matlab_msg_gen/win64/install/share/us_msg/environment/path.bat
[14.812s] -- Installing: C:/Users/Mateo-drr/Documents/ALU---Autonomous-Lung-Ultrasound/ros2Packages/matlab_msg_gen/win64/install/share/us_msg/environment/path.dsv
[14.828s] -- Installing: C:/Users/Mateo-drr/Documents/ALU---Autonomous-Lung-Ultrasound/ros2Packages/matlab_msg_gen/win64/install/share/us_msg/local_setup.bat
[14.828s] -- Installing: C:/Users/Mateo-drr/Documents/ALU---Autonomous-Lung-Ultrasound/ros2Packages/matlab_msg_gen/win64/install/share/us_msg/local_setup.dsv
[14.828s] -- Installing: C:/Users/Mateo-drr/Documents/ALU---Autonomous-Lung-Ultrasound/ros2Packages/matlab_msg_gen/win64/install/share/us_msg/package.dsv
[14.828s] -- Installing: C:/Users/Mateo-drr/Documents/ALU---Autonomous-Lung-Ultrasound/ros2Packages/matlab_msg_gen/win64/install/share/ament_index/resource_index/packages/us_msg
[14.843s] -- Installing: C:/Users/Mateo-drr/Documents/ALU---Autonomous-Lung-Ultrasound/ros2Packages/matlab_msg_gen/win64/install/share/us_msg/cmake/export_us_msg__rosidl_generator_cExport.cmake
[14.843s] -- Installing: C:/Users/Mateo-drr/Documents/ALU---Autonomous-Lung-Ultrasound/ros2Packages/matlab_msg_gen/win64/install/share/us_msg/cmake/export_us_msg__rosidl_generator_cExport-release.cmake
[14.843s] -- Installing: C:/Users/Mateo-drr/Documents/ALU---Autonomous-Lung-Ultrasound/ros2Packages/matlab_msg_gen/win64/install/share/us_msg/cmake/export_us_msg__rosidl_typesupport_fastrtps_cExport.cmake
[14.859s] -- Installing: C:/Users/Mateo-drr/Documents/ALU---Autonomous-Lung-Ultrasound/ros2Packages/matlab_msg_gen/win64/install/share/us_msg/cmake/export_us_msg__rosidl_typesupport_fastrtps_cExport-release.cmake
[14.859s] -- Installing: C:/Users/Mateo-drr/Documents/ALU---Autonomous-Lung-Ultrasound/ros2Packages/matlab_msg_gen/win64/install/share/us_msg/cmake/us_msg__rosidl_typesupport_introspection_cExport.cmake
[14.875s] -- Installing: C:/Users/Mateo-drr/Documents/ALU---Autonomous-Lung-Ultrasound/ros2Packages/matlab_msg_gen/win64/install/share/us_msg/cmake/us_msg__rosidl_typesupport_introspection_cExport-release.cmake
[14.875s] -- Installing: C:/Users/Mateo-drr/Documents/ALU---Autonomous-Lung-Ultrasound/ros2Packages/matlab_msg_gen/win64/install/share/us_msg/cmake/us_msg__rosidl_typesupport_cExport.cmake
[14.875s] -- Installing: C:/Users/Mateo-drr/Documents/ALU---Autonomous-Lung-Ultrasound/ros2Packages/matlab_msg_gen/win64/install/share/us_msg/cmake/us_msg__rosidl_typesupport_cExport-release.cmake
[14.875s] -- Installing: C:/Users/Mateo-drr/Documents/ALU---Autonomous-Lung-Ultrasound/ros2Packages/matlab_msg_gen/win64/install/share/us_msg/cmake/export_us_msg__rosidl_generator_cppExport.cmake
[14.890s] -- Installing: C:/Users/Mateo-drr/Documents/ALU---Autonomous-Lung-Ultrasound/ros2Packages/matlab_msg_gen/win64/install/share/us_msg/cmake/export_us_msg__rosidl_typesupport_fastrtps_cppExport.cmake
[14.890s] -- Installing: C:/Users/Mateo-drr/Documents/ALU---Autonomous-Lung-Ultrasound/ros2Packages/matlab_msg_gen/win64/install/share/us_msg/cmake/export_us_msg__rosidl_typesupport_fastrtps_cppExport-release.cmake
[14.890s] -- Installing: C:/Users/Mateo-drr/Documents/ALU---Autonomous-Lung-Ultrasound/ros2Packages/matlab_msg_gen/win64/install/share/us_msg/cmake/us_msg__rosidl_typesupport_introspection_cppExport.cmake
[14.890s] -- Installing: C:/Users/Mateo-drr/Documents/ALU---Autonomous-Lung-Ultrasound/ros2Packages/matlab_msg_gen/win64/install/share/us_msg/cmake/us_msg__rosidl_typesupport_introspection_cppExport-release.cmake
[14.906s] -- Installing: C:/Users/Mateo-drr/Documents/ALU---Autonomous-Lung-Ultrasound/ros2Packages/matlab_msg_gen/win64/install/share/us_msg/cmake/us_msg__rosidl_typesupport_cppExport.cmake
[14.906s] -- Installing: C:/Users/Mateo-drr/Documents/ALU---Autonomous-Lung-Ultrasound/ros2Packages/matlab_msg_gen/win64/install/share/us_msg/cmake/us_msg__rosidl_typesupport_cppExport-release.cmake
[14.906s] -- Installing: C:/Users/Mateo-drr/Documents/ALU---Autonomous-Lung-Ultrasound/ros2Packages/matlab_msg_gen/win64/install/share/us_msg/cmake/rosidl_cmake-extras.cmake
[14.906s] -- Installing: C:/Users/Mateo-drr/Documents/ALU---Autonomous-Lung-Ultrasound/ros2Packages/matlab_msg_gen/win64/install/share/us_msg/cmake/ament_cmake_export_dependencies-extras.cmake
[14.921s] -- Installing: C:/Users/Mateo-drr/Documents/ALU---Autonomous-Lung-Ultrasound/ros2Packages/matlab_msg_gen/win64/install/share/us_msg/cmake/ament_cmake_export_include_directories-extras.cmake
[14.921s] -- Installing: C:/Users/Mateo-drr/Documents/ALU---Autonomous-Lung-Ultrasound/ros2Packages/matlab_msg_gen/win64/install/share/us_msg/cmake/ament_cmake_export_libraries-extras.cmake
[14.921s] -- Installing: C:/Users/Mateo-drr/Documents/ALU---Autonomous-Lung-Ultrasound/ros2Packages/matlab_msg_gen/win64/install/share/us_msg/cmake/ament_cmake_export_targets-extras.cmake
[14.921s] -- Installing: C:/Users/Mateo-drr/Documents/ALU---Autonomous-Lung-Ultrasound/ros2Packages/matlab_msg_gen/win64/install/share/us_msg/cmake/rosidl_cmake_export_typesupport_targets-extras.cmake
[14.921s] -- Installing: C:/Users/Mateo-drr/Documents/ALU---Autonomous-Lung-Ultrasound/ros2Packages/matlab_msg_gen/win64/install/share/us_msg/cmake/rosidl_cmake_export_typesupport_libraries-extras.cmake
[14.921s] -- Installing: C:/Users/Mateo-drr/Documents/ALU---Autonomous-Lung-Ultrasound/ros2Packages/matlab_msg_gen/win64/install/share/us_msg/cmake/us_msgConfig.cmake
[14.921s] -- Installing: C:/Users/Mateo-drr/Documents/ALU---Autonomous-Lung-Ultrasound/ros2Packages/matlab_msg_gen/win64/install/share/us_msg/cmake/us_msgConfig-version.cmake
[14.921s] -- Installing: C:/Users/Mateo-drr/Documents/ALU---Autonomous-Lung-Ultrasound/ros2Packages/matlab_msg_gen/win64/install/share/us_msg/package.xml
[14.921s] Invoked command in 'C:\Users\Mateo-drr\Documents\ALU---Autonomous-Lung-Ultrasound\ros2Packages\matlab_msg_gen\win64\build\us_msg' returned '0': C:\Program Files\MATLAB\R2023b\bin\win64\cmake\bin\cmake.EXE --install C:\Users\Mateo-drr\Documents\ALU---Autonomous-Lung-Ultrasound\ros2Packages\matlab_msg_gen\win64\build\us_msg
