[0.000000] (-) TimerEvent: {}
[0.000000] (us_msg) JobQueued: {'identifier': 'us_msg', 'dependencies': OrderedDict()}
[0.000000] (us_msg) JobStarted: {'identifier': 'us_msg'}
[0.062000] (us_msg) JobProgress: {'identifier': 'us_msg', 'progress': 'cmake'}
[0.062000] (us_msg) Command: {'cmd': ['C:\\Program Files\\MATLAB\\R2023b\\bin\\win64\\cmake\\bin\\cmake.EXE', 'C:\\Users\\Mateo-drr\\Documents\\ALU---Autonomous-Lung-Ultrasound\\ros2Packages\\matlab_msg_gen\\win64\\src\\us_msg', '-DCMAKE_BUILD_TYPE=Release', '-DBUILD_TESTING=OFF', '-DALIAS_ROS2_TF2=1', '-DCMAKE_CXX_FLAGS_RELEASE=/MD /Od /Ob2 /DNDEBUG', '-G', 'Ninja', '-DCMAKE_INSTALL_PREFIX=C:\\Users\\Mateo-drr\\Documents\\ALU---Autonomous-Lung-Ultrasound\\ros2Packages\\matlab_msg_gen\\win64\\install'], 'cwd': 'C:\\Users\\Mateo-drr\\Documents\\ALU---Autonomous-Lung-Ultrasound\\ros2Packages\\matlab_msg_gen\\win64\\build\\us_msg', 'env': OrderedDict([('ACTUAL_CMD_PARAM', 'build  --merge-install  --cmake-args -DCMAKE_BUILD_TYPE=Release -DBUILD_TESTING=OFF  -DALIAS_ROS2_TF2=1  -DCMAKE_CXX_FLAGS_RELEASE="/MD /Od /Ob2 /DNDEBUG"   -G Ninja'), ('ACTUAL_ENV_CMD_PARAM', '"C:\\Program Files\\MATLAB\\R2023b\\bin\\win64\\cmake\\bin" build  --merge-install  --cmake-args -DCMAKE_BUILD_TYPE=Release -DBUILD_TESTING=OFF  -DALIAS_ROS2_TF2=1  -DCMAKE_CXX_FLAGS_RELEASE="/MD /Od /Ob2 /DNDEBUG"   -G Ninja'), ('ALLUSERSPROFILE', 'C:\\ProgramData'), ('AMENT_PREFIX_PATH', 'C:\\Program Files\\MATLAB\\R2023b\\sys\\ros2\\win64\\ros2;C:\\Program Files\\MATLAB\\R2023b\\sys\\ros2\\win64\\ros2'), ('APPDATA', 'C:\\Users\\Mateo-drr\\AppData\\Roaming'), ('ChocolateyInstall', 'C:\\ProgramData\\chocolatey'), ('ChocolateyLastPathUpdate', '133537735014685055'), ('CMAKE_PATH', 'C:\\Program Files\\MATLAB\\R2023b\\bin\\win64\\cmake\\bin'), ('CMAKE_PREFIX_PATH', 'C:\\Program Files\\MATLAB\\R2023b\\sys\\ros2\\win64\\ros2;C:\\Program Files\\MATLAB\\R2023b\\sys\\ros2\\win64\\ros2'), ('COLCON', '1'), ('COLCON_PREFIX_PATH', 'C:\\Program Files\\MATLAB\\R2023b\\sys\\ros2\\win64\\ros2;C:\\Program Files\\MATLAB\\R2023b\\sys\\ros2\\win64\\ros2'), ('CommandPromptType', 'Cross'), ('CommonProgramFiles', 'C:\\Program Files\\Common Files'), ('CommonProgramFiles(x86)', 'C:\\Program Files (x86)\\Common Files'), ('CommonProgramW6432', 'C:\\Program Files\\Common Files'), ('COMPUTERNAME', 'DESKTOP-24KBHOO'), ('ComSpec', 'C:\\Windows\\system32\\cmd.exe'), ('CUDA_PATH', 'C:\\Program Files\\NVIDIA GPU Computing Toolkit\\CUDA\\v12.1'), ('CUDA_PATH_V12_1', 'C:\\Program Files\\NVIDIA GPU Computing Toolkit\\CUDA\\v12.1'), ('CUSTOM_AMENT_PREFIX_PATH', 'C:\\Program Files\\MATLAB\\R2023b\\sys\\ros2\\win64\\ros2'), ('DevEnvDir', 'C:\\Program Files (x86)\\Microsoft Visual Studio\\2022\\BuildTools\\Common7\\IDE\\'), ('DriverData', 'C:\\Windows\\System32\\Drivers\\DriverData'), ('ExtensionSdkDir', 'C:\\Program Files (x86)\\Microsoft SDKs\\Windows Kits\\10\\ExtensionSDKs'), ('EXTERNAL_INCLUDE', 'C:\\Program Files (x86)\\Microsoft Visual Studio\\2022\\BuildTools\\VC\\Tools\\MSVC\\14.39.33519\\include;C:\\Program Files (x86)\\Microsoft Visual Studio\\2022\\BuildTools\\VC\\Auxiliary\\VS\\include;C:\\Program Files (x86)\\Windows Kits\\10\\include\\10.0.22621.0\\ucrt;C:\\Program Files (x86)\\Windows Kits\\10\\\\include\\10.0.22621.0\\\\um;C:\\Program Files (x86)\\Windows Kits\\10\\\\include\\10.0.22621.0\\\\shared;C:\\Program Files (x86)\\Windows Kits\\10\\\\include\\10.0.22621.0\\\\winrt;C:\\Program Files (x86)\\Windows Kits\\10\\\\include\\10.0.22621.0\\\\cppwinrt'), ('FPS_BROWSER_APP_PROFILE_STRING', 'Internet Explorer'), ('FPS_BROWSER_USER_PROFILE_STRING', 'Default'), ('Framework40Version', 'v4.0'), ('FrameworkDir', 'C:\\Windows\\Microsoft.NET\\Framework\\'), ('FrameworkDir32', 'C:\\Windows\\Microsoft.NET\\Framework\\'), ('FrameworkDir64', 'C:\\Windows\\Microsoft.NET\\Framework64\\'), ('FrameworkVersion', 'v4.0.30319'), ('FrameworkVersion32', 'v4.0.30319'), ('FrameworkVersion64', 'v4.0.30319'), ('HOMEDRIVE', 'C:'), ('HOMEPATH', '\\Users\\Mateo-drr'), ('ICU_TIMEZONE_FILES_DIR', 'C:\\Program Files\\MATLAB\\R2023b/bin/icutzdata'), ('INCLUDE', 'C:\\Program Files (x86)\\Microsoft Visual Studio\\2022\\BuildTools\\VC\\Tools\\MSVC\\14.39.33519\\include;C:\\Program Files (x86)\\Microsoft Visual Studio\\2022\\BuildTools\\VC\\Auxiliary\\VS\\include;C:\\Program Files (x86)\\Windows Kits\\10\\include\\10.0.22621.0\\ucrt;C:\\Program Files (x86)\\Windows Kits\\10\\\\include\\10.0.22621.0\\\\um;C:\\Program Files (x86)\\Windows Kits\\10\\\\include\\10.0.22621.0\\\\shared;C:\\Program Files (x86)\\Windows Kits\\10\\\\include\\10.0.22621.0\\\\winrt;C:\\Program Files (x86)\\Windows Kits\\10\\\\include\\10.0.22621.0\\\\cppwinrt'), ('KMP_HANDLE_SIGNALS', '0'), ('LIB', 'C:\\Program Files (x86)\\Microsoft Visual Studio\\2022\\BuildTools\\VC\\Tools\\MSVC\\14.39.33519\\lib\\x64;C:\\Program Files (x86)\\Windows Kits\\10\\lib\\10.0.22621.0\\ucrt\\x64;C:\\Program Files (x86)\\Windows Kits\\10\\\\lib\\10.0.22621.0\\\\um\\x64'), ('LIBPATH', 'C:\\Program Files (x86)\\Microsoft Visual Studio\\2022\\BuildTools\\VC\\Tools\\MSVC\\14.39.33519\\lib\\x64;C:\\Program Files (x86)\\Microsoft Visual Studio\\2022\\BuildTools\\VC\\Tools\\MSVC\\14.39.33519\\lib\\x86\\store\\references;C:\\Program Files (x86)\\Windows Kits\\10\\UnionMetadata\\10.0.22621.0;C:\\Program Files (x86)\\Windows Kits\\10\\References\\10.0.22621.0;C:\\Windows\\Microsoft.NET\\Framework\\v4.0.30319'), ('LOCALAPPDATA', 'C:\\Users\\Mateo-drr\\AppData\\Local'), ('LOGONSERVER', '\\\\DESKTOP-24KBHOO'), ('MATLAB_ARCH', 'win64'), ('NUMBER_OF_PROCESSORS', '8'), ('OneDrive', 'C:\\Users\\Mateo-drr\\OneDrive'), ('OpenCV_DIR', 'C:\\opencv'), ('OPENSSL_CONF', 'C:\\Program Files\\OpenSSL-Win64\\bin\\openssl.cfg'), ('OS', 'Windows_NT'), ('Path', 'C:\\Program Files\\MATLAB\\R2023b\\bin\\win64\\cmake\\bin;;C:\\Program Files\\MATLAB\\R2023b\\sys\\ros2\\win64\\ros2\\Scripts;C:\\Program Files\\MATLAB\\R2023b\\sys\\ros2\\win64\\ros2\\bin;C:\\Program Files (x86)\\Microsoft Visual Studio\\2022\\BuildTools\\VC\\Tools\\MSVC\\14.39.33519\\bin\\HostX86\\x64;C:\\Program Files (x86)\\Microsoft Visual Studio\\2022\\BuildTools\\VC\\Tools\\MSVC\\14.39.33519\\bin\\HostX86\\x86;C:\\Program Files (x86)\\Microsoft Visual Studio\\2022\\BuildTools\\Common7\\IDE\\VC\\VCPackages;C:\\Program Files (x86)\\Microsoft Visual Studio\\2022\\BuildTools\\Common7\\IDE\\CommonExtensions\\Microsoft\\TestWindow;C:\\Program Files (x86)\\Microsoft Visual Studio\\2022\\BuildTools\\MSBuild\\Current\\bin\\Roslyn;C:\\Program Files (x86)\\Windows Kits\\10\\bin\\10.0.22621.0\\\\x86;C:\\Program Files (x86)\\Windows Kits\\10\\bin\\\\x86;C:\\Program Files (x86)\\Microsoft Visual Studio\\2022\\BuildTools\\\\MSBuild\\Current\\Bin\\amd64;C:\\Windows\\Microsoft.NET\\Framework\\v4.0.30319;C:\\Program Files (x86)\\Microsoft Visual Studio\\2022\\BuildTools\\Common7\\IDE\\;C:\\Program Files (x86)\\Microsoft Visual Studio\\2022\\BuildTools\\Common7\\Tools\\;C:\\Users\\Mateo-drr\\AppData\\Roaming\\MathWorks\\MATLAB\\R2023b\\ros2\\win64\\venv\\Scripts;C:\\Program Files\\MATLAB\\R2023b\\bin\\win64;C:\\Program Files\\MATLAB\\R2023b\\toolbox\\shared\\coder\\ninja\\win64;C:\\Python38\\Scripts\\;C:\\Python38\\;C:\\Program Files\\NVIDIA GPU Computing Toolkit\\CUDA\\v12.1\\bin;C:\\Program Files\\NVIDIA GPU Computing Toolkit\\CUDA\\v12.1\\libnvvp;C:\\Windows\\system32;C:\\Windows;C:\\Windows\\System32\\Wbem;C:\\Windows\\System32\\WindowsPowerShell\\v1.0\\;C:\\Windows\\System32\\OpenSSH\\;C:\\Program Files\\NVIDIA Corporation\\NVIDIA NvDLISR;C:\\Program Files\\NVIDIA Corporation\\Nsight Compute 2023.1.0\\;C:\\Program Files (x86)\\NVIDIA Corporation\\PhysX\\Common;C:\\Program Files\\Git\\cmd;C:\\ProgramData\\chocolatey\\bin;C:\\Program Files\\OpenSSL-Win64\\bin\\;C:\\Program Files\\CMake\\bin;C:\\ProgramData\\chocolatey\\lib\\cunit\\lib;C:\\ProgramData\\chocolatey\\lib\\tinyxml2\\lib;C:\\ProgramData\\chocolatey\\lib\\bullet\\lib;C:\\Program Files\\Graphviz\\bin;C:\\ProgramData\\chocolatey\\lib\\python;C:\\Program Files\\MATLAB\\R2023b\\bin;C:\\dev\\ros2;C:\\Program Files\\dotnet\\;C:\\Swig\\swig;C:\\Users\\Mateo-drr\\AppData\\Local\\Microsoft\\WindowsApps;C:\\Users\\Mateo-drr\\AppData\\Local\\atom\\bin;C:\\Program Files (x86)\\Microsoft Visual Studio\\2022\\BuildTools\\Common7\\IDE\\CommonExtensions\\Microsoft\\CMake\\CMake\\bin;C:\\Program Files (x86)\\Microsoft Visual Studio\\2022\\BuildTools\\Common7\\IDE\\CommonExtensions\\Microsoft\\CMake\\Ninja;C:\\Program Files (x86)\\Microsoft Visual Studio\\2022\\BuildTools\\Common7\\IDE\\VC\\Linux\\bin\\ConnectionManagerExe'), ('PATHEXT', '.COM;.EXE;.BAT;.CMD;.VBS;.VBE;.JS;.JSE;.WSF;.WSH;.MSC;.PY;.PYW'), ('PKG_CONFIG_PATH', '"C:\\Program Files\\MATLAB\\R2023b\\sys\\ros2\\win64\\ros2\\lib\\pkgconfig"'), ('Platform', 'x64'), ('PROCESSOR_ARCHITECTURE', 'AMD64'), ('PROCESSOR_IDENTIFIER', 'Intel64 Family 6 Model 151 Stepping 5, GenuineIntel'), ('PROCESSOR_LEVEL', '6'), ('PROCESSOR_REVISION', '9705'), ('ProgramData', 'C:\\ProgramData'), ('ProgramFiles', 'C:\\Program Files'), ('ProgramFiles(x86)', 'C:\\Program Files (x86)'), ('ProgramW6432', 'C:\\Program Files'), ('PROMPT', '(venv) $P$G'), ('PSModulePath', 'C:\\Program Files\\WindowsPowerShell\\Modules;C:\\Windows\\system32\\WindowsPowerShell\\v1.0\\Modules'), ('PUBLIC', 'C:\\Users\\Public'), ('PYTHONPATH', ';C:\\Program Files\\MATLAB\\R2023b\\sys\\ros2\\win64\\ros2\\lib\\site-packages;C:\\Users\\Mateo-drr\\AppData\\Roaming\\MathWorks\\MATLAB\\R2023b\\ros2\\win64\\venv\\lib\\site-packages'), ('PYTHON_VENV_PATH', 'C:\\Users\\Mateo-drr\\AppData\\Roaming\\MathWorks\\MATLAB\\R2023b\\ros2\\win64\\venv'), ('Qt5_DIR', 'C:\\Qt\\Qt5.12.12\\5.12.12\\msvc2017_64'), ('QT_QPA_PLATFORM_PLUGIN_PATH', 'C:\\Qt\\Qt5.12.12\\5.12.12\\msvc2017_64\\plugins\\platforms'), ('ROS_DISTRO', 'humble'), ('SESSIONNAME', 'Console'), ('SystemDrive', 'C:'), ('SystemRoot', 'C:\\Windows'), ('TEMP', 'C:\\Users\\MATEO-~1\\AppData\\Local\\Temp'), ('TMP', 'C:\\Users\\MATEO-~1\\AppData\\Local\\Temp'), ('UCRTVersion', '10.0.22621.0'), ('UniversalCRTSdkDir', 'C:\\Program Files (x86)\\Windows Kits\\10\\'), ('USERDOMAIN', 'DESKTOP-24KBHOO'), ('USERDOMAIN_ROAMINGPROFILE', 'DESKTOP-24KBHOO'), ('USERNAME', 'Mateo-drr'), ('USERPROFILE', 'C:\\Users\\Mateo-drr'), ('VCIDEInstallDir', 'C:\\Program Files (x86)\\Microsoft Visual Studio\\2022\\BuildTools\\Common7\\IDE\\VC\\'), ('VCINSTALLDIR', 'C:\\Program Files (x86)\\Microsoft Visual Studio\\2022\\BuildTools\\VC\\'), ('VCToolsInstallDir', 'C:\\Program Files (x86)\\Microsoft Visual Studio\\2022\\BuildTools\\VC\\Tools\\MSVC\\14.39.33519\\'), ('VCToolsRedistDir', 'C:\\Program Files (x86)\\Microsoft Visual Studio\\2022\\BuildTools\\VC\\Redist\\MSVC\\14.38.33135\\'), ('VCToolsVersion', '14.39.33519'), ('VCVARS_CMD', '"C:\\Program Files (x86)\\Microsoft Visual Studio\\2022\\BuildTools\\VC\\Auxiliary\\Build\\VCVARSALL.BAT"'), ('VIRTUAL_ENV', 'C:\\Users\\Mateo-drr\\AppData\\Roaming\\MathWorks\\MATLAB\\R2023b\\ros2\\win64\\venv'), ('VisualStudioVersion', '17.0'), ('VS170COMNTOOLS', 'C:\\Program Files (x86)\\Microsoft Visual Studio\\2022\\BuildTools\\Common7\\Tools\\'), ('VSCMD_ARG_app_plat', 'Desktop'), ('VSCMD_ARG_HOST_ARCH', 'x86'), ('VSCMD_ARG_TGT_ARCH', 'x64'), ('VSCMD_VER', '17.9.2'), ('VSINSTALLDIR', 'C:\\Program Files (x86)\\Microsoft Visual Studio\\2022\\BuildTools\\'), ('windir', 'C:\\Windows'), ('WindowsLibPath', 'C:\\Program Files (x86)\\Windows Kits\\10\\UnionMetadata\\10.0.22621.0;C:\\Program Files (x86)\\Windows Kits\\10\\References\\10.0.22621.0'), ('WindowsSdkBinPath', 'C:\\Program Files (x86)\\Windows Kits\\10\\bin\\'), ('WindowsSdkDir', 'C:\\Program Files (x86)\\Windows Kits\\10\\'), ('WindowsSDKLibVersion', '10.0.22621.0\\'), ('WindowsSdkVerBinPath', 'C:\\Program Files (x86)\\Windows Kits\\10\\bin\\10.0.22621.0\\'), ('WindowsSDKVersion', '10.0.22621.0\\'), ('_all', '"C:\\Program Files (x86)\\Microsoft Visual Studio\\2022\\BuildTools\\VC\\Auxiliary\\Build\\VCVARSALL.BAT" "C:\\Program Files\\MATLAB\\R2023b\\sys\\ros2\\win64\\ros2" "C:\\Users\\Mateo-drr\\AppData\\Roaming\\MathWorks\\MATLAB\\R2023b\\ros2\\win64\\venv" "C:\\Program Files\\MATLAB\\R2023b\\bin\\win64\\cmake\\bin" build  --merge-install  --cmake-args -DCMAKE_BUILD_TYPE=Release -DBUILD_TESTING=OFF  -DALIAS_ROS2_TF2=1  -DCMAKE_CXX_FLAGS_RELEASE="/MD /Od /Ob2 /DNDEBUG"   -G Ninja'), ('_OLD_VIRTUAL_PATH', 'C:\\Program Files\\MATLAB\\R2023b\\bin\\win64;C:\\Program Files\\MATLAB\\R2023b\\toolbox\\shared\\coder\\ninja\\win64;C:\\Python38\\Scripts\\;C:\\Python38\\;C:\\Program Files\\NVIDIA GPU Computing Toolkit\\CUDA\\v12.1\\bin;C:\\Program Files\\NVIDIA GPU Computing Toolkit\\CUDA\\v12.1\\libnvvp;C:\\Windows\\system32;C:\\Windows;C:\\Windows\\System32\\Wbem;C:\\Windows\\System32\\WindowsPowerShell\\v1.0\\;C:\\Windows\\System32\\OpenSSH\\;C:\\Program Files\\NVIDIA Corporation\\NVIDIA NvDLISR;C:\\Program Files\\NVIDIA Corporation\\Nsight Compute 2023.1.0\\;C:\\Program Files (x86)\\NVIDIA Corporation\\PhysX\\Common;C:\\Program Files\\Git\\cmd;C:\\ProgramData\\chocolatey\\bin;C:\\Program Files\\OpenSSL-Win64\\bin\\;C:\\Program Files\\CMake\\bin;C:\\ProgramData\\chocolatey\\lib\\cunit\\lib;C:\\ProgramData\\chocolatey\\lib\\tinyxml2\\lib;C:\\ProgramData\\chocolatey\\lib\\bullet\\lib;C:\\Program Files\\Graphviz\\bin;C:\\ProgramData\\chocolatey\\lib\\python;C:\\Program Files\\MATLAB\\R2023b\\bin;C:\\dev\\ros2;C:\\Program Files\\dotnet\\;C:\\Swig\\swig;C:\\Users\\Mateo-drr\\AppData\\Local\\Microsoft\\WindowsApps;C:\\Users\\Mateo-drr\\AppData\\Local\\atom\\bin'), ('_OLD_VIRTUAL_PROMPT', '$P$G'), ('__DOTNET_ADD_32BIT', '1'), ('__DOTNET_ADD_64BIT', '1'), ('__DOTNET_PREFERRED_BITNESS', '32'), ('__KMP_REGISTERED_LIB_2600', '00007FFCFD404D04-cafe6a56-libiomp5md.dll'), ('__VSCMD_PREINIT_PATH', 'C:\\Users\\Mateo-drr\\AppData\\Roaming\\MathWorks\\MATLAB\\R2023b\\ros2\\win64\\venv\\Scripts;C:\\Program Files\\MATLAB\\R2023b\\bin\\win64;C:\\Program Files\\MATLAB\\R2023b\\toolbox\\shared\\coder\\ninja\\win64;C:\\Python38\\Scripts\\;C:\\Python38\\;C:\\Program Files\\NVIDIA GPU Computing Toolkit\\CUDA\\v12.1\\bin;C:\\Program Files\\NVIDIA GPU Computing Toolkit\\CUDA\\v12.1\\libnvvp;C:\\Windows\\system32;C:\\Windows;C:\\Windows\\System32\\Wbem;C:\\Windows\\System32\\WindowsPowerShell\\v1.0\\;C:\\Windows\\System32\\OpenSSH\\;C:\\Program Files\\NVIDIA Corporation\\NVIDIA NvDLISR;C:\\Program Files\\NVIDIA Corporation\\Nsight Compute 2023.1.0\\;C:\\Program Files (x86)\\NVIDIA Corporation\\PhysX\\Common;C:\\Program Files\\Git\\cmd;C:\\ProgramData\\chocolatey\\bin;C:\\Program Files\\OpenSSL-Win64\\bin\\;C:\\Program Files\\CMake\\bin;C:\\ProgramData\\chocolatey\\lib\\cunit\\lib;C:\\ProgramData\\chocolatey\\lib\\tinyxml2\\lib;C:\\ProgramData\\chocolatey\\lib\\bullet\\lib;C:\\Program Files\\Graphviz\\bin;C:\\ProgramData\\chocolatey\\lib\\python;C:\\Program Files\\MATLAB\\R2023b\\bin;C:\\dev\\ros2;C:\\Program Files\\dotnet\\;C:\\Swig\\swig;C:\\Users\\Mateo-drr\\AppData\\Local\\Microsoft\\WindowsApps;C:\\Users\\Mateo-drr\\AppData\\Local\\atom\\bin')]), 'shell': False}
[0.109000] (-) TimerEvent: {}
[0.218000] (-) TimerEvent: {}
[0.328000] (-) TimerEvent: {}
[0.437000] (-) TimerEvent: {}
[0.546000] (-) TimerEvent: {}
[0.656000] (-) TimerEvent: {}
[0.718000] (us_msg) StdoutLine: {'line': b'-- The C compiler identification is MSVC 19.39.33521.0\n'}
[0.765000] (-) TimerEvent: {}
[0.875000] (-) TimerEvent: {}
[0.968000] (us_msg) StdoutLine: {'line': b'-- The CXX compiler identification is MSVC 19.39.33521.0\n'}
[0.984000] (-) TimerEvent: {}
[1.078000] (us_msg) StdoutLine: {'line': b'-- Detecting C compiler ABI info\n'}
[1.109000] (-) TimerEvent: {}
[1.218000] (-) TimerEvent: {}
[1.328000] (-) TimerEvent: {}
[1.453000] (-) TimerEvent: {}
[1.562000] (-) TimerEvent: {}
[1.671000] (-) TimerEvent: {}
[1.734000] (us_msg) StdoutLine: {'line': b'-- Detecting C compiler ABI info - done\n'}
[1.734000] (us_msg) StdoutLine: {'line': b'-- Check for working C compiler: C:/Program Files (x86)/Microsoft Visual Studio/2022/BuildTools/VC/Tools/MSVC/14.39.33519/bin/Hostx86/x64/cl.exe - skipped\n'}
[1.734000] (us_msg) StdoutLine: {'line': b'-- Detecting C compile features\n'}
[1.750000] (us_msg) StdoutLine: {'line': b'-- Detecting C compile features - done\n'}
[1.781000] (us_msg) StdoutLine: {'line': b'-- Detecting CXX compiler ABI info\n'}
[1.781000] (-) TimerEvent: {}
[1.890000] (-) TimerEvent: {}
[2.015000] (-) TimerEvent: {}
[2.125000] (-) TimerEvent: {}
[2.125000] (us_msg) StdoutLine: {'line': b'-- Detecting CXX compiler ABI info - done\n'}
[2.140000] (us_msg) StdoutLine: {'line': b'-- Check for working CXX compiler: C:/Program Files (x86)/Microsoft Visual Studio/2022/BuildTools/VC/Tools/MSVC/14.39.33519/bin/Hostx86/x64/cl.exe - skipped\n'}
[2.140000] (us_msg) StdoutLine: {'line': b'-- Detecting CXX compile features\n'}
[2.140000] (us_msg) StdoutLine: {'line': b'-- Detecting CXX compile features - done\n'}
[2.156000] (us_msg) StdoutLine: {'line': b'-- Found ament_cmake: 1.3.3 (C:/Program Files/MATLAB/R2023b/sys/ros2/win64/ros2/share/ament_cmake/cmake)\n'}
[2.234000] (-) TimerEvent: {}
[2.359000] (-) TimerEvent: {}
[2.468000] (-) TimerEvent: {}
[2.578000] (-) TimerEvent: {}
[2.703000] (-) TimerEvent: {}
[2.812000] (-) TimerEvent: {}
[2.921000] (-) TimerEvent: {}
[3.031000] (-) TimerEvent: {}
[3.156000] (-) TimerEvent: {}
[3.265000] (-) TimerEvent: {}
[3.375000] (-) TimerEvent: {}
[3.484000] (-) TimerEvent: {}
[3.593000] (-) TimerEvent: {}
[3.718000] (-) TimerEvent: {}
[3.828000] (-) TimerEvent: {}
[3.937000] (-) TimerEvent: {}
[4.062000] (-) TimerEvent: {}
[4.171000] (-) TimerEvent: {}
[4.281000] (-) TimerEvent: {}
[4.406000] (-) TimerEvent: {}
[4.515000] (-) TimerEvent: {}
[4.625000] (-) TimerEvent: {}
[4.734000] (-) TimerEvent: {}
[4.843000] (-) TimerEvent: {}
[4.953000] (-) TimerEvent: {}
[4.953000] (us_msg) StdoutLine: {'line': b'-- Found Python3: C:/Users/Mateo-drr/AppData/Roaming/MathWorks/MATLAB/R2023b/ros2/win64/venv/Scripts/python.exe (found version "3.8.3") found components: Interpreter \n'}
[5.078000] (-) TimerEvent: {}
[5.187000] (-) TimerEvent: {}
[5.296000] (-) TimerEvent: {}
[5.390000] (us_msg) StdoutLine: {'line': b'-- Found ament_cmake_ros: 0.10.0 (C:/Program Files/MATLAB/R2023b/sys/ros2/win64/ros2/share/ament_cmake_ros/cmake)\n'}
[5.421000] (-) TimerEvent: {}
[5.500000] (us_msg) StdoutLine: {'line': b'-- Found rosidl_typesupport_c: 2.0.0 (C:/Program Files/MATLAB/R2023b/sys/ros2/win64/ros2/share/rosidl_typesupport_c/cmake)\n'}
[5.515000] (us_msg) StdoutLine: {'line': b'-- Using all available rosidl_typesupport_c: rosidl_typesupport_fastrtps_c;rosidl_typesupport_introspection_c\n'}
[5.531000] (-) TimerEvent: {}
[5.562000] (us_msg) StdoutLine: {'line': b'-- Found rosidl_adapter: 3.1.4 (C:/Program Files/MATLAB/R2023b/sys/ros2/win64/ros2/share/rosidl_adapter/cmake)\n'}
[5.640000] (-) TimerEvent: {}
[5.750000] (-) TimerEvent: {}
[5.859000] (-) TimerEvent: {}
[5.890000] (us_msg) StdoutLine: {'line': b'-- Found rosidl_typesupport_cpp: 2.0.0 (C:/Program Files/MATLAB/R2023b/sys/ros2/win64/ros2/share/rosidl_typesupport_cpp/cmake)\n'}
[5.890000] (us_msg) StdoutLine: {'line': b'-- Using all available rosidl_typesupport_cpp: rosidl_typesupport_fastrtps_cpp;rosidl_typesupport_introspection_cpp\n'}
[5.984000] (-) TimerEvent: {}
[6.093000] (-) TimerEvent: {}
[6.125000] (us_msg) StdoutLine: {'line': b'-- Found rosidl_default_generators: 1.2.0 (C:/Program Files/MATLAB/R2023b/sys/ros2/win64/ros2/share/rosidl_default_generators/cmake)\n'}
[6.156000] (us_msg) StdoutLine: {'line': b'-- Found builtin_interfaces: 1.2.1 (C:/Program Files/MATLAB/R2023b/sys/ros2/win64/ros2/share/builtin_interfaces/cmake)\n'}
[6.203000] (-) TimerEvent: {}
[6.281000] (us_msg) StdoutLine: {'line': b'-- Found class_loader: 2.2.0 (C:/Program Files/MATLAB/R2023b/sys/ros2/win64/ros2/share/class_loader/cmake)\n'}
[6.312000] (-) TimerEvent: {}
[6.328000] (us_msg) StdoutLine: {'line': b'-- Found rclcpp: 16.0.3 (C:/Program Files/MATLAB/R2023b/sys/ros2/win64/ros2/share/rclcpp/cmake)\n'}
[6.421000] (-) TimerEvent: {}
[6.546000] (-) TimerEvent: {}
[6.656000] (-) TimerEvent: {}
[6.750000] (us_msg) StdoutLine: {'line': b'-- Found rmw_implementation_cmake: 6.1.1 (C:/Program Files/MATLAB/R2023b/sys/ros2/win64/ros2/share/rmw_implementation_cmake/cmake)\n'}
[6.765000] (-) TimerEvent: {}
[6.781000] (us_msg) StdoutLine: {'line': b'-- Found rmw_fastrtps_cpp: 6.2.2 (C:/Program Files/MATLAB/R2023b/sys/ros2/win64/ros2/share/rmw_fastrtps_cpp/cmake)\n'}
[6.890000] (-) TimerEvent: {}
[7.000000] (-) TimerEvent: {}
[7.109000] (-) TimerEvent: {}
[7.140000] (us_msg) StdoutLine: {'line': b'-- Found FastRTPS: C:/Program Files/MATLAB/R2023b/sys/ros2/win64/ros2/include  \n'}
[7.171000] (us_msg) StdoutLine: {'line': b"-- Using RMW implementation 'rmw_fastrtps_cpp' as default\n"}
[7.218000] (-) TimerEvent: {}
[7.250000] (us_msg) StdoutLine: {'line': b'-- Performing Test CMAKE_HAVE_LIBC_PTHREAD\n'}
[7.343000] (-) TimerEvent: {}
[7.343000] (us_msg) StdoutLine: {'line': b'-- Performing Test CMAKE_HAVE_LIBC_PTHREAD - Failed\n'}
[7.343000] (us_msg) StdoutLine: {'line': b'-- Looking for pthread_create in pthreads\n'}
[7.453000] (-) TimerEvent: {}
[7.500000] (us_msg) StdoutLine: {'line': b'-- Looking for pthread_create in pthreads - not found\n'}
[7.500000] (us_msg) StdoutLine: {'line': b'-- Looking for pthread_create in pthread\n'}
[7.562000] (-) TimerEvent: {}
[7.625000] (us_msg) StdoutLine: {'line': b'-- Looking for pthread_create in pthread - not found\n'}
[7.625000] (us_msg) StdoutLine: {'line': b'-- Found Threads: TRUE  \n'}
[7.671000] (-) TimerEvent: {}
[7.781000] (-) TimerEvent: {}
[7.906000] (-) TimerEvent: {}
[7.968000] (us_msg) StdoutLine: {'line': b'-- Found std_msgs: 4.2.3 (C:/Program Files/MATLAB/R2023b/sys/ros2/win64/ros2/share/std_msgs/cmake)\n'}
[8.015000] (-) TimerEvent: {}
[8.125000] (-) TimerEvent: {}
[8.234000] (-) TimerEvent: {}
[8.343000] (-) TimerEvent: {}
[8.468000] (-) TimerEvent: {}
[8.578000] (-) TimerEvent: {}
[8.671000] (us_msg) StdoutLine: {'line': b'-- Using all available rosidl_typesupport_c: rosidl_typesupport_fastrtps_c;rosidl_typesupport_introspection_c\n'}
[8.687000] (-) TimerEvent: {}
[8.812000] (-) TimerEvent: {}
[8.921000] (-) TimerEvent: {}
[8.953000] (us_msg) StdoutLine: {'line': b'-- Using all available rosidl_typesupport_cpp: rosidl_typesupport_fastrtps_cpp;rosidl_typesupport_introspection_cpp\n'}
[9.031000] (-) TimerEvent: {}
[9.125000] (us_msg) StdoutLine: {'line': b'-- Configuring done\n'}
[9.140000] (-) TimerEvent: {}
[9.250000] (-) TimerEvent: {}
[9.359000] (us_msg) StdoutLine: {'line': b'-- Generating done\n'}
[9.359000] (-) TimerEvent: {}
[9.406000] (us_msg) StdoutLine: {'line': b'-- Build files have been written to: C:/Users/Mateo-drr/Documents/ALU---Autonomous-Lung-Ultrasound/ros2Packages/matlab_msg_gen/win64/build/us_msg\n'}
[9.421000] (us_msg) CommandEnded: {'returncode': 0}
[9.421000] (us_msg) JobProgress: {'identifier': 'us_msg', 'progress': 'build'}
[9.421000] (us_msg) Command: {'cmd': ['C:\\Program Files\\MATLAB\\R2023b\\bin\\win64\\cmake\\bin\\cmake.EXE', '--build', 'C:\\Users\\Mateo-drr\\Documents\\ALU---Autonomous-Lung-Ultrasound\\ros2Packages\\matlab_msg_gen\\win64\\build\\us_msg', '--', '-j8', '-l8'], 'cwd': 'C:\\Users\\Mateo-drr\\Documents\\ALU---Autonomous-Lung-Ultrasound\\ros2Packages\\matlab_msg_gen\\win64\\build\\us_msg', 'env': OrderedDict([('ACTUAL_CMD_PARAM', 'build  --merge-install  --cmake-args -DCMAKE_BUILD_TYPE=Release -DBUILD_TESTING=OFF  -DALIAS_ROS2_TF2=1  -DCMAKE_CXX_FLAGS_RELEASE="/MD /Od /Ob2 /DNDEBUG"   -G Ninja'), ('ACTUAL_ENV_CMD_PARAM', '"C:\\Program Files\\MATLAB\\R2023b\\bin\\win64\\cmake\\bin" build  --merge-install  --cmake-args -DCMAKE_BUILD_TYPE=Release -DBUILD_TESTING=OFF  -DALIAS_ROS2_TF2=1  -DCMAKE_CXX_FLAGS_RELEASE="/MD /Od /Ob2 /DNDEBUG"   -G Ninja'), ('ALLUSERSPROFILE', 'C:\\ProgramData'), ('AMENT_PREFIX_PATH', 'C:\\Program Files\\MATLAB\\R2023b\\sys\\ros2\\win64\\ros2;C:\\Program Files\\MATLAB\\R2023b\\sys\\ros2\\win64\\ros2'), ('APPDATA', 'C:\\Users\\Mateo-drr\\AppData\\Roaming'), ('ChocolateyInstall', 'C:\\ProgramData\\chocolatey'), ('ChocolateyLastPathUpdate', '133537735014685055'), ('CMAKE_PATH', 'C:\\Program Files\\MATLAB\\R2023b\\bin\\win64\\cmake\\bin'), ('CMAKE_PREFIX_PATH', 'C:\\Program Files\\MATLAB\\R2023b\\sys\\ros2\\win64\\ros2;C:\\Program Files\\MATLAB\\R2023b\\sys\\ros2\\win64\\ros2'), ('COLCON', '1'), ('COLCON_PREFIX_PATH', 'C:\\Program Files\\MATLAB\\R2023b\\sys\\ros2\\win64\\ros2;C:\\Program Files\\MATLAB\\R2023b\\sys\\ros2\\win64\\ros2'), ('CommandPromptType', 'Cross'), ('CommonProgramFiles', 'C:\\Program Files\\Common Files'), ('CommonProgramFiles(x86)', 'C:\\Program Files (x86)\\Common Files'), ('CommonProgramW6432', 'C:\\Program Files\\Common Files'), ('COMPUTERNAME', 'DESKTOP-24KBHOO'), ('ComSpec', 'C:\\Windows\\system32\\cmd.exe'), ('CUDA_PATH', 'C:\\Program Files\\NVIDIA GPU Computing Toolkit\\CUDA\\v12.1'), ('CUDA_PATH_V12_1', 'C:\\Program Files\\NVIDIA GPU Computing Toolkit\\CUDA\\v12.1'), ('CUSTOM_AMENT_PREFIX_PATH', 'C:\\Program Files\\MATLAB\\R2023b\\sys\\ros2\\win64\\ros2'), ('DevEnvDir', 'C:\\Program Files (x86)\\Microsoft Visual Studio\\2022\\BuildTools\\Common7\\IDE\\'), ('DriverData', 'C:\\Windows\\System32\\Drivers\\DriverData'), ('ExtensionSdkDir', 'C:\\Program Files (x86)\\Microsoft SDKs\\Windows Kits\\10\\ExtensionSDKs'), ('EXTERNAL_INCLUDE', 'C:\\Program Files (x86)\\Microsoft Visual Studio\\2022\\BuildTools\\VC\\Tools\\MSVC\\14.39.33519\\include;C:\\Program Files (x86)\\Microsoft Visual Studio\\2022\\BuildTools\\VC\\Auxiliary\\VS\\include;C:\\Program Files (x86)\\Windows Kits\\10\\include\\10.0.22621.0\\ucrt;C:\\Program Files (x86)\\Windows Kits\\10\\\\include\\10.0.22621.0\\\\um;C:\\Program Files (x86)\\Windows Kits\\10\\\\include\\10.0.22621.0\\\\shared;C:\\Program Files (x86)\\Windows Kits\\10\\\\include\\10.0.22621.0\\\\winrt;C:\\Program Files (x86)\\Windows Kits\\10\\\\include\\10.0.22621.0\\\\cppwinrt'), ('FPS_BROWSER_APP_PROFILE_STRING', 'Internet Explorer'), ('FPS_BROWSER_USER_PROFILE_STRING', 'Default'), ('Framework40Version', 'v4.0'), ('FrameworkDir', 'C:\\Windows\\Microsoft.NET\\Framework\\'), ('FrameworkDir32', 'C:\\Windows\\Microsoft.NET\\Framework\\'), ('FrameworkDir64', 'C:\\Windows\\Microsoft.NET\\Framework64\\'), ('FrameworkVersion', 'v4.0.30319'), ('FrameworkVersion32', 'v4.0.30319'), ('FrameworkVersion64', 'v4.0.30319'), ('HOMEDRIVE', 'C:'), ('HOMEPATH', '\\Users\\Mateo-drr'), ('ICU_TIMEZONE_FILES_DIR', 'C:\\Program Files\\MATLAB\\R2023b/bin/icutzdata'), ('INCLUDE', 'C:\\Program Files (x86)\\Microsoft Visual Studio\\2022\\BuildTools\\VC\\Tools\\MSVC\\14.39.33519\\include;C:\\Program Files (x86)\\Microsoft Visual Studio\\2022\\BuildTools\\VC\\Auxiliary\\VS\\include;C:\\Program Files (x86)\\Windows Kits\\10\\include\\10.0.22621.0\\ucrt;C:\\Program Files (x86)\\Windows Kits\\10\\\\include\\10.0.22621.0\\\\um;C:\\Program Files (x86)\\Windows Kits\\10\\\\include\\10.0.22621.0\\\\shared;C:\\Program Files (x86)\\Windows Kits\\10\\\\include\\10.0.22621.0\\\\winrt;C:\\Program Files (x86)\\Windows Kits\\10\\\\include\\10.0.22621.0\\\\cppwinrt'), ('KMP_HANDLE_SIGNALS', '0'), ('LIB', 'C:\\Program Files (x86)\\Microsoft Visual Studio\\2022\\BuildTools\\VC\\Tools\\MSVC\\14.39.33519\\lib\\x64;C:\\Program Files (x86)\\Windows Kits\\10\\lib\\10.0.22621.0\\ucrt\\x64;C:\\Program Files (x86)\\Windows Kits\\10\\\\lib\\10.0.22621.0\\\\um\\x64'), ('LIBPATH', 'C:\\Program Files (x86)\\Microsoft Visual Studio\\2022\\BuildTools\\VC\\Tools\\MSVC\\14.39.33519\\lib\\x64;C:\\Program Files (x86)\\Microsoft Visual Studio\\2022\\BuildTools\\VC\\Tools\\MSVC\\14.39.33519\\lib\\x86\\store\\references;C:\\Program Files (x86)\\Windows Kits\\10\\UnionMetadata\\10.0.22621.0;C:\\Program Files (x86)\\Windows Kits\\10\\References\\10.0.22621.0;C:\\Windows\\Microsoft.NET\\Framework\\v4.0.30319'), ('LOCALAPPDATA', 'C:\\Users\\Mateo-drr\\AppData\\Local'), ('LOGONSERVER', '\\\\DESKTOP-24KBHOO'), ('MATLAB_ARCH', 'win64'), ('NUMBER_OF_PROCESSORS', '8'), ('OneDrive', 'C:\\Users\\Mateo-drr\\OneDrive'), ('OpenCV_DIR', 'C:\\opencv'), ('OPENSSL_CONF', 'C:\\Program Files\\OpenSSL-Win64\\bin\\openssl.cfg'), ('OS', 'Windows_NT'), ('Path', 'C:\\Program Files\\MATLAB\\R2023b\\bin\\win64\\cmake\\bin;;C:\\Program Files\\MATLAB\\R2023b\\sys\\ros2\\win64\\ros2\\Scripts;C:\\Program Files\\MATLAB\\R2023b\\sys\\ros2\\win64\\ros2\\bin;C:\\Program Files (x86)\\Microsoft Visual Studio\\2022\\BuildTools\\VC\\Tools\\MSVC\\14.39.33519\\bin\\HostX86\\x64;C:\\Program Files (x86)\\Microsoft Visual Studio\\2022\\BuildTools\\VC\\Tools\\MSVC\\14.39.33519\\bin\\HostX86\\x86;C:\\Program Files (x86)\\Microsoft Visual Studio\\2022\\BuildTools\\Common7\\IDE\\VC\\VCPackages;C:\\Program Files (x86)\\Microsoft Visual Studio\\2022\\BuildTools\\Common7\\IDE\\CommonExtensions\\Microsoft\\TestWindow;C:\\Program Files (x86)\\Microsoft Visual Studio\\2022\\BuildTools\\MSBuild\\Current\\bin\\Roslyn;C:\\Program Files (x86)\\Windows Kits\\10\\bin\\10.0.22621.0\\\\x86;C:\\Program Files (x86)\\Windows Kits\\10\\bin\\\\x86;C:\\Program Files (x86)\\Microsoft Visual Studio\\2022\\BuildTools\\\\MSBuild\\Current\\Bin\\amd64;C:\\Windows\\Microsoft.NET\\Framework\\v4.0.30319;C:\\Program Files (x86)\\Microsoft Visual Studio\\2022\\BuildTools\\Common7\\IDE\\;C:\\Program Files (x86)\\Microsoft Visual Studio\\2022\\BuildTools\\Common7\\Tools\\;C:\\Users\\Mateo-drr\\AppData\\Roaming\\MathWorks\\MATLAB\\R2023b\\ros2\\win64\\venv\\Scripts;C:\\Program Files\\MATLAB\\R2023b\\bin\\win64;C:\\Program Files\\MATLAB\\R2023b\\toolbox\\shared\\coder\\ninja\\win64;C:\\Python38\\Scripts\\;C:\\Python38\\;C:\\Program Files\\NVIDIA GPU Computing Toolkit\\CUDA\\v12.1\\bin;C:\\Program Files\\NVIDIA GPU Computing Toolkit\\CUDA\\v12.1\\libnvvp;C:\\Windows\\system32;C:\\Windows;C:\\Windows\\System32\\Wbem;C:\\Windows\\System32\\WindowsPowerShell\\v1.0\\;C:\\Windows\\System32\\OpenSSH\\;C:\\Program Files\\NVIDIA Corporation\\NVIDIA NvDLISR;C:\\Program Files\\NVIDIA Corporation\\Nsight Compute 2023.1.0\\;C:\\Program Files (x86)\\NVIDIA Corporation\\PhysX\\Common;C:\\Program Files\\Git\\cmd;C:\\ProgramData\\chocolatey\\bin;C:\\Program Files\\OpenSSL-Win64\\bin\\;C:\\Program Files\\CMake\\bin;C:\\ProgramData\\chocolatey\\lib\\cunit\\lib;C:\\ProgramData\\chocolatey\\lib\\tinyxml2\\lib;C:\\ProgramData\\chocolatey\\lib\\bullet\\lib;C:\\Program Files\\Graphviz\\bin;C:\\ProgramData\\chocolatey\\lib\\python;C:\\Program Files\\MATLAB\\R2023b\\bin;C:\\dev\\ros2;C:\\Program Files\\dotnet\\;C:\\Swig\\swig;C:\\Users\\Mateo-drr\\AppData\\Local\\Microsoft\\WindowsApps;C:\\Users\\Mateo-drr\\AppData\\Local\\atom\\bin;C:\\Program Files (x86)\\Microsoft Visual Studio\\2022\\BuildTools\\Common7\\IDE\\CommonExtensions\\Microsoft\\CMake\\CMake\\bin;C:\\Program Files (x86)\\Microsoft Visual Studio\\2022\\BuildTools\\Common7\\IDE\\CommonExtensions\\Microsoft\\CMake\\Ninja;C:\\Program Files (x86)\\Microsoft Visual Studio\\2022\\BuildTools\\Common7\\IDE\\VC\\Linux\\bin\\ConnectionManagerExe'), ('PATHEXT', '.COM;.EXE;.BAT;.CMD;.VBS;.VBE;.JS;.JSE;.WSF;.WSH;.MSC;.PY;.PYW'), ('PKG_CONFIG_PATH', '"C:\\Program Files\\MATLAB\\R2023b\\sys\\ros2\\win64\\ros2\\lib\\pkgconfig"'), ('Platform', 'x64'), ('PROCESSOR_ARCHITECTURE', 'AMD64'), ('PROCESSOR_IDENTIFIER', 'Intel64 Family 6 Model 151 Stepping 5, GenuineIntel'), ('PROCESSOR_LEVEL', '6'), ('PROCESSOR_REVISION', '9705'), ('ProgramData', 'C:\\ProgramData'), ('ProgramFiles', 'C:\\Program Files'), ('ProgramFiles(x86)', 'C:\\Program Files (x86)'), ('ProgramW6432', 'C:\\Program Files'), ('PROMPT', '(venv) $P$G'), ('PSModulePath', 'C:\\Program Files\\WindowsPowerShell\\Modules;C:\\Windows\\system32\\WindowsPowerShell\\v1.0\\Modules'), ('PUBLIC', 'C:\\Users\\Public'), ('PYTHONPATH', ';C:\\Program Files\\MATLAB\\R2023b\\sys\\ros2\\win64\\ros2\\lib\\site-packages;C:\\Users\\Mateo-drr\\AppData\\Roaming\\MathWorks\\MATLAB\\R2023b\\ros2\\win64\\venv\\lib\\site-packages'), ('PYTHON_VENV_PATH', 'C:\\Users\\Mateo-drr\\AppData\\Roaming\\MathWorks\\MATLAB\\R2023b\\ros2\\win64\\venv'), ('Qt5_DIR', 'C:\\Qt\\Qt5.12.12\\5.12.12\\msvc2017_64'), ('QT_QPA_PLATFORM_PLUGIN_PATH', 'C:\\Qt\\Qt5.12.12\\5.12.12\\msvc2017_64\\plugins\\platforms'), ('ROS_DISTRO', 'humble'), ('SESSIONNAME', 'Console'), ('SystemDrive', 'C:'), ('SystemRoot', 'C:\\Windows'), ('TEMP', 'C:\\Users\\MATEO-~1\\AppData\\Local\\Temp'), ('TMP', 'C:\\Users\\MATEO-~1\\AppData\\Local\\Temp'), ('UCRTVersion', '10.0.22621.0'), ('UniversalCRTSdkDir', 'C:\\Program Files (x86)\\Windows Kits\\10\\'), ('USERDOMAIN', 'DESKTOP-24KBHOO'), ('USERDOMAIN_ROAMINGPROFILE', 'DESKTOP-24KBHOO'), ('USERNAME', 'Mateo-drr'), ('USERPROFILE', 'C:\\Users\\Mateo-drr'), ('VCIDEInstallDir', 'C:\\Program Files (x86)\\Microsoft Visual Studio\\2022\\BuildTools\\Common7\\IDE\\VC\\'), ('VCINSTALLDIR', 'C:\\Program Files (x86)\\Microsoft Visual Studio\\2022\\BuildTools\\VC\\'), ('VCToolsInstallDir', 'C:\\Program Files (x86)\\Microsoft Visual Studio\\2022\\BuildTools\\VC\\Tools\\MSVC\\14.39.33519\\'), ('VCToolsRedistDir', 'C:\\Program Files (x86)\\Microsoft Visual Studio\\2022\\BuildTools\\VC\\Redist\\MSVC\\14.38.33135\\'), ('VCToolsVersion', '14.39.33519'), ('VCVARS_CMD', '"C:\\Program Files (x86)\\Microsoft Visual Studio\\2022\\BuildTools\\VC\\Auxiliary\\Build\\VCVARSALL.BAT"'), ('VIRTUAL_ENV', 'C:\\Users\\Mateo-drr\\AppData\\Roaming\\MathWorks\\MATLAB\\R2023b\\ros2\\win64\\venv'), ('VisualStudioVersion', '17.0'), ('VS170COMNTOOLS', 'C:\\Program Files (x86)\\Microsoft Visual Studio\\2022\\BuildTools\\Common7\\Tools\\'), ('VSCMD_ARG_app_plat', 'Desktop'), ('VSCMD_ARG_HOST_ARCH', 'x86'), ('VSCMD_ARG_TGT_ARCH', 'x64'), ('VSCMD_VER', '17.9.2'), ('VSINSTALLDIR', 'C:\\Program Files (x86)\\Microsoft Visual Studio\\2022\\BuildTools\\'), ('windir', 'C:\\Windows'), ('WindowsLibPath', 'C:\\Program Files (x86)\\Windows Kits\\10\\UnionMetadata\\10.0.22621.0;C:\\Program Files (x86)\\Windows Kits\\10\\References\\10.0.22621.0'), ('WindowsSdkBinPath', 'C:\\Program Files (x86)\\Windows Kits\\10\\bin\\'), ('WindowsSdkDir', 'C:\\Program Files (x86)\\Windows Kits\\10\\'), ('WindowsSDKLibVersion', '10.0.22621.0\\'), ('WindowsSdkVerBinPath', 'C:\\Program Files (x86)\\Windows Kits\\10\\bin\\10.0.22621.0\\'), ('WindowsSDKVersion', '10.0.22621.0\\'), ('_all', '"C:\\Program Files (x86)\\Microsoft Visual Studio\\2022\\BuildTools\\VC\\Auxiliary\\Build\\VCVARSALL.BAT" "C:\\Program Files\\MATLAB\\R2023b\\sys\\ros2\\win64\\ros2" "C:\\Users\\Mateo-drr\\AppData\\Roaming\\MathWorks\\MATLAB\\R2023b\\ros2\\win64\\venv" "C:\\Program Files\\MATLAB\\R2023b\\bin\\win64\\cmake\\bin" build  --merge-install  --cmake-args -DCMAKE_BUILD_TYPE=Release -DBUILD_TESTING=OFF  -DALIAS_ROS2_TF2=1  -DCMAKE_CXX_FLAGS_RELEASE="/MD /Od /Ob2 /DNDEBUG"   -G Ninja'), ('_OLD_VIRTUAL_PATH', 'C:\\Program Files\\MATLAB\\R2023b\\bin\\win64;C:\\Program Files\\MATLAB\\R2023b\\toolbox\\shared\\coder\\ninja\\win64;C:\\Python38\\Scripts\\;C:\\Python38\\;C:\\Program Files\\NVIDIA GPU Computing Toolkit\\CUDA\\v12.1\\bin;C:\\Program Files\\NVIDIA GPU Computing Toolkit\\CUDA\\v12.1\\libnvvp;C:\\Windows\\system32;C:\\Windows;C:\\Windows\\System32\\Wbem;C:\\Windows\\System32\\WindowsPowerShell\\v1.0\\;C:\\Windows\\System32\\OpenSSH\\;C:\\Program Files\\NVIDIA Corporation\\NVIDIA NvDLISR;C:\\Program Files\\NVIDIA Corporation\\Nsight Compute 2023.1.0\\;C:\\Program Files (x86)\\NVIDIA Corporation\\PhysX\\Common;C:\\Program Files\\Git\\cmd;C:\\ProgramData\\chocolatey\\bin;C:\\Program Files\\OpenSSL-Win64\\bin\\;C:\\Program Files\\CMake\\bin;C:\\ProgramData\\chocolatey\\lib\\cunit\\lib;C:\\ProgramData\\chocolatey\\lib\\tinyxml2\\lib;C:\\ProgramData\\chocolatey\\lib\\bullet\\lib;C:\\Program Files\\Graphviz\\bin;C:\\ProgramData\\chocolatey\\lib\\python;C:\\Program Files\\MATLAB\\R2023b\\bin;C:\\dev\\ros2;C:\\Program Files\\dotnet\\;C:\\Swig\\swig;C:\\Users\\Mateo-drr\\AppData\\Local\\Microsoft\\WindowsApps;C:\\Users\\Mateo-drr\\AppData\\Local\\atom\\bin'), ('_OLD_VIRTUAL_PROMPT', '$P$G'), ('__DOTNET_ADD_32BIT', '1'), ('__DOTNET_ADD_64BIT', '1'), ('__DOTNET_PREFERRED_BITNESS', '32'), ('__KMP_REGISTERED_LIB_2600', '00007FFCFD404D04-cafe6a56-libiomp5md.dll'), ('__VSCMD_PREINIT_PATH', 'C:\\Users\\Mateo-drr\\AppData\\Roaming\\MathWorks\\MATLAB\\R2023b\\ros2\\win64\\venv\\Scripts;C:\\Program Files\\MATLAB\\R2023b\\bin\\win64;C:\\Program Files\\MATLAB\\R2023b\\toolbox\\shared\\coder\\ninja\\win64;C:\\Python38\\Scripts\\;C:\\Python38\\;C:\\Program Files\\NVIDIA GPU Computing Toolkit\\CUDA\\v12.1\\bin;C:\\Program Files\\NVIDIA GPU Computing Toolkit\\CUDA\\v12.1\\libnvvp;C:\\Windows\\system32;C:\\Windows;C:\\Windows\\System32\\Wbem;C:\\Windows\\System32\\WindowsPowerShell\\v1.0\\;C:\\Windows\\System32\\OpenSSH\\;C:\\Program Files\\NVIDIA Corporation\\NVIDIA NvDLISR;C:\\Program Files\\NVIDIA Corporation\\Nsight Compute 2023.1.0\\;C:\\Program Files (x86)\\NVIDIA Corporation\\PhysX\\Common;C:\\Program Files\\Git\\cmd;C:\\ProgramData\\chocolatey\\bin;C:\\Program Files\\OpenSSL-Win64\\bin\\;C:\\Program Files\\CMake\\bin;C:\\ProgramData\\chocolatey\\lib\\cunit\\lib;C:\\ProgramData\\chocolatey\\lib\\tinyxml2\\lib;C:\\ProgramData\\chocolatey\\lib\\bullet\\lib;C:\\Program Files\\Graphviz\\bin;C:\\ProgramData\\chocolatey\\lib\\python;C:\\Program Files\\MATLAB\\R2023b\\bin;C:\\dev\\ros2;C:\\Program Files\\dotnet\\;C:\\Swig\\swig;C:\\Users\\Mateo-drr\\AppData\\Local\\Microsoft\\WindowsApps;C:\\Users\\Mateo-drr\\AppData\\Local\\atom\\bin')]), 'shell': False}
[9.468000] (-) TimerEvent: {}
[9.593000] (-) TimerEvent: {}
[9.703000] (-) TimerEvent: {}
[9.718000] (us_msg) StdoutLine: {'line': b'[1/24] Generating C++ code for ROS interfaces\r\n'}
[9.734000] (us_msg) StdoutLine: {'line': b'[2/24] Generating C code for ROS interfaces\r\n'}
[9.812000] (-) TimerEvent: {}
[9.812000] (us_msg) StdoutLine: {'line': b'[3/24] Building C object CMakeFiles\\us_msg__rosidl_generator_c.dir\\rosidl_generator_c\\us_msg\\msg\\detail\\stamped_array__functions.c.obj\r\n'}
[9.937000] (-) TimerEvent: {}
[9.968000] (us_msg) StdoutLine: {'line': b'[4/24] Linking C shared library us_msg__rosidl_generator_c.dll\r\n'}
[10.000000] (us_msg) StdoutLine: {'line': b'[5/24] Generating C++ type support dispatch for ROS interfaces\r\n'}
[10.031000] (us_msg) StdoutLine: {'line': b'[6/24] Generating C++ type support for eProsima Fast-RTPS\r\n'}
[10.046000] (-) TimerEvent: {}
[10.046000] (us_msg) StdoutLine: {'line': b'[7/24] Generating C++ introspection for ROS interfaces\r\n'}
[10.156000] (-) TimerEvent: {}
[10.265000] (-) TimerEvent: {}
[10.312000] (us_msg) StdoutLine: {'line': b'[8/24] Building CXX object CMakeFiles\\us_msg__rosidl_typesupport_cpp.dir\\rosidl_typesupport_cpp\\us_msg\\msg\\stamped_array__type_support.cpp.obj\r\n'}
[10.312000] (us_msg) StdoutLine: {'line': b'[9/24] Generating C type support dispatch for ROS interfaces\r\n'}
[10.343000] (us_msg) StdoutLine: {'line': b'[10/24] Generating C type support for eProsima Fast-RTPS\r\n'}
[10.375000] (us_msg) StdoutLine: {'line': b'[11/24] Generating C introspection for ROS interfaces\r\n'}
[10.375000] (-) TimerEvent: {}
[10.390000] (us_msg) StdoutLine: {'line': b'[12/24] Building CXX object CMakeFiles\\us_msg__rosidl_typesupport_c.dir\\rosidl_typesupport_c\\us_msg\\msg\\stamped_array__type_support.cpp.obj\r\n'}
[10.421000] (us_msg) StdoutLine: {'line': b'[13/24] Building CXX object CMakeFiles\\us_msg__rosidl_typesupport_introspection_cpp.dir\\8d8002990ff38eded81139316ca42f34\\msg\\detail\\stamped_array__type_support.cpp.obj\r\n'}
[10.453000] (us_msg) StdoutLine: {'line': b'[14/24] Building C object CMakeFiles\\us_msg__rosidl_typesupport_introspection_c.dir\\67501f530a7e4c9f2e4af1e491739e0b\\msg\\detail\\stamped_array__type_support.c.obj\r\n'}
[10.484000] (us_msg) StdoutLine: {'line': b'[15/24] Linking CXX shared library us_msg__rosidl_typesupport_cpp.dll\r\n'}
[10.484000] (-) TimerEvent: {}
[10.562000] (us_msg) StdoutLine: {'line': b'[16/24] Building CXX object CMakeFiles\\us_msg__rosidl_typesupport_fastrtps_cpp.dir\\b9960f469590ca2e1b0a74a85c5fd93e\\dds_fastrtps\\stamped_array__type_support.cpp.obj\r\n'}
[10.562000] (us_msg) StdoutLine: {'line': b"cl : Command line warning D9025 : overriding '/W3' with '/W4'\n"}
[10.578000] (us_msg) StdoutLine: {'line': b'[17/24] Linking CXX shared library us_msg__rosidl_typesupport_c.dll\r\n'}
[10.593000] (-) TimerEvent: {}
[10.593000] (us_msg) StdoutLine: {'line': b'[18/24] Linking CXX shared library us_msg__rosidl_typesupport_introspection_cpp.dll\r\n'}
[10.625000] (us_msg) StdoutLine: {'line': b'[19/24] Linking C shared library us_msg__rosidl_typesupport_introspection_c.dll\r\n'}
[10.703000] (us_msg) StdoutLine: {'line': b'[20/24] Linking CXX shared library us_msg__rosidl_typesupport_fastrtps_cpp.dll\r\n'}
[10.703000] (-) TimerEvent: {}
[10.765000] (us_msg) StdoutLine: {'line': b'[21/24] Building CXX object CMakeFiles\\us_msg__rosidl_typesupport_fastrtps_c.dir\\rosidl_typesupport_fastrtps_c\\us_msg\\msg\\detail\\stamped_array__type_support_c.cpp.obj\r\n'}
[10.765000] (us_msg) StdoutLine: {'line': b"cl : Command line warning D9025 : overriding '/W3' with '/W4'\n"}
[10.812000] (-) TimerEvent: {}
[10.875000] (us_msg) StdoutLine: {'line': b'[22/24] Linking CXX shared library us_msg__rosidl_typesupport_fastrtps_c.dll\r\n'}
[10.921000] (-) TimerEvent: {}
[11.046000] (-) TimerEvent: {}
[11.156000] (-) TimerEvent: {}
[11.265000] (-) TimerEvent: {}
[11.390000] (-) TimerEvent: {}
[11.500000] (-) TimerEvent: {}
[11.609000] (-) TimerEvent: {}
[11.718000] (-) TimerEvent: {}
[11.828000] (-) TimerEvent: {}
[11.953000] (-) TimerEvent: {}
[12.062000] (-) TimerEvent: {}
[12.171000] (-) TimerEvent: {}
[12.281000] (-) TimerEvent: {}
[12.390000] (-) TimerEvent: {}
[12.515000] (-) TimerEvent: {}
[12.625000] (-) TimerEvent: {}
[12.734000] (-) TimerEvent: {}
[12.859000] (-) TimerEvent: {}
[12.968000] (-) TimerEvent: {}
[13.078000] (-) TimerEvent: {}
[13.203000] (-) TimerEvent: {}
[13.312000] (-) TimerEvent: {}
[13.421000] (-) TimerEvent: {}
[13.531000] (-) TimerEvent: {}
[13.640000] (-) TimerEvent: {}
[13.765000] (-) TimerEvent: {}
[13.875000] (-) TimerEvent: {}
[13.984000] (-) TimerEvent: {}
[14.109000] (-) TimerEvent: {}
[14.218000] (-) TimerEvent: {}
[14.328000] (-) TimerEvent: {}
[14.437000] (us_msg) StdoutLine: {'line': b'[23/24] Building CXX object CMakeFiles\\us_msg_matlab.dir\\src\\us_msg_StampedArray_message.cpp.obj\r\n'}
[14.437000] (-) TimerEvent: {}
[14.437000] (us_msg) StdoutLine: {'line': b"C:\\Users\\Mateo-drr\\Documents\\ALU---Autonomous-Lung-Ultrasound\\ros2Packages\\matlab_msg_gen\\win64\\src\\us_msg\\src\\us_msg_StampedArray_message.cpp(28): warning C4275: non dll-interface class 'MATLABROS2MsgInterfaceBase' used as base for dll-interface class 'MATLABROS2MsgInterface<us_msg::msg::StampedArray>'\n"}
[14.437000] (us_msg) StdoutLine: {'line': b"C:\\Program Files\\MATLAB\\R2023b\\toolbox\\ros\\include\\ros2\\MATLABROS2MsgInterface.hpp(50): note: see declaration of 'MATLABROS2MsgInterfaceBase'\n"}
[14.437000] (us_msg) StdoutLine: {'line': b"C:\\Program Files\\MATLAB\\R2023b\\toolbox\\ros\\include\\ros2\\MATLABROS2MsgInterface.hpp(104): note: see declaration of 'MATLABROS2MsgInterface<us_msg::msg::StampedArray>'\n"}
[14.437000] (us_msg) StdoutLine: {'line': b"C:\\Users\\Mateo-drr\\Documents\\ALU---Autonomous-Lung-Ultrasound\\ros2Packages\\matlab_msg_gen\\win64\\src\\us_msg\\src\\us_msg_StampedArray_message.cpp(75): warning C4275: non dll-interface class 'ROS2MsgElementInterfaceFactory' used as base for dll-interface class 'ros2_us_msg_StampedArray_message'\n"}
[14.437000] (us_msg) StdoutLine: {'line': b"C:\\Program Files\\MATLAB\\R2023b\\toolbox\\ros\\include\\ros2\\MATLABROS2MsgInterface.hpp(55): note: see declaration of 'ROS2MsgElementInterfaceFactory'\n"}
[14.437000] (us_msg) StdoutLine: {'line': b"C:\\Users\\Mateo-drr\\Documents\\ALU---Autonomous-Lung-Ultrasound\\ros2Packages\\matlab_msg_gen\\win64\\src\\us_msg\\src\\us_msg_StampedArray_message.cpp(75): note: see declaration of 'ros2_us_msg_StampedArray_message'\n"}
[14.546000] (-) TimerEvent: {}
[14.593000] (us_msg) StdoutLine: {'line': b'[24/24] Linking CXX shared library us_msg_matlab.dll\r\n'}
[14.593000] (us_msg) CommandEnded: {'returncode': 0}
[14.640000] (us_msg) JobProgress: {'identifier': 'us_msg', 'progress': 'install'}
[14.656000] (us_msg) Command: {'cmd': ['C:\\Program Files\\MATLAB\\R2023b\\bin\\win64\\cmake\\bin\\cmake.EXE', '--install', 'C:\\Users\\Mateo-drr\\Documents\\ALU---Autonomous-Lung-Ultrasound\\ros2Packages\\matlab_msg_gen\\win64\\build\\us_msg'], 'cwd': 'C:\\Users\\Mateo-drr\\Documents\\ALU---Autonomous-Lung-Ultrasound\\ros2Packages\\matlab_msg_gen\\win64\\build\\us_msg', 'env': OrderedDict([('ACTUAL_CMD_PARAM', 'build  --merge-install  --cmake-args -DCMAKE_BUILD_TYPE=Release -DBUILD_TESTING=OFF  -DALIAS_ROS2_TF2=1  -DCMAKE_CXX_FLAGS_RELEASE="/MD /Od /Ob2 /DNDEBUG"   -G Ninja'), ('ACTUAL_ENV_CMD_PARAM', '"C:\\Program Files\\MATLAB\\R2023b\\bin\\win64\\cmake\\bin" build  --merge-install  --cmake-args -DCMAKE_BUILD_TYPE=Release -DBUILD_TESTING=OFF  -DALIAS_ROS2_TF2=1  -DCMAKE_CXX_FLAGS_RELEASE="/MD /Od /Ob2 /DNDEBUG"   -G Ninja'), ('ALLUSERSPROFILE', 'C:\\ProgramData'), ('AMENT_PREFIX_PATH', 'C:\\Program Files\\MATLAB\\R2023b\\sys\\ros2\\win64\\ros2;C:\\Program Files\\MATLAB\\R2023b\\sys\\ros2\\win64\\ros2'), ('APPDATA', 'C:\\Users\\Mateo-drr\\AppData\\Roaming'), ('ChocolateyInstall', 'C:\\ProgramData\\chocolatey'), ('ChocolateyLastPathUpdate', '133537735014685055'), ('CMAKE_PATH', 'C:\\Program Files\\MATLAB\\R2023b\\bin\\win64\\cmake\\bin'), ('CMAKE_PREFIX_PATH', 'C:\\Program Files\\MATLAB\\R2023b\\sys\\ros2\\win64\\ros2;C:\\Program Files\\MATLAB\\R2023b\\sys\\ros2\\win64\\ros2'), ('COLCON', '1'), ('COLCON_PREFIX_PATH', 'C:\\Program Files\\MATLAB\\R2023b\\sys\\ros2\\win64\\ros2;C:\\Program Files\\MATLAB\\R2023b\\sys\\ros2\\win64\\ros2'), ('CommandPromptType', 'Cross'), ('CommonProgramFiles', 'C:\\Program Files\\Common Files'), ('CommonProgramFiles(x86)', 'C:\\Program Files (x86)\\Common Files'), ('CommonProgramW6432', 'C:\\Program Files\\Common Files'), ('COMPUTERNAME', 'DESKTOP-24KBHOO'), ('ComSpec', 'C:\\Windows\\system32\\cmd.exe'), ('CUDA_PATH', 'C:\\Program Files\\NVIDIA GPU Computing Toolkit\\CUDA\\v12.1'), ('CUDA_PATH_V12_1', 'C:\\Program Files\\NVIDIA GPU Computing Toolkit\\CUDA\\v12.1'), ('CUSTOM_AMENT_PREFIX_PATH', 'C:\\Program Files\\MATLAB\\R2023b\\sys\\ros2\\win64\\ros2'), ('DevEnvDir', 'C:\\Program Files (x86)\\Microsoft Visual Studio\\2022\\BuildTools\\Common7\\IDE\\'), ('DriverData', 'C:\\Windows\\System32\\Drivers\\DriverData'), ('ExtensionSdkDir', 'C:\\Program Files (x86)\\Microsoft SDKs\\Windows Kits\\10\\ExtensionSDKs'), ('EXTERNAL_INCLUDE', 'C:\\Program Files (x86)\\Microsoft Visual Studio\\2022\\BuildTools\\VC\\Tools\\MSVC\\14.39.33519\\include;C:\\Program Files (x86)\\Microsoft Visual Studio\\2022\\BuildTools\\VC\\Auxiliary\\VS\\include;C:\\Program Files (x86)\\Windows Kits\\10\\include\\10.0.22621.0\\ucrt;C:\\Program Files (x86)\\Windows Kits\\10\\\\include\\10.0.22621.0\\\\um;C:\\Program Files (x86)\\Windows Kits\\10\\\\include\\10.0.22621.0\\\\shared;C:\\Program Files (x86)\\Windows Kits\\10\\\\include\\10.0.22621.0\\\\winrt;C:\\Program Files (x86)\\Windows Kits\\10\\\\include\\10.0.22621.0\\\\cppwinrt'), ('FPS_BROWSER_APP_PROFILE_STRING', 'Internet Explorer'), ('FPS_BROWSER_USER_PROFILE_STRING', 'Default'), ('Framework40Version', 'v4.0'), ('FrameworkDir', 'C:\\Windows\\Microsoft.NET\\Framework\\'), ('FrameworkDir32', 'C:\\Windows\\Microsoft.NET\\Framework\\'), ('FrameworkDir64', 'C:\\Windows\\Microsoft.NET\\Framework64\\'), ('FrameworkVersion', 'v4.0.30319'), ('FrameworkVersion32', 'v4.0.30319'), ('FrameworkVersion64', 'v4.0.30319'), ('HOMEDRIVE', 'C:'), ('HOMEPATH', '\\Users\\Mateo-drr'), ('ICU_TIMEZONE_FILES_DIR', 'C:\\Program Files\\MATLAB\\R2023b/bin/icutzdata'), ('INCLUDE', 'C:\\Program Files (x86)\\Microsoft Visual Studio\\2022\\BuildTools\\VC\\Tools\\MSVC\\14.39.33519\\include;C:\\Program Files (x86)\\Microsoft Visual Studio\\2022\\BuildTools\\VC\\Auxiliary\\VS\\include;C:\\Program Files (x86)\\Windows Kits\\10\\include\\10.0.22621.0\\ucrt;C:\\Program Files (x86)\\Windows Kits\\10\\\\include\\10.0.22621.0\\\\um;C:\\Program Files (x86)\\Windows Kits\\10\\\\include\\10.0.22621.0\\\\shared;C:\\Program Files (x86)\\Windows Kits\\10\\\\include\\10.0.22621.0\\\\winrt;C:\\Program Files (x86)\\Windows Kits\\10\\\\include\\10.0.22621.0\\\\cppwinrt'), ('KMP_HANDLE_SIGNALS', '0'), ('LIB', 'C:\\Program Files (x86)\\Microsoft Visual Studio\\2022\\BuildTools\\VC\\Tools\\MSVC\\14.39.33519\\lib\\x64;C:\\Program Files (x86)\\Windows Kits\\10\\lib\\10.0.22621.0\\ucrt\\x64;C:\\Program Files (x86)\\Windows Kits\\10\\\\lib\\10.0.22621.0\\\\um\\x64'), ('LIBPATH', 'C:\\Program Files (x86)\\Microsoft Visual Studio\\2022\\BuildTools\\VC\\Tools\\MSVC\\14.39.33519\\lib\\x64;C:\\Program Files (x86)\\Microsoft Visual Studio\\2022\\BuildTools\\VC\\Tools\\MSVC\\14.39.33519\\lib\\x86\\store\\references;C:\\Program Files (x86)\\Windows Kits\\10\\UnionMetadata\\10.0.22621.0;C:\\Program Files (x86)\\Windows Kits\\10\\References\\10.0.22621.0;C:\\Windows\\Microsoft.NET\\Framework\\v4.0.30319'), ('LOCALAPPDATA', 'C:\\Users\\Mateo-drr\\AppData\\Local'), ('LOGONSERVER', '\\\\DESKTOP-24KBHOO'), ('MATLAB_ARCH', 'win64'), ('NUMBER_OF_PROCESSORS', '8'), ('OneDrive', 'C:\\Users\\Mateo-drr\\OneDrive'), ('OpenCV_DIR', 'C:\\opencv'), ('OPENSSL_CONF', 'C:\\Program Files\\OpenSSL-Win64\\bin\\openssl.cfg'), ('OS', 'Windows_NT'), ('Path', 'C:\\Program Files\\MATLAB\\R2023b\\bin\\win64\\cmake\\bin;;C:\\Program Files\\MATLAB\\R2023b\\sys\\ros2\\win64\\ros2\\Scripts;C:\\Program Files\\MATLAB\\R2023b\\sys\\ros2\\win64\\ros2\\bin;C:\\Program Files (x86)\\Microsoft Visual Studio\\2022\\BuildTools\\VC\\Tools\\MSVC\\14.39.33519\\bin\\HostX86\\x64;C:\\Program Files (x86)\\Microsoft Visual Studio\\2022\\BuildTools\\VC\\Tools\\MSVC\\14.39.33519\\bin\\HostX86\\x86;C:\\Program Files (x86)\\Microsoft Visual Studio\\2022\\BuildTools\\Common7\\IDE\\VC\\VCPackages;C:\\Program Files (x86)\\Microsoft Visual Studio\\2022\\BuildTools\\Common7\\IDE\\CommonExtensions\\Microsoft\\TestWindow;C:\\Program Files (x86)\\Microsoft Visual Studio\\2022\\BuildTools\\MSBuild\\Current\\bin\\Roslyn;C:\\Program Files (x86)\\Windows Kits\\10\\bin\\10.0.22621.0\\\\x86;C:\\Program Files (x86)\\Windows Kits\\10\\bin\\\\x86;C:\\Program Files (x86)\\Microsoft Visual Studio\\2022\\BuildTools\\\\MSBuild\\Current\\Bin\\amd64;C:\\Windows\\Microsoft.NET\\Framework\\v4.0.30319;C:\\Program Files (x86)\\Microsoft Visual Studio\\2022\\BuildTools\\Common7\\IDE\\;C:\\Program Files (x86)\\Microsoft Visual Studio\\2022\\BuildTools\\Common7\\Tools\\;C:\\Users\\Mateo-drr\\AppData\\Roaming\\MathWorks\\MATLAB\\R2023b\\ros2\\win64\\venv\\Scripts;C:\\Program Files\\MATLAB\\R2023b\\bin\\win64;C:\\Program Files\\MATLAB\\R2023b\\toolbox\\shared\\coder\\ninja\\win64;C:\\Python38\\Scripts\\;C:\\Python38\\;C:\\Program Files\\NVIDIA GPU Computing Toolkit\\CUDA\\v12.1\\bin;C:\\Program Files\\NVIDIA GPU Computing Toolkit\\CUDA\\v12.1\\libnvvp;C:\\Windows\\system32;C:\\Windows;C:\\Windows\\System32\\Wbem;C:\\Windows\\System32\\WindowsPowerShell\\v1.0\\;C:\\Windows\\System32\\OpenSSH\\;C:\\Program Files\\NVIDIA Corporation\\NVIDIA NvDLISR;C:\\Program Files\\NVIDIA Corporation\\Nsight Compute 2023.1.0\\;C:\\Program Files (x86)\\NVIDIA Corporation\\PhysX\\Common;C:\\Program Files\\Git\\cmd;C:\\ProgramData\\chocolatey\\bin;C:\\Program Files\\OpenSSL-Win64\\bin\\;C:\\Program Files\\CMake\\bin;C:\\ProgramData\\chocolatey\\lib\\cunit\\lib;C:\\ProgramData\\chocolatey\\lib\\tinyxml2\\lib;C:\\ProgramData\\chocolatey\\lib\\bullet\\lib;C:\\Program Files\\Graphviz\\bin;C:\\ProgramData\\chocolatey\\lib\\python;C:\\Program Files\\MATLAB\\R2023b\\bin;C:\\dev\\ros2;C:\\Program Files\\dotnet\\;C:\\Swig\\swig;C:\\Users\\Mateo-drr\\AppData\\Local\\Microsoft\\WindowsApps;C:\\Users\\Mateo-drr\\AppData\\Local\\atom\\bin;C:\\Program Files (x86)\\Microsoft Visual Studio\\2022\\BuildTools\\Common7\\IDE\\CommonExtensions\\Microsoft\\CMake\\CMake\\bin;C:\\Program Files (x86)\\Microsoft Visual Studio\\2022\\BuildTools\\Common7\\IDE\\CommonExtensions\\Microsoft\\CMake\\Ninja;C:\\Program Files (x86)\\Microsoft Visual Studio\\2022\\BuildTools\\Common7\\IDE\\VC\\Linux\\bin\\ConnectionManagerExe'), ('PATHEXT', '.COM;.EXE;.BAT;.CMD;.VBS;.VBE;.JS;.JSE;.WSF;.WSH;.MSC;.PY;.PYW'), ('PKG_CONFIG_PATH', '"C:\\Program Files\\MATLAB\\R2023b\\sys\\ros2\\win64\\ros2\\lib\\pkgconfig"'), ('Platform', 'x64'), ('PROCESSOR_ARCHITECTURE', 'AMD64'), ('PROCESSOR_IDENTIFIER', 'Intel64 Family 6 Model 151 Stepping 5, GenuineIntel'), ('PROCESSOR_LEVEL', '6'), ('PROCESSOR_REVISION', '9705'), ('ProgramData', 'C:\\ProgramData'), ('ProgramFiles', 'C:\\Program Files'), ('ProgramFiles(x86)', 'C:\\Program Files (x86)'), ('ProgramW6432', 'C:\\Program Files'), ('PROMPT', '(venv) $P$G'), ('PSModulePath', 'C:\\Program Files\\WindowsPowerShell\\Modules;C:\\Windows\\system32\\WindowsPowerShell\\v1.0\\Modules'), ('PUBLIC', 'C:\\Users\\Public'), ('PYTHONPATH', ';C:\\Program Files\\MATLAB\\R2023b\\sys\\ros2\\win64\\ros2\\lib\\site-packages;C:\\Users\\Mateo-drr\\AppData\\Roaming\\MathWorks\\MATLAB\\R2023b\\ros2\\win64\\venv\\lib\\site-packages'), ('PYTHON_VENV_PATH', 'C:\\Users\\Mateo-drr\\AppData\\Roaming\\MathWorks\\MATLAB\\R2023b\\ros2\\win64\\venv'), ('Qt5_DIR', 'C:\\Qt\\Qt5.12.12\\5.12.12\\msvc2017_64'), ('QT_QPA_PLATFORM_PLUGIN_PATH', 'C:\\Qt\\Qt5.12.12\\5.12.12\\msvc2017_64\\plugins\\platforms'), ('ROS_DISTRO', 'humble'), ('SESSIONNAME', 'Console'), ('SystemDrive', 'C:'), ('SystemRoot', 'C:\\Windows'), ('TEMP', 'C:\\Users\\MATEO-~1\\AppData\\Local\\Temp'), ('TMP', 'C:\\Users\\MATEO-~1\\AppData\\Local\\Temp'), ('UCRTVersion', '10.0.22621.0'), ('UniversalCRTSdkDir', 'C:\\Program Files (x86)\\Windows Kits\\10\\'), ('USERDOMAIN', 'DESKTOP-24KBHOO'), ('USERDOMAIN_ROAMINGPROFILE', 'DESKTOP-24KBHOO'), ('USERNAME', 'Mateo-drr'), ('USERPROFILE', 'C:\\Users\\Mateo-drr'), ('VCIDEInstallDir', 'C:\\Program Files (x86)\\Microsoft Visual Studio\\2022\\BuildTools\\Common7\\IDE\\VC\\'), ('VCINSTALLDIR', 'C:\\Program Files (x86)\\Microsoft Visual Studio\\2022\\BuildTools\\VC\\'), ('VCToolsInstallDir', 'C:\\Program Files (x86)\\Microsoft Visual Studio\\2022\\BuildTools\\VC\\Tools\\MSVC\\14.39.33519\\'), ('VCToolsRedistDir', 'C:\\Program Files (x86)\\Microsoft Visual Studio\\2022\\BuildTools\\VC\\Redist\\MSVC\\14.38.33135\\'), ('VCToolsVersion', '14.39.33519'), ('VCVARS_CMD', '"C:\\Program Files (x86)\\Microsoft Visual Studio\\2022\\BuildTools\\VC\\Auxiliary\\Build\\VCVARSALL.BAT"'), ('VIRTUAL_ENV', 'C:\\Users\\Mateo-drr\\AppData\\Roaming\\MathWorks\\MATLAB\\R2023b\\ros2\\win64\\venv'), ('VisualStudioVersion', '17.0'), ('VS170COMNTOOLS', 'C:\\Program Files (x86)\\Microsoft Visual Studio\\2022\\BuildTools\\Common7\\Tools\\'), ('VSCMD_ARG_app_plat', 'Desktop'), ('VSCMD_ARG_HOST_ARCH', 'x86'), ('VSCMD_ARG_TGT_ARCH', 'x64'), ('VSCMD_VER', '17.9.2'), ('VSINSTALLDIR', 'C:\\Program Files (x86)\\Microsoft Visual Studio\\2022\\BuildTools\\'), ('windir', 'C:\\Windows'), ('WindowsLibPath', 'C:\\Program Files (x86)\\Windows Kits\\10\\UnionMetadata\\10.0.22621.0;C:\\Program Files (x86)\\Windows Kits\\10\\References\\10.0.22621.0'), ('WindowsSdkBinPath', 'C:\\Program Files (x86)\\Windows Kits\\10\\bin\\'), ('WindowsSdkDir', 'C:\\Program Files (x86)\\Windows Kits\\10\\'), ('WindowsSDKLibVersion', '10.0.22621.0\\'), ('WindowsSdkVerBinPath', 'C:\\Program Files (x86)\\Windows Kits\\10\\bin\\10.0.22621.0\\'), ('WindowsSDKVersion', '10.0.22621.0\\'), ('_all', '"C:\\Program Files (x86)\\Microsoft Visual Studio\\2022\\BuildTools\\VC\\Auxiliary\\Build\\VCVARSALL.BAT" "C:\\Program Files\\MATLAB\\R2023b\\sys\\ros2\\win64\\ros2" "C:\\Users\\Mateo-drr\\AppData\\Roaming\\MathWorks\\MATLAB\\R2023b\\ros2\\win64\\venv" "C:\\Program Files\\MATLAB\\R2023b\\bin\\win64\\cmake\\bin" build  --merge-install  --cmake-args -DCMAKE_BUILD_TYPE=Release -DBUILD_TESTING=OFF  -DALIAS_ROS2_TF2=1  -DCMAKE_CXX_FLAGS_RELEASE="/MD /Od /Ob2 /DNDEBUG"   -G Ninja'), ('_OLD_VIRTUAL_PATH', 'C:\\Program Files\\MATLAB\\R2023b\\bin\\win64;C:\\Program Files\\MATLAB\\R2023b\\toolbox\\shared\\coder\\ninja\\win64;C:\\Python38\\Scripts\\;C:\\Python38\\;C:\\Program Files\\NVIDIA GPU Computing Toolkit\\CUDA\\v12.1\\bin;C:\\Program Files\\NVIDIA GPU Computing Toolkit\\CUDA\\v12.1\\libnvvp;C:\\Windows\\system32;C:\\Windows;C:\\Windows\\System32\\Wbem;C:\\Windows\\System32\\WindowsPowerShell\\v1.0\\;C:\\Windows\\System32\\OpenSSH\\;C:\\Program Files\\NVIDIA Corporation\\NVIDIA NvDLISR;C:\\Program Files\\NVIDIA Corporation\\Nsight Compute 2023.1.0\\;C:\\Program Files (x86)\\NVIDIA Corporation\\PhysX\\Common;C:\\Program Files\\Git\\cmd;C:\\ProgramData\\chocolatey\\bin;C:\\Program Files\\OpenSSL-Win64\\bin\\;C:\\Program Files\\CMake\\bin;C:\\ProgramData\\chocolatey\\lib\\cunit\\lib;C:\\ProgramData\\chocolatey\\lib\\tinyxml2\\lib;C:\\ProgramData\\chocolatey\\lib\\bullet\\lib;C:\\Program Files\\Graphviz\\bin;C:\\ProgramData\\chocolatey\\lib\\python;C:\\Program Files\\MATLAB\\R2023b\\bin;C:\\dev\\ros2;C:\\Program Files\\dotnet\\;C:\\Swig\\swig;C:\\Users\\Mateo-drr\\AppData\\Local\\Microsoft\\WindowsApps;C:\\Users\\Mateo-drr\\AppData\\Local\\atom\\bin'), ('_OLD_VIRTUAL_PROMPT', '$P$G'), ('__DOTNET_ADD_32BIT', '1'), ('__DOTNET_ADD_64BIT', '1'), ('__DOTNET_PREFERRED_BITNESS', '32'), ('__KMP_REGISTERED_LIB_2600', '00007FFCFD404D04-cafe6a56-libiomp5md.dll'), ('__VSCMD_PREINIT_PATH', 'C:\\Users\\Mateo-drr\\AppData\\Roaming\\MathWorks\\MATLAB\\R2023b\\ros2\\win64\\venv\\Scripts;C:\\Program Files\\MATLAB\\R2023b\\bin\\win64;C:\\Program Files\\MATLAB\\R2023b\\toolbox\\shared\\coder\\ninja\\win64;C:\\Python38\\Scripts\\;C:\\Python38\\;C:\\Program Files\\NVIDIA GPU Computing Toolkit\\CUDA\\v12.1\\bin;C:\\Program Files\\NVIDIA GPU Computing Toolkit\\CUDA\\v12.1\\libnvvp;C:\\Windows\\system32;C:\\Windows;C:\\Windows\\System32\\Wbem;C:\\Windows\\System32\\WindowsPowerShell\\v1.0\\;C:\\Windows\\System32\\OpenSSH\\;C:\\Program Files\\NVIDIA Corporation\\NVIDIA NvDLISR;C:\\Program Files\\NVIDIA Corporation\\Nsight Compute 2023.1.0\\;C:\\Program Files (x86)\\NVIDIA Corporation\\PhysX\\Common;C:\\Program Files\\Git\\cmd;C:\\ProgramData\\chocolatey\\bin;C:\\Program Files\\OpenSSL-Win64\\bin\\;C:\\Program Files\\CMake\\bin;C:\\ProgramData\\chocolatey\\lib\\cunit\\lib;C:\\ProgramData\\chocolatey\\lib\\tinyxml2\\lib;C:\\ProgramData\\chocolatey\\lib\\bullet\\lib;C:\\Program Files\\Graphviz\\bin;C:\\ProgramData\\chocolatey\\lib\\python;C:\\Program Files\\MATLAB\\R2023b\\bin;C:\\dev\\ros2;C:\\Program Files\\dotnet\\;C:\\Swig\\swig;C:\\Users\\Mateo-drr\\AppData\\Local\\Microsoft\\WindowsApps;C:\\Users\\Mateo-drr\\AppData\\Local\\atom\\bin')]), 'shell': False}
[14.656000] (-) TimerEvent: {}
[14.671000] (us_msg) StdoutLine: {'line': b'-- Install configuration: "Release"\n'}
[14.671000] (us_msg) StdoutLine: {'line': b'-- Installing: C:/Users/Mateo-drr/Documents/ALU---Autonomous-Lung-Ultrasound/ros2Packages/matlab_msg_gen/win64/install/share/ament_index/resource_index/rosidl_interfaces/us_msg\n'}
[14.671000] (us_msg) StdoutLine: {'line': b'-- Installing: C:/Users/Mateo-drr/Documents/ALU---Autonomous-Lung-Ultrasound/ros2Packages/matlab_msg_gen/win64/install/include/us_msg/us_msg\n'}
[14.671000] (us_msg) StdoutLine: {'line': b'-- Installing: C:/Users/Mateo-drr/Documents/ALU---Autonomous-Lung-Ultrasound/ros2Packages/matlab_msg_gen/win64/install/include/us_msg/us_msg/msg\n'}
[14.671000] (us_msg) StdoutLine: {'line': b'-- Installing: C:/Users/Mateo-drr/Documents/ALU---Autonomous-Lung-Ultrasound/ros2Packages/matlab_msg_gen/win64/install/include/us_msg/us_msg/msg/detail\n'}
[14.671000] (us_msg) StdoutLine: {'line': b'-- Installing: C:/Users/Mateo-drr/Documents/ALU---Autonomous-Lung-Ultrasound/ros2Packages/matlab_msg_gen/win64/install/include/us_msg/us_msg/msg/detail/stamped_array__functions.c\n'}
[14.687000] (us_msg) StdoutLine: {'line': b'-- Installing: C:/Users/Mateo-drr/Documents/ALU---Autonomous-Lung-Ultrasound/ros2Packages/matlab_msg_gen/win64/install/include/us_msg/us_msg/msg/detail/stamped_array__functions.h\n'}
[14.687000] (us_msg) StdoutLine: {'line': b'-- Installing: C:/Users/Mateo-drr/Documents/ALU---Autonomous-Lung-Ultrasound/ros2Packages/matlab_msg_gen/win64/install/include/us_msg/us_msg/msg/detail/stamped_array__struct.h\n'}
[14.703000] (us_msg) StdoutLine: {'line': b'-- Installing: C:/Users/Mateo-drr/Documents/ALU---Autonomous-Lung-Ultrasound/ros2Packages/matlab_msg_gen/win64/install/include/us_msg/us_msg/msg/detail/stamped_array__type_support.h\n'}
[14.703000] (us_msg) StdoutLine: {'line': b'-- Installing: C:/Users/Mateo-drr/Documents/ALU---Autonomous-Lung-Ultrasound/ros2Packages/matlab_msg_gen/win64/install/include/us_msg/us_msg/msg/rosidl_generator_c__visibility_control.h\n'}
[14.703000] (us_msg) StdoutLine: {'line': b'-- Installing: C:/Users/Mateo-drr/Documents/ALU---Autonomous-Lung-Ultrasound/ros2Packages/matlab_msg_gen/win64/install/include/us_msg/us_msg/msg/stamped_array.h\n'}
[14.703000] (us_msg) StdoutLine: {'line': b'-- Installing: C:/Users/Mateo-drr/Documents/ALU---Autonomous-Lung-Ultrasound/ros2Packages/matlab_msg_gen/win64/install/lib/us_msg__rosidl_generator_c.lib\n'}
[14.703000] (us_msg) StdoutLine: {'line': b'-- Installing: C:/Users/Mateo-drr/Documents/ALU---Autonomous-Lung-Ultrasound/ros2Packages/matlab_msg_gen/win64/install/bin/us_msg__rosidl_generator_c.dll\n'}
[14.703000] (us_msg) StdoutLine: {'line': b'-- Up-to-date: C:/Users/Mateo-drr/Documents/ALU---Autonomous-Lung-Ultrasound/ros2Packages/matlab_msg_gen/win64/install/include/us_msg/us_msg\n'}
[14.703000] (us_msg) StdoutLine: {'line': b'-- Up-to-date: C:/Users/Mateo-drr/Documents/ALU---Autonomous-Lung-Ultrasound/ros2Packages/matlab_msg_gen/win64/install/include/us_msg/us_msg/msg\n'}
[14.703000] (us_msg) StdoutLine: {'line': b'-- Up-to-date: C:/Users/Mateo-drr/Documents/ALU---Autonomous-Lung-Ultrasound/ros2Packages/matlab_msg_gen/win64/install/include/us_msg/us_msg/msg/detail\n'}
[14.703000] (us_msg) StdoutLine: {'line': b'-- Installing: C:/Users/Mateo-drr/Documents/ALU---Autonomous-Lung-Ultrasound/ros2Packages/matlab_msg_gen/win64/install/include/us_msg/us_msg/msg/detail/stamped_array__rosidl_typesupport_fastrtps_c.h\n'}
[14.718000] (us_msg) StdoutLine: {'line': b'-- Installing: C:/Users/Mateo-drr/Documents/ALU---Autonomous-Lung-Ultrasound/ros2Packages/matlab_msg_gen/win64/install/include/us_msg/us_msg/msg/rosidl_typesupport_fastrtps_c__visibility_control.h\n'}
[14.718000] (us_msg) StdoutLine: {'line': b'-- Installing: C:/Users/Mateo-drr/Documents/ALU---Autonomous-Lung-Ultrasound/ros2Packages/matlab_msg_gen/win64/install/lib/us_msg__rosidl_typesupport_fastrtps_c.lib\n'}
[14.718000] (us_msg) StdoutLine: {'line': b'-- Installing: C:/Users/Mateo-drr/Documents/ALU---Autonomous-Lung-Ultrasound/ros2Packages/matlab_msg_gen/win64/install/bin/us_msg__rosidl_typesupport_fastrtps_c.dll\n'}
[14.718000] (us_msg) StdoutLine: {'line': b'-- Up-to-date: C:/Users/Mateo-drr/Documents/ALU---Autonomous-Lung-Ultrasound/ros2Packages/matlab_msg_gen/win64/install/include/us_msg/us_msg\n'}
[14.718000] (us_msg) StdoutLine: {'line': b'-- Up-to-date: C:/Users/Mateo-drr/Documents/ALU---Autonomous-Lung-Ultrasound/ros2Packages/matlab_msg_gen/win64/install/include/us_msg/us_msg/msg\n'}
[14.718000] (us_msg) StdoutLine: {'line': b'-- Up-to-date: C:/Users/Mateo-drr/Documents/ALU---Autonomous-Lung-Ultrasound/ros2Packages/matlab_msg_gen/win64/install/include/us_msg/us_msg/msg/detail\n'}
[14.734000] (us_msg) StdoutLine: {'line': b'-- Installing: C:/Users/Mateo-drr/Documents/ALU---Autonomous-Lung-Ultrasound/ros2Packages/matlab_msg_gen/win64/install/include/us_msg/us_msg/msg/detail/stamped_array__rosidl_typesupport_introspection_c.h\n'}
[14.734000] (us_msg) StdoutLine: {'line': b'-- Installing: C:/Users/Mateo-drr/Documents/ALU---Autonomous-Lung-Ultrasound/ros2Packages/matlab_msg_gen/win64/install/include/us_msg/us_msg/msg/detail/stamped_array__type_support.c\n'}
[14.734000] (us_msg) StdoutLine: {'line': b'-- Installing: C:/Users/Mateo-drr/Documents/ALU---Autonomous-Lung-Ultrasound/ros2Packages/matlab_msg_gen/win64/install/include/us_msg/us_msg/msg/rosidl_typesupport_introspection_c__visibility_control.h\n'}
[14.734000] (us_msg) StdoutLine: {'line': b'-- Installing: C:/Users/Mateo-drr/Documents/ALU---Autonomous-Lung-Ultrasound/ros2Packages/matlab_msg_gen/win64/install/lib/us_msg__rosidl_typesupport_introspection_c.lib\n'}
[14.734000] (us_msg) StdoutLine: {'line': b'-- Installing: C:/Users/Mateo-drr/Documents/ALU---Autonomous-Lung-Ultrasound/ros2Packages/matlab_msg_gen/win64/install/bin/us_msg__rosidl_typesupport_introspection_c.dll\n'}
[14.734000] (us_msg) StdoutLine: {'line': b'-- Installing: C:/Users/Mateo-drr/Documents/ALU---Autonomous-Lung-Ultrasound/ros2Packages/matlab_msg_gen/win64/install/lib/us_msg__rosidl_typesupport_c.lib\n'}
[14.734000] (us_msg) StdoutLine: {'line': b'-- Installing: C:/Users/Mateo-drr/Documents/ALU---Autonomous-Lung-Ultrasound/ros2Packages/matlab_msg_gen/win64/install/bin/us_msg__rosidl_typesupport_c.dll\n'}
[14.734000] (us_msg) StdoutLine: {'line': b'-- Up-to-date: C:/Users/Mateo-drr/Documents/ALU---Autonomous-Lung-Ultrasound/ros2Packages/matlab_msg_gen/win64/install/include/us_msg/us_msg\n'}
[14.734000] (us_msg) StdoutLine: {'line': b'-- Up-to-date: C:/Users/Mateo-drr/Documents/ALU---Autonomous-Lung-Ultrasound/ros2Packages/matlab_msg_gen/win64/install/include/us_msg/us_msg/msg\n'}
[14.734000] (us_msg) StdoutLine: {'line': b'-- Up-to-date: C:/Users/Mateo-drr/Documents/ALU---Autonomous-Lung-Ultrasound/ros2Packages/matlab_msg_gen/win64/install/include/us_msg/us_msg/msg/detail\n'}
[14.750000] (us_msg) StdoutLine: {'line': b'-- Installing: C:/Users/Mateo-drr/Documents/ALU---Autonomous-Lung-Ultrasound/ros2Packages/matlab_msg_gen/win64/install/include/us_msg/us_msg/msg/detail/stamped_array__builder.hpp\n'}
[14.750000] (us_msg) StdoutLine: {'line': b'-- Installing: C:/Users/Mateo-drr/Documents/ALU---Autonomous-Lung-Ultrasound/ros2Packages/matlab_msg_gen/win64/install/include/us_msg/us_msg/msg/detail/stamped_array__struct.hpp\n'}
[14.750000] (us_msg) StdoutLine: {'line': b'-- Installing: C:/Users/Mateo-drr/Documents/ALU---Autonomous-Lung-Ultrasound/ros2Packages/matlab_msg_gen/win64/install/include/us_msg/us_msg/msg/detail/stamped_array__traits.hpp\n'}
[14.750000] (us_msg) StdoutLine: {'line': b'-- Installing: C:/Users/Mateo-drr/Documents/ALU---Autonomous-Lung-Ultrasound/ros2Packages/matlab_msg_gen/win64/install/include/us_msg/us_msg/msg/stamped_array.hpp\n'}
[14.750000] (us_msg) StdoutLine: {'line': b'-- Up-to-date: C:/Users/Mateo-drr/Documents/ALU---Autonomous-Lung-Ultrasound/ros2Packages/matlab_msg_gen/win64/install/include/us_msg/us_msg\n'}
[14.750000] (us_msg) StdoutLine: {'line': b'-- Up-to-date: C:/Users/Mateo-drr/Documents/ALU---Autonomous-Lung-Ultrasound/ros2Packages/matlab_msg_gen/win64/install/include/us_msg/us_msg/msg\n'}
[14.750000] (us_msg) StdoutLine: {'line': b'-- Up-to-date: C:/Users/Mateo-drr/Documents/ALU---Autonomous-Lung-Ultrasound/ros2Packages/matlab_msg_gen/win64/install/include/us_msg/us_msg/msg/detail\n'}
[14.750000] (us_msg) StdoutLine: {'line': b'-- Installing: C:/Users/Mateo-drr/Documents/ALU---Autonomous-Lung-Ultrasound/ros2Packages/matlab_msg_gen/win64/install/include/us_msg/us_msg/msg/detail/dds_fastrtps\n'}
[14.765000] (-) TimerEvent: {}
[14.765000] (us_msg) StdoutLine: {'line': b'-- Installing: C:/Users/Mateo-drr/Documents/ALU---Autonomous-Lung-Ultrasound/ros2Packages/matlab_msg_gen/win64/install/include/us_msg/us_msg/msg/detail/stamped_array__rosidl_typesupport_fastrtps_cpp.hpp\n'}
[14.765000] (us_msg) StdoutLine: {'line': b'-- Installing: C:/Users/Mateo-drr/Documents/ALU---Autonomous-Lung-Ultrasound/ros2Packages/matlab_msg_gen/win64/install/include/us_msg/us_msg/msg/rosidl_typesupport_fastrtps_cpp__visibility_control.h\n'}
[14.765000] (us_msg) StdoutLine: {'line': b'-- Installing: C:/Users/Mateo-drr/Documents/ALU---Autonomous-Lung-Ultrasound/ros2Packages/matlab_msg_gen/win64/install/lib/us_msg__rosidl_typesupport_fastrtps_cpp.lib\n'}
[14.765000] (us_msg) StdoutLine: {'line': b'-- Installing: C:/Users/Mateo-drr/Documents/ALU---Autonomous-Lung-Ultrasound/ros2Packages/matlab_msg_gen/win64/install/bin/us_msg__rosidl_typesupport_fastrtps_cpp.dll\n'}
[14.765000] (us_msg) StdoutLine: {'line': b'-- Up-to-date: C:/Users/Mateo-drr/Documents/ALU---Autonomous-Lung-Ultrasound/ros2Packages/matlab_msg_gen/win64/install/include/us_msg/us_msg\n'}
[14.765000] (us_msg) StdoutLine: {'line': b'-- Up-to-date: C:/Users/Mateo-drr/Documents/ALU---Autonomous-Lung-Ultrasound/ros2Packages/matlab_msg_gen/win64/install/include/us_msg/us_msg/msg\n'}
[14.765000] (us_msg) StdoutLine: {'line': b'-- Up-to-date: C:/Users/Mateo-drr/Documents/ALU---Autonomous-Lung-Ultrasound/ros2Packages/matlab_msg_gen/win64/install/include/us_msg/us_msg/msg/detail\n'}
[14.781000] (us_msg) StdoutLine: {'line': b'-- Installing: C:/Users/Mateo-drr/Documents/ALU---Autonomous-Lung-Ultrasound/ros2Packages/matlab_msg_gen/win64/install/include/us_msg/us_msg/msg/detail/stamped_array__rosidl_typesupport_introspection_cpp.hpp\n'}
[14.781000] (us_msg) StdoutLine: {'line': b'-- Installing: C:/Users/Mateo-drr/Documents/ALU---Autonomous-Lung-Ultrasound/ros2Packages/matlab_msg_gen/win64/install/include/us_msg/us_msg/msg/detail/stamped_array__type_support.cpp\n'}
[14.781000] (us_msg) StdoutLine: {'line': b'-- Installing: C:/Users/Mateo-drr/Documents/ALU---Autonomous-Lung-Ultrasound/ros2Packages/matlab_msg_gen/win64/install/lib/us_msg__rosidl_typesupport_introspection_cpp.lib\n'}
[14.781000] (us_msg) StdoutLine: {'line': b'-- Installing: C:/Users/Mateo-drr/Documents/ALU---Autonomous-Lung-Ultrasound/ros2Packages/matlab_msg_gen/win64/install/bin/us_msg__rosidl_typesupport_introspection_cpp.dll\n'}
[14.781000] (us_msg) StdoutLine: {'line': b'-- Installing: C:/Users/Mateo-drr/Documents/ALU---Autonomous-Lung-Ultrasound/ros2Packages/matlab_msg_gen/win64/install/lib/us_msg__rosidl_typesupport_cpp.lib\n'}
[14.781000] (us_msg) StdoutLine: {'line': b'-- Installing: C:/Users/Mateo-drr/Documents/ALU---Autonomous-Lung-Ultrasound/ros2Packages/matlab_msg_gen/win64/install/bin/us_msg__rosidl_typesupport_cpp.dll\n'}
[14.781000] (us_msg) StdoutLine: {'line': b'-- Installing: C:/Users/Mateo-drr/Documents/ALU---Autonomous-Lung-Ultrasound/ros2Packages/matlab_msg_gen/win64/install/share/us_msg/msg/StampedArray.idl\n'}
[14.781000] (us_msg) StdoutLine: {'line': b'-- Installing: C:/Users/Mateo-drr/Documents/ALU---Autonomous-Lung-Ultrasound/ros2Packages/matlab_msg_gen/win64/install/share/us_msg/msg/StampedArray.msg\n'}
[14.781000] (us_msg) StdoutLine: {'line': b'-- Up-to-date: C:/Users/Mateo-drr/Documents/ALU---Autonomous-Lung-Ultrasound/ros2Packages/matlab_msg_gen/win64/install/include\n'}
[14.796000] (us_msg) StdoutLine: {'line': b'-- Up-to-date: C:/Users/Mateo-drr/Documents/ALU---Autonomous-Lung-Ultrasound/ros2Packages/matlab_msg_gen/win64/install/include/us_msg\n'}
[14.796000] (us_msg) StdoutLine: {'line': b'-- Installing: C:/Users/Mateo-drr/Documents/ALU---Autonomous-Lung-Ultrasound/ros2Packages/matlab_msg_gen/win64/install/include/us_msg/visibility_control.h\n'}
[14.796000] (us_msg) StdoutLine: {'line': b'-- Installing: C:/Users/Mateo-drr/Documents/ALU---Autonomous-Lung-Ultrasound/ros2Packages/matlab_msg_gen/win64/install/lib/us_msg_matlab.lib\n'}
[14.796000] (us_msg) StdoutLine: {'line': b'-- Installing: C:/Users/Mateo-drr/Documents/ALU---Autonomous-Lung-Ultrasound/ros2Packages/matlab_msg_gen/win64/install/bin/us_msg_matlab.dll\n'}
[14.796000] (us_msg) StdoutLine: {'line': b'-- Installing: C:/Users/Mateo-drr/Documents/ALU---Autonomous-Lung-Ultrasound/ros2Packages/matlab_msg_gen/win64/install/m/\n'}
[14.796000] (us_msg) StdoutLine: {'line': b'-- Installing: C:/Users/Mateo-drr/Documents/ALU---Autonomous-Lung-Ultrasound/ros2Packages/matlab_msg_gen/win64/install/m//+ros\n'}
[14.796000] (us_msg) StdoutLine: {'line': b'-- Installing: C:/Users/Mateo-drr/Documents/ALU---Autonomous-Lung-Ultrasound/ros2Packages/matlab_msg_gen/win64/install/m//+ros/+internal\n'}
[14.796000] (us_msg) StdoutLine: {'line': b'-- Installing: C:/Users/Mateo-drr/Documents/ALU---Autonomous-Lung-Ultrasound/ros2Packages/matlab_msg_gen/win64/install/m//+ros/+internal/+ros2\n'}
[14.796000] (us_msg) StdoutLine: {'line': b'-- Installing: C:/Users/Mateo-drr/Documents/ALU---Autonomous-Lung-Ultrasound/ros2Packages/matlab_msg_gen/win64/install/m//+ros/+internal/+ros2/+custommessages\n'}
[14.796000] (us_msg) StdoutLine: {'line': b'-- Installing: C:/Users/Mateo-drr/Documents/ALU---Autonomous-Lung-Ultrasound/ros2Packages/matlab_msg_gen/win64/install/m//+ros/+internal/+ros2/+custommessages/+us_msg\n'}
[14.796000] (us_msg) StdoutLine: {'line': b'-- Installing: C:/Users/Mateo-drr/Documents/ALU---Autonomous-Lung-Ultrasound/ros2Packages/matlab_msg_gen/win64/install/m//+ros/+internal/+ros2/+custommessages/+us_msg/stampedArray.m\n'}
[14.796000] (us_msg) StdoutLine: {'line': b'-- Installing: C:/Users/Mateo-drr/Documents/ALU---Autonomous-Lung-Ultrasound/ros2Packages/matlab_msg_gen/win64/install/m//+ros/+internal/+ros2/+custommessages/+us_msg/us_msg_msg_StampedArray_1To2_Converter.m\n'}
[14.812000] (us_msg) StdoutLine: {'line': b'-- Installing: C:/Users/Mateo-drr/Documents/ALU---Autonomous-Lung-Ultrasound/ros2Packages/matlab_msg_gen/win64/install/m//+ros/+internal/+ros2/+custommessages/+us_msg/us_msg_msg_StampedArray_2To1_Converter.m\n'}
[14.812000] (us_msg) StdoutLine: {'line': b'-- Installing: C:/Users/Mateo-drr/Documents/ALU---Autonomous-Lung-Ultrasound/ros2Packages/matlab_msg_gen/win64/install/share/ament_index/resource_index/package_run_dependencies/us_msg\n'}
[14.812000] (us_msg) StdoutLine: {'line': b'-- Installing: C:/Users/Mateo-drr/Documents/ALU---Autonomous-Lung-Ultrasound/ros2Packages/matlab_msg_gen/win64/install/share/ament_index/resource_index/parent_prefix_path/us_msg\n'}
[14.812000] (us_msg) StdoutLine: {'line': b'-- Installing: C:/Users/Mateo-drr/Documents/ALU---Autonomous-Lung-Ultrasound/ros2Packages/matlab_msg_gen/win64/install/share/us_msg/environment/ament_prefix_path.bat\n'}
[14.812000] (us_msg) StdoutLine: {'line': b'-- Installing: C:/Users/Mateo-drr/Documents/ALU---Autonomous-Lung-Ultrasound/ros2Packages/matlab_msg_gen/win64/install/share/us_msg/environment/ament_prefix_path.dsv\n'}
[14.812000] (us_msg) StdoutLine: {'line': b'-- Installing: C:/Users/Mateo-drr/Documents/ALU---Autonomous-Lung-Ultrasound/ros2Packages/matlab_msg_gen/win64/install/share/us_msg/environment/path.bat\n'}
[14.812000] (us_msg) StdoutLine: {'line': b'-- Installing: C:/Users/Mateo-drr/Documents/ALU---Autonomous-Lung-Ultrasound/ros2Packages/matlab_msg_gen/win64/install/share/us_msg/environment/path.dsv\n'}
[14.828000] (us_msg) StdoutLine: {'line': b'-- Installing: C:/Users/Mateo-drr/Documents/ALU---Autonomous-Lung-Ultrasound/ros2Packages/matlab_msg_gen/win64/install/share/us_msg/local_setup.bat\n'}
[14.828000] (us_msg) StdoutLine: {'line': b'-- Installing: C:/Users/Mateo-drr/Documents/ALU---Autonomous-Lung-Ultrasound/ros2Packages/matlab_msg_gen/win64/install/share/us_msg/local_setup.dsv\n'}
[14.828000] (us_msg) StdoutLine: {'line': b'-- Installing: C:/Users/Mateo-drr/Documents/ALU---Autonomous-Lung-Ultrasound/ros2Packages/matlab_msg_gen/win64/install/share/us_msg/package.dsv\n'}
[14.828000] (us_msg) StdoutLine: {'line': b'-- Installing: C:/Users/Mateo-drr/Documents/ALU---Autonomous-Lung-Ultrasound/ros2Packages/matlab_msg_gen/win64/install/share/ament_index/resource_index/packages/us_msg\n'}
[14.843000] (us_msg) StdoutLine: {'line': b'-- Installing: C:/Users/Mateo-drr/Documents/ALU---Autonomous-Lung-Ultrasound/ros2Packages/matlab_msg_gen/win64/install/share/us_msg/cmake/export_us_msg__rosidl_generator_cExport.cmake\n'}
[14.843000] (us_msg) StdoutLine: {'line': b'-- Installing: C:/Users/Mateo-drr/Documents/ALU---Autonomous-Lung-Ultrasound/ros2Packages/matlab_msg_gen/win64/install/share/us_msg/cmake/export_us_msg__rosidl_generator_cExport-release.cmake\n'}
[14.843000] (us_msg) StdoutLine: {'line': b'-- Installing: C:/Users/Mateo-drr/Documents/ALU---Autonomous-Lung-Ultrasound/ros2Packages/matlab_msg_gen/win64/install/share/us_msg/cmake/export_us_msg__rosidl_typesupport_fastrtps_cExport.cmake\n'}
[14.859000] (us_msg) StdoutLine: {'line': b'-- Installing: C:/Users/Mateo-drr/Documents/ALU---Autonomous-Lung-Ultrasound/ros2Packages/matlab_msg_gen/win64/install/share/us_msg/cmake/export_us_msg__rosidl_typesupport_fastrtps_cExport-release.cmake\n'}
[14.859000] (us_msg) StdoutLine: {'line': b'-- Installing: C:/Users/Mateo-drr/Documents/ALU---Autonomous-Lung-Ultrasound/ros2Packages/matlab_msg_gen/win64/install/share/us_msg/cmake/us_msg__rosidl_typesupport_introspection_cExport.cmake\n'}
[14.875000] (-) TimerEvent: {}
[14.875000] (us_msg) StdoutLine: {'line': b'-- Installing: C:/Users/Mateo-drr/Documents/ALU---Autonomous-Lung-Ultrasound/ros2Packages/matlab_msg_gen/win64/install/share/us_msg/cmake/us_msg__rosidl_typesupport_introspection_cExport-release.cmake\n'}
[14.875000] (us_msg) StdoutLine: {'line': b'-- Installing: C:/Users/Mateo-drr/Documents/ALU---Autonomous-Lung-Ultrasound/ros2Packages/matlab_msg_gen/win64/install/share/us_msg/cmake/us_msg__rosidl_typesupport_cExport.cmake\n'}
[14.875000] (us_msg) StdoutLine: {'line': b'-- Installing: C:/Users/Mateo-drr/Documents/ALU---Autonomous-Lung-Ultrasound/ros2Packages/matlab_msg_gen/win64/install/share/us_msg/cmake/us_msg__rosidl_typesupport_cExport-release.cmake\n'}
[14.875000] (us_msg) StdoutLine: {'line': b'-- Installing: C:/Users/Mateo-drr/Documents/ALU---Autonomous-Lung-Ultrasound/ros2Packages/matlab_msg_gen/win64/install/share/us_msg/cmake/export_us_msg__rosidl_generator_cppExport.cmake\n'}
[14.890000] (us_msg) StdoutLine: {'line': b'-- Installing: C:/Users/Mateo-drr/Documents/ALU---Autonomous-Lung-Ultrasound/ros2Packages/matlab_msg_gen/win64/install/share/us_msg/cmake/export_us_msg__rosidl_typesupport_fastrtps_cppExport.cmake\n'}
[14.890000] (us_msg) StdoutLine: {'line': b'-- Installing: C:/Users/Mateo-drr/Documents/ALU---Autonomous-Lung-Ultrasound/ros2Packages/matlab_msg_gen/win64/install/share/us_msg/cmake/export_us_msg__rosidl_typesupport_fastrtps_cppExport-release.cmake\n'}
[14.890000] (us_msg) StdoutLine: {'line': b'-- Installing: C:/Users/Mateo-drr/Documents/ALU---Autonomous-Lung-Ultrasound/ros2Packages/matlab_msg_gen/win64/install/share/us_msg/cmake/us_msg__rosidl_typesupport_introspection_cppExport.cmake\n'}
[14.890000] (us_msg) StdoutLine: {'line': b'-- Installing: C:/Users/Mateo-drr/Documents/ALU---Autonomous-Lung-Ultrasound/ros2Packages/matlab_msg_gen/win64/install/share/us_msg/cmake/us_msg__rosidl_typesupport_introspection_cppExport-release.cmake\n'}
[14.906000] (us_msg) StdoutLine: {'line': b'-- Installing: C:/Users/Mateo-drr/Documents/ALU---Autonomous-Lung-Ultrasound/ros2Packages/matlab_msg_gen/win64/install/share/us_msg/cmake/us_msg__rosidl_typesupport_cppExport.cmake\n'}
[14.906000] (us_msg) StdoutLine: {'line': b'-- Installing: C:/Users/Mateo-drr/Documents/ALU---Autonomous-Lung-Ultrasound/ros2Packages/matlab_msg_gen/win64/install/share/us_msg/cmake/us_msg__rosidl_typesupport_cppExport-release.cmake\n'}
[14.906000] (us_msg) StdoutLine: {'line': b'-- Installing: C:/Users/Mateo-drr/Documents/ALU---Autonomous-Lung-Ultrasound/ros2Packages/matlab_msg_gen/win64/install/share/us_msg/cmake/rosidl_cmake-extras.cmake\n'}
[14.906000] (us_msg) StdoutLine: {'line': b'-- Installing: C:/Users/Mateo-drr/Documents/ALU---Autonomous-Lung-Ultrasound/ros2Packages/matlab_msg_gen/win64/install/share/us_msg/cmake/ament_cmake_export_dependencies-extras.cmake\n'}
[14.921000] (us_msg) StdoutLine: {'line': b'-- Installing: C:/Users/Mateo-drr/Documents/ALU---Autonomous-Lung-Ultrasound/ros2Packages/matlab_msg_gen/win64/install/share/us_msg/cmake/ament_cmake_export_include_directories-extras.cmake\n'}
[14.921000] (us_msg) StdoutLine: {'line': b'-- Installing: C:/Users/Mateo-drr/Documents/ALU---Autonomous-Lung-Ultrasound/ros2Packages/matlab_msg_gen/win64/install/share/us_msg/cmake/ament_cmake_export_libraries-extras.cmake\n'}
[14.921000] (us_msg) StdoutLine: {'line': b'-- Installing: C:/Users/Mateo-drr/Documents/ALU---Autonomous-Lung-Ultrasound/ros2Packages/matlab_msg_gen/win64/install/share/us_msg/cmake/ament_cmake_export_targets-extras.cmake\n'}
[14.921000] (us_msg) StdoutLine: {'line': b'-- Installing: C:/Users/Mateo-drr/Documents/ALU---Autonomous-Lung-Ultrasound/ros2Packages/matlab_msg_gen/win64/install/share/us_msg/cmake/rosidl_cmake_export_typesupport_targets-extras.cmake\n'}
[14.921000] (us_msg) StdoutLine: {'line': b'-- Installing: C:/Users/Mateo-drr/Documents/ALU---Autonomous-Lung-Ultrasound/ros2Packages/matlab_msg_gen/win64/install/share/us_msg/cmake/rosidl_cmake_export_typesupport_libraries-extras.cmake\n'}
[14.921000] (us_msg) StdoutLine: {'line': b'-- Installing: C:/Users/Mateo-drr/Documents/ALU---Autonomous-Lung-Ultrasound/ros2Packages/matlab_msg_gen/win64/install/share/us_msg/cmake/us_msgConfig.cmake\n'}
[14.921000] (us_msg) StdoutLine: {'line': b'-- Installing: C:/Users/Mateo-drr/Documents/ALU---Autonomous-Lung-Ultrasound/ros2Packages/matlab_msg_gen/win64/install/share/us_msg/cmake/us_msgConfig-version.cmake\n'}
[14.921000] (us_msg) StdoutLine: {'line': b'-- Installing: C:/Users/Mateo-drr/Documents/ALU---Autonomous-Lung-Ultrasound/ros2Packages/matlab_msg_gen/win64/install/share/us_msg/package.xml\n'}
[14.921000] (us_msg) CommandEnded: {'returncode': 0}
[14.984000] (-) TimerEvent: {}
[15.062000] (us_msg) JobEnded: {'identifier': 'us_msg', 'rc': 0}
[15.062000] (-) EventReactorShutdown: {}
