[1.258s] [34mcolcon[0m [1;30mDEBUG[0m [32mCommand line arguments: ['C:\\MATLAB\\R2024a\\ros2\\win64\\venv\\Scripts\\colcon', 'build', '--merge-install', '--cmake-args', '-DCMAKE_BUILD_TYPE=Release', '-DBUILD_TESTING=OFF', '-DALIAS_ROS2_TF2=1', '-DCMAKE_CXX_FLAGS_RELEASE=/MD /Od /Ob2 /DNDEBUG', '-G', 'Ninja'][0m
[1.258s] [34mcolcon[0m [1;30mDEBUG[0m [32mParsed command line arguments: Namespace(ament_cmake_args=None, base_paths=['.'], build_base='build', catkin_cmake_args=None, catkin_skip_building_tests=False, cmake_args=['-DCMAKE_BUILD_TYPE=Release', '-DBUILD_TESTING=OFF', '-DALIAS_ROS2_TF2=1', '-DCMAKE_CXX_FLAGS_RELEASE=/MD /Od /Ob2 /DNDEBUG', '-G', 'Ninja'], cmake_clean_cache=False, cmake_clean_first=False, cmake_force_configure=False, cmake_target=None, cmake_target_skip_unavailable=False, continue_on_error=False, event_handlers=None, executor='parallel', ignore_user_meta=False, install_base='install', log_base=None, log_level=None, main=<bound method BuildVerb.main of <colcon_core.verb.build.BuildVerb object at 0x000002224FDDAA00>>, merge_install=True, metas=['./colcon.meta'], packages_above=None, packages_above_and_dependencies=None, packages_above_depth=None, packages_end=None, packages_ignore=None, packages_ignore_regex=None, packages_select=None, packages_select_build_failed=False, packages_select_by_dep=None, packages_select_regex=None, packages_select_test_failures=False, packages_skip=None, packages_skip_build_finished=False, packages_skip_by_dep=None, packages_skip_regex=None, packages_skip_test_passed=False, packages_skip_up_to=None, packages_start=None, packages_up_to=None, packages_up_to_regex=None, parallel_workers=16, paths=None, symlink_install=False, test_result_base=None, verb_extension=<colcon_core.verb.build.BuildVerb object at 0x000002224FDDAA00>, verb_name='build', verb_parser=<colcon_defaults.argument_parser.defaults.DefaultArgumentsDecorator object at 0x000002224FE960A0>)[0m
[1.374s] [34mcolcon.colcon_core.package_discovery[0m [1;30mLevel 1[0m discover_packages(colcon_meta) check parameters
[1.374s] [34mcolcon.colcon_core.package_discovery[0m [1;30mLevel 1[0m discover_packages(recursive) check parameters
[1.374s] [34mcolcon.colcon_core.package_discovery[0m [1;30mLevel 1[0m discover_packages(ignore) check parameters
[1.374s] [34mcolcon.colcon_core.package_discovery[0m [1;30mLevel 1[0m discover_packages(path) check parameters
[1.374s] [34mcolcon.colcon_core.package_discovery[0m [1;30mLevel 1[0m discover_packages(colcon_meta) discover
[1.374s] [34mcolcon.colcon_core.package_discovery[0m [1;30mLevel 1[0m discover_packages(recursive) discover
[1.375s] [34mcolcon.colcon_core.package_discovery[0m [1;30mINFO[0m Crawling recursively for packages in 'C:\Users\Medical Robotics\Documents\ALU-Autonomous-Lung-Ultrasound\ros2Packages\src\matlab_msg_gen\win64'
[1.375s] [34mcolcon.colcon_core.package_identification[0m [1;30mLevel 1[0m _identify(.) by extensions ['ignore', 'ignore_ament_install']
[1.375s] [34mcolcon.colcon_core.package_identification[0m [1;30mLevel 1[0m _identify(.) by extension 'ignore'
[1.375s] [34mcolcon.colcon_core.package_identification[0m [1;30mLevel 1[0m _identify(.) by extension 'ignore_ament_install'
[1.375s] [34mcolcon.colcon_core.package_identification[0m [1;30mLevel 1[0m _identify(.) by extensions ['colcon_pkg']
[1.375s] [34mcolcon.colcon_core.package_identification[0m [1;30mLevel 1[0m _identify(.) by extension 'colcon_pkg'
[1.375s] [34mcolcon.colcon_core.package_identification[0m [1;30mLevel 1[0m _identify(.) by extensions ['colcon_meta']
[1.375s] [34mcolcon.colcon_core.package_identification[0m [1;30mLevel 1[0m _identify(.) by extension 'colcon_meta'
[1.375s] [34mcolcon.colcon_core.package_identification[0m [1;30mLevel 1[0m _identify(.) by extensions ['ros']
[1.375s] [34mcolcon.colcon_core.package_identification[0m [1;30mLevel 1[0m _identify(.) by extension 'ros'
[1.402s] [34mcolcon.colcon_core.package_identification[0m [1;30mLevel 1[0m _identify(.) by extensions ['cmake', 'python']
[1.402s] [34mcolcon.colcon_core.package_identification[0m [1;30mLevel 1[0m _identify(.) by extension 'cmake'
[1.402s] [34mcolcon.colcon_core.package_identification[0m [1;30mLevel 1[0m _identify(.) by extension 'python'
[1.402s] [34mcolcon.colcon_core.package_identification[0m [1;30mLevel 1[0m _identify(.) by extensions ['python_setup_py']
[1.402s] [34mcolcon.colcon_core.package_identification[0m [1;30mLevel 1[0m _identify(.) by extension 'python_setup_py'
[1.403s] [34mcolcon.colcon_core.package_identification[0m [1;30mLevel 1[0m _identify(build) by extensions ['ignore', 'ignore_ament_install']
[1.403s] [34mcolcon.colcon_core.package_identification[0m [1;30mLevel 1[0m _identify(build) by extension 'ignore'
[1.403s] [34mcolcon.colcon_core.package_identification[0m [1;30mLevel 1[0m _identify(build) ignored
[1.403s] [34mcolcon.colcon_core.package_identification[0m [1;30mLevel 1[0m _identify(install) by extensions ['ignore', 'ignore_ament_install']
[1.403s] [34mcolcon.colcon_core.package_identification[0m [1;30mLevel 1[0m _identify(install) by extension 'ignore'
[1.403s] [34mcolcon.colcon_core.package_identification[0m [1;30mLevel 1[0m _identify(install) ignored
[1.403s] [34mcolcon.colcon_core.package_identification[0m [1;30mLevel 1[0m _identify(log) by extensions ['ignore', 'ignore_ament_install']
[1.403s] [34mcolcon.colcon_core.package_identification[0m [1;30mLevel 1[0m _identify(log) by extension 'ignore'
[1.403s] [34mcolcon.colcon_core.package_identification[0m [1;30mLevel 1[0m _identify(log) ignored
[1.404s] [34mcolcon.colcon_core.package_identification[0m [1;30mLevel 1[0m _identify(src) by extensions ['ignore', 'ignore_ament_install']
[1.404s] [34mcolcon.colcon_core.package_identification[0m [1;30mLevel 1[0m _identify(src) by extension 'ignore'
[1.404s] [34mcolcon.colcon_core.package_identification[0m [1;30mLevel 1[0m _identify(src) by extension 'ignore_ament_install'
[1.404s] [34mcolcon.colcon_core.package_identification[0m [1;30mLevel 1[0m _identify(src) by extensions ['colcon_pkg']
[1.404s] [34mcolcon.colcon_core.package_identification[0m [1;30mLevel 1[0m _identify(src) by extension 'colcon_pkg'
[1.404s] [34mcolcon.colcon_core.package_identification[0m [1;30mLevel 1[0m _identify(src) by extensions ['colcon_meta']
[1.404s] [34mcolcon.colcon_core.package_identification[0m [1;30mLevel 1[0m _identify(src) by extension 'colcon_meta'
[1.404s] [34mcolcon.colcon_core.package_identification[0m [1;30mLevel 1[0m _identify(src) by extensions ['ros']
[1.404s] [34mcolcon.colcon_core.package_identification[0m [1;30mLevel 1[0m _identify(src) by extension 'ros'
[1.404s] [34mcolcon.colcon_core.package_identification[0m [1;30mLevel 1[0m _identify(src) by extensions ['cmake', 'python']
[1.404s] [34mcolcon.colcon_core.package_identification[0m [1;30mLevel 1[0m _identify(src) by extension 'cmake'
[1.404s] [34mcolcon.colcon_core.package_identification[0m [1;30mLevel 1[0m _identify(src) by extension 'python'
[1.404s] [34mcolcon.colcon_core.package_identification[0m [1;30mLevel 1[0m _identify(src) by extensions ['python_setup_py']
[1.404s] [34mcolcon.colcon_core.package_identification[0m [1;30mLevel 1[0m _identify(src) by extension 'python_setup_py'
[1.405s] [34mcolcon.colcon_core.package_identification[0m [1;30mLevel 1[0m _identify(src\us_msg) by extensions ['ignore', 'ignore_ament_install']
[1.405s] [34mcolcon.colcon_core.package_identification[0m [1;30mLevel 1[0m _identify(src\us_msg) by extension 'ignore'
[1.405s] [34mcolcon.colcon_core.package_identification[0m [1;30mLevel 1[0m _identify(src\us_msg) by extension 'ignore_ament_install'
[1.405s] [34mcolcon.colcon_core.package_identification[0m [1;30mLevel 1[0m _identify(src\us_msg) by extensions ['colcon_pkg']
[1.405s] [34mcolcon.colcon_core.package_identification[0m [1;30mLevel 1[0m _identify(src\us_msg) by extension 'colcon_pkg'
[1.405s] [34mcolcon.colcon_core.package_identification[0m [1;30mLevel 1[0m _identify(src\us_msg) by extensions ['colcon_meta']
[1.405s] [34mcolcon.colcon_core.package_identification[0m [1;30mLevel 1[0m _identify(src\us_msg) by extension 'colcon_meta'
[1.405s] [34mcolcon.colcon_core.package_identification[0m [1;30mLevel 1[0m _identify(src\us_msg) by extensions ['ros']
[1.405s] [34mcolcon.colcon_core.package_identification[0m [1;30mLevel 1[0m _identify(src\us_msg) by extension 'ros'
[1.409s] [34mcolcon.colcon_core.package_identification[0m [1;30mDEBUG[0m [32mPackage 'src\us_msg' with type 'ros.ament_cmake' and name 'us_msg'[0m
[1.409s] [34mcolcon.colcon_core.package_discovery[0m [1;30mLevel 1[0m discover_packages(recursive) using defaults
[1.409s] [34mcolcon.colcon_core.package_discovery[0m [1;30mLevel 1[0m discover_packages(ignore) discover
[1.409s] [34mcolcon.colcon_core.package_discovery[0m [1;30mLevel 1[0m discover_packages(ignore) using defaults
[1.410s] [34mcolcon.colcon_core.package_discovery[0m [1;30mLevel 1[0m discover_packages(path) discover
[1.410s] [34mcolcon.colcon_core.package_discovery[0m [1;30mLevel 1[0m discover_packages(path) using defaults
[1.455s] [34mcolcon.colcon_core.verb[0m [1;30mLevel 5[0m set package 'us_msg' build argument 'cmake_args' from command line to '['-DCMAKE_BUILD_TYPE=Release', '-DBUILD_TESTING=OFF', '-DALIAS_ROS2_TF2=1', '-DCMAKE_CXX_FLAGS_RELEASE=/MD /Od /Ob2 /DNDEBUG', '-G', 'Ninja']'
[1.455s] [34mcolcon.colcon_core.verb[0m [1;30mLevel 5[0m set package 'us_msg' build argument 'cmake_target' from command line to 'None'
[1.455s] [34mcolcon.colcon_core.verb[0m [1;30mLevel 5[0m set package 'us_msg' build argument 'cmake_target_skip_unavailable' from command line to 'False'
[1.455s] [34mcolcon.colcon_core.verb[0m [1;30mLevel 5[0m set package 'us_msg' build argument 'cmake_clean_cache' from command line to 'False'
[1.455s] [34mcolcon.colcon_core.verb[0m [1;30mLevel 5[0m set package 'us_msg' build argument 'cmake_clean_first' from command line to 'False'
[1.455s] [34mcolcon.colcon_core.verb[0m [1;30mLevel 5[0m set package 'us_msg' build argument 'cmake_force_configure' from command line to 'False'
[1.455s] [34mcolcon.colcon_core.verb[0m [1;30mLevel 5[0m set package 'us_msg' build argument 'ament_cmake_args' from command line to 'None'
[1.455s] [34mcolcon.colcon_core.verb[0m [1;30mLevel 5[0m set package 'us_msg' build argument 'catkin_cmake_args' from command line to 'None'
[1.455s] [34mcolcon.colcon_core.verb[0m [1;30mLevel 5[0m set package 'us_msg' build argument 'catkin_skip_building_tests' from command line to 'False'
[1.455s] [34mcolcon.colcon_core.verb[0m [1;30mDEBUG[0m [32mBuilding package 'us_msg' with the following arguments: {'ament_cmake_args': None, 'build_base': 'C:\\Users\\Medical Robotics\\Documents\\ALU-Autonomous-Lung-Ultrasound\\ros2Packages\\src\\matlab_msg_gen\\win64\\build\\us_msg', 'catkin_cmake_args': None, 'catkin_skip_building_tests': False, 'cmake_args': ['-DCMAKE_BUILD_TYPE=Release', '-DBUILD_TESTING=OFF', '-DALIAS_ROS2_TF2=1', '-DCMAKE_CXX_FLAGS_RELEASE=/MD /Od /Ob2 /DNDEBUG', '-G', 'Ninja'], 'cmake_clean_cache': False, 'cmake_clean_first': False, 'cmake_force_configure': False, 'cmake_target': None, 'cmake_target_skip_unavailable': False, 'install_base': 'C:\\Users\\Medical Robotics\\Documents\\ALU-Autonomous-Lung-Ultrasound\\ros2Packages\\src\\matlab_msg_gen\\win64\\install', 'merge_install': True, 'path': 'C:\\Users\\Medical Robotics\\Documents\\ALU-Autonomous-Lung-Ultrasound\\ros2Packages\\src\\matlab_msg_gen\\win64\\src\\us_msg', 'symlink_install': False, 'test_result_base': None}[0m
[1.457s] [34mcolcon.colcon_core.executor[0m [1;30mINFO[0m Executing jobs using 'parallel' executor
[1.471s] [34mcolcon.colcon_parallel_executor.executor.parallel[0m [1;30mDEBUG[0m [32mrun_until_complete[0m
[1.472s] [34mcolcon.colcon_ros.task.ament_cmake.build[0m [1;30mINFO[0m Building ROS package in 'C:\Users\Medical Robotics\Documents\ALU-Autonomous-Lung-Ultrasound\ros2Packages\src\matlab_msg_gen\win64\src\us_msg' with build type 'ament_cmake'
[1.472s] [34mcolcon.colcon_cmake.task.cmake.build[0m [1;30mINFO[0m Building CMake package in 'C:\Users\Medical Robotics\Documents\ALU-Autonomous-Lung-Ultrasound\ros2Packages\src\matlab_msg_gen\win64\src\us_msg'
[1.477s] [34mcolcon.colcon_core.plugin_system[0m [1;30mINFO[0m Skipping extension 'colcon_core.shell.sh': Not used on Windows systems
[1.477s] [34mcolcon.colcon_core.shell[0m [1;30mINFO[0m Skip shell extension 'powershell' for command environment: Not usable outside of PowerShell
[1.548s] [34mcolcon.colcon_core.event_handler.log_command[0m [1;30mDEBUG[0m [32mInvoking command in 'C:\Users\Medical Robotics\Documents\ALU-Autonomous-Lung-Ultrasound\ros2Packages\src\matlab_msg_gen\win64\build\us_msg': C:\Program Files\MATLAB\R2024a\bin\win64\cmake\bin\cmake.EXE C:\Users\Medical Robotics\Documents\ALU-Autonomous-Lung-Ultrasound\ros2Packages\src\matlab_msg_gen\win64\src\us_msg -DCMAKE_BUILD_TYPE=Release -DBUILD_TESTING=OFF -DALIAS_ROS2_TF2=1 -DCMAKE_CXX_FLAGS_RELEASE=/MD /Od /Ob2 /DNDEBUG -G Ninja -DCMAKE_INSTALL_PREFIX=C:\Users\Medical Robotics\Documents\ALU-Autonomous-Lung-Ultrasound\ros2Packages\src\matlab_msg_gen\win64\install[0m
[10.898s] [34mcolcon.colcon_core.event_handler.log_command[0m [1;30mDEBUG[0m [32mInvoked command in 'C:\Users\Medical Robotics\Documents\ALU-Autonomous-Lung-Ultrasound\ros2Packages\src\matlab_msg_gen\win64\build\us_msg' returned '0': C:\Program Files\MATLAB\R2024a\bin\win64\cmake\bin\cmake.EXE C:\Users\Medical Robotics\Documents\ALU-Autonomous-Lung-Ultrasound\ros2Packages\src\matlab_msg_gen\win64\src\us_msg -DCMAKE_BUILD_TYPE=Release -DBUILD_TESTING=OFF -DALIAS_ROS2_TF2=1 -DCMAKE_CXX_FLAGS_RELEASE=/MD /Od /Ob2 /DNDEBUG -G Ninja -DCMAKE_INSTALL_PREFIX=C:\Users\Medical Robotics\Documents\ALU-Autonomous-Lung-Ultrasound\ros2Packages\src\matlab_msg_gen\win64\install[0m
[10.899s] [34mcolcon.colcon_core.event_handler.log_command[0m [1;30mDEBUG[0m [32mInvoking command in 'C:\Users\Medical Robotics\Documents\ALU-Autonomous-Lung-Ultrasound\ros2Packages\src\matlab_msg_gen\win64\build\us_msg': C:\Program Files\MATLAB\R2024a\bin\win64\cmake\bin\cmake.EXE --build C:\Users\Medical Robotics\Documents\ALU-Autonomous-Lung-Ultrasound\ros2Packages\src\matlab_msg_gen\win64\build\us_msg -- -j16 -l16[0m
[15.839s] [34mcolcon.colcon_core.event_handler.log_command[0m [1;30mDEBUG[0m [32mInvoked command in 'C:\Users\Medical Robotics\Documents\ALU-Autonomous-Lung-Ultrasound\ros2Packages\src\matlab_msg_gen\win64\build\us_msg' returned '0': C:\Program Files\MATLAB\R2024a\bin\win64\cmake\bin\cmake.EXE --build C:\Users\Medical Robotics\Documents\ALU-Autonomous-Lung-Ultrasound\ros2Packages\src\matlab_msg_gen\win64\build\us_msg -- -j16 -l16[0m
[15.916s] [34mcolcon.colcon_core.event_handler.log_command[0m [1;30mDEBUG[0m [32mInvoking command in 'C:\Users\Medical Robotics\Documents\ALU-Autonomous-Lung-Ultrasound\ros2Packages\src\matlab_msg_gen\win64\build\us_msg': C:\Program Files\MATLAB\R2024a\bin\win64\cmake\bin\cmake.EXE --install C:\Users\Medical Robotics\Documents\ALU-Autonomous-Lung-Ultrasound\ros2Packages\src\matlab_msg_gen\win64\build\us_msg[0m
[16.175s] [34mcolcon.colcon_core.environment[0m [1;30mLevel 1[0m create_environment_scripts_only(us_msg)
[16.175s] [34mcolcon.colcon_core.event_handler.log_command[0m [1;30mDEBUG[0m [32mInvoked command in 'C:\Users\Medical Robotics\Documents\ALU-Autonomous-Lung-Ultrasound\ros2Packages\src\matlab_msg_gen\win64\build\us_msg' returned '0': C:\Program Files\MATLAB\R2024a\bin\win64\cmake\bin\cmake.EXE --install C:\Users\Medical Robotics\Documents\ALU-Autonomous-Lung-Ultrasound\ros2Packages\src\matlab_msg_gen\win64\build\us_msg[0m
[16.190s] [34mcolcon.colcon_core.environment[0m [1;30mLevel 1[0m checking 'C:\Users\Medical Robotics\Documents\ALU-Autonomous-Lung-Ultrasound\ros2Packages\src\matlab_msg_gen\win64\install' for CMake module files
[16.192s] [34mcolcon.colcon_core.environment[0m [1;30mLevel 1[0m checking 'C:\Users\Medical Robotics\Documents\ALU-Autonomous-Lung-Ultrasound\ros2Packages\src\matlab_msg_gen\win64\install' for CMake config files
[16.194s] [34mcolcon.colcon_core.shell[0m [1;30mLevel 1[0m create_environment_hook('us_msg', 'cmake_prefix_path')
[16.198s] [34mcolcon.colcon_core.shell[0m [1;30mINFO[0m Creating environment hook 'C:\Users\Medical Robotics\Documents\ALU-Autonomous-Lung-Ultrasound\ros2Packages\src\matlab_msg_gen\win64\install\share\us_msg\hook\cmake_prefix_path.ps1'
[16.203s] [34mcolcon.colcon_core.shell[0m [1;30mINFO[0m Creating environment hook 'C:\Users\Medical Robotics\Documents\ALU-Autonomous-Lung-Ultrasound\ros2Packages\src\matlab_msg_gen\win64\install\share\us_msg\hook\cmake_prefix_path.bat'
[16.213s] [34mcolcon.colcon_core.shell[0m [1;30mINFO[0m Creating environment descriptor 'C:\Users\Medical Robotics\Documents\ALU-Autonomous-Lung-Ultrasound\ros2Packages\src\matlab_msg_gen\win64\install\share\us_msg\hook\cmake_prefix_path.dsv'
[16.217s] [34mcolcon.colcon_core.environment[0m [1;30mLevel 1[0m checking 'C:\Users\Medical Robotics\Documents\ALU-Autonomous-Lung-Ultrasound\ros2Packages\src\matlab_msg_gen\win64\install\bin'
[16.217s] [34mcolcon.colcon_core.shell[0m [1;30mLevel 1[0m create_environment_hook('us_msg', 'path_dll')
[16.221s] [34mcolcon.colcon_core.shell[0m [1;30mINFO[0m Creating environment hook 'C:\Users\Medical Robotics\Documents\ALU-Autonomous-Lung-Ultrasound\ros2Packages\src\matlab_msg_gen\win64\install\share\us_msg\hook\path_dll.ps1'
[16.221s] [34mcolcon.colcon_core.shell[0m [1;30mINFO[0m Creating environment hook 'C:\Users\Medical Robotics\Documents\ALU-Autonomous-Lung-Ultrasound\ros2Packages\src\matlab_msg_gen\win64\install\share\us_msg\hook\path_dll.bat'
[16.222s] [34mcolcon.colcon_core.shell[0m [1;30mINFO[0m Creating environment descriptor 'C:\Users\Medical Robotics\Documents\ALU-Autonomous-Lung-Ultrasound\ros2Packages\src\matlab_msg_gen\win64\install\share\us_msg\hook\path_dll.dsv'
[16.222s] [34mcolcon.colcon_core.environment[0m [1;30mLevel 1[0m checking 'C:\Users\Medical Robotics\Documents\ALU-Autonomous-Lung-Ultrasound\ros2Packages\src\matlab_msg_gen\win64\install\bin'
[16.223s] [34mcolcon.colcon_core.shell[0m [1;30mLevel 1[0m create_environment_hook('us_msg', 'path')
[16.226s] [34mcolcon.colcon_core.shell[0m [1;30mINFO[0m Creating environment hook 'C:\Users\Medical Robotics\Documents\ALU-Autonomous-Lung-Ultrasound\ros2Packages\src\matlab_msg_gen\win64\install\share\us_msg\hook\path.ps1'
[16.227s] [34mcolcon.colcon_core.shell[0m [1;30mINFO[0m Creating environment hook 'C:\Users\Medical Robotics\Documents\ALU-Autonomous-Lung-Ultrasound\ros2Packages\src\matlab_msg_gen\win64\install\share\us_msg\hook\path.bat'
[16.228s] [34mcolcon.colcon_core.shell[0m [1;30mINFO[0m Creating environment descriptor 'C:\Users\Medical Robotics\Documents\ALU-Autonomous-Lung-Ultrasound\ros2Packages\src\matlab_msg_gen\win64\install\share\us_msg\hook\path.dsv'
[16.228s] [34mcolcon.colcon_core.environment[0m [1;30mLevel 1[0m checking 'C:\Users\Medical Robotics\Documents\ALU-Autonomous-Lung-Ultrasound\ros2Packages\src\matlab_msg_gen\win64\install\lib\pkgconfig\us_msg.pc'
[16.229s] [34mcolcon.colcon_core.environment[0m [1;30mLevel 1[0m checking 'C:\Users\Medical Robotics\Documents\ALU-Autonomous-Lung-Ultrasound\ros2Packages\src\matlab_msg_gen\win64\install\Lib\site-packages'
[16.229s] [34mcolcon.colcon_core.environment[0m [1;30mLevel 1[0m checking 'C:\Users\Medical Robotics\Documents\ALU-Autonomous-Lung-Ultrasound\ros2Packages\src\matlab_msg_gen\win64\install\Scripts'
[16.233s] [34mcolcon.colcon_core.shell[0m [1;30mINFO[0m Creating package script 'C:\Users\Medical Robotics\Documents\ALU-Autonomous-Lung-Ultrasound\ros2Packages\src\matlab_msg_gen\win64\install\share\us_msg\package.ps1'
[16.240s] [34mcolcon.colcon_core.shell[0m [1;30mINFO[0m Creating package script 'C:\Users\Medical Robotics\Documents\ALU-Autonomous-Lung-Ultrasound\ros2Packages\src\matlab_msg_gen\win64\install\share\us_msg\package.bat'
[16.245s] [34mcolcon.colcon_core.shell[0m [1;30mINFO[0m Creating package descriptor 'C:\Users\Medical Robotics\Documents\ALU-Autonomous-Lung-Ultrasound\ros2Packages\src\matlab_msg_gen\win64\install\share\us_msg\package.dsv'
[16.248s] [34mcolcon.colcon_core.environment[0m [1;30mLevel 1[0m create_file_with_runtime_dependencies(C:\Users\Medical Robotics\Documents\ALU-Autonomous-Lung-Ultrasound\ros2Packages\src\matlab_msg_gen\win64\install\share\colcon-core\packages\us_msg)
[16.301s] [34mcolcon.colcon_core.environment[0m [1;30mLevel 1[0m create_environment_scripts_only(us_msg)
[16.307s] [34mcolcon.colcon_core.environment[0m [1;30mLevel 1[0m checking 'C:\Users\Medical Robotics\Documents\ALU-Autonomous-Lung-Ultrasound\ros2Packages\src\matlab_msg_gen\win64\install' for CMake module files
[16.310s] [34mcolcon.colcon_core.environment[0m [1;30mLevel 1[0m checking 'C:\Users\Medical Robotics\Documents\ALU-Autonomous-Lung-Ultrasound\ros2Packages\src\matlab_msg_gen\win64\install' for CMake config files
[16.311s] [34mcolcon.colcon_core.shell[0m [1;30mLevel 1[0m create_environment_hook('us_msg', 'cmake_prefix_path')
[16.315s] [34mcolcon.colcon_core.shell[0m [1;30mINFO[0m Creating environment hook 'C:\Users\Medical Robotics\Documents\ALU-Autonomous-Lung-Ultrasound\ros2Packages\src\matlab_msg_gen\win64\install\share\us_msg\hook\cmake_prefix_path.ps1'
[16.315s] [34mcolcon.colcon_core.shell[0m [1;30mINFO[0m Creating environment hook 'C:\Users\Medical Robotics\Documents\ALU-Autonomous-Lung-Ultrasound\ros2Packages\src\matlab_msg_gen\win64\install\share\us_msg\hook\cmake_prefix_path.bat'
[16.316s] [34mcolcon.colcon_core.shell[0m [1;30mINFO[0m Creating environment descriptor 'C:\Users\Medical Robotics\Documents\ALU-Autonomous-Lung-Ultrasound\ros2Packages\src\matlab_msg_gen\win64\install\share\us_msg\hook\cmake_prefix_path.dsv'
[16.317s] [34mcolcon.colcon_core.environment[0m [1;30mLevel 1[0m checking 'C:\Users\Medical Robotics\Documents\ALU-Autonomous-Lung-Ultrasound\ros2Packages\src\matlab_msg_gen\win64\install\bin'
[16.317s] [34mcolcon.colcon_core.shell[0m [1;30mLevel 1[0m create_environment_hook('us_msg', 'path_dll')
[16.320s] [34mcolcon.colcon_core.shell[0m [1;30mINFO[0m Creating environment hook 'C:\Users\Medical Robotics\Documents\ALU-Autonomous-Lung-Ultrasound\ros2Packages\src\matlab_msg_gen\win64\install\share\us_msg\hook\path_dll.ps1'
[16.321s] [34mcolcon.colcon_core.shell[0m [1;30mINFO[0m Creating environment hook 'C:\Users\Medical Robotics\Documents\ALU-Autonomous-Lung-Ultrasound\ros2Packages\src\matlab_msg_gen\win64\install\share\us_msg\hook\path_dll.bat'
[16.322s] [34mcolcon.colcon_core.shell[0m [1;30mINFO[0m Creating environment descriptor 'C:\Users\Medical Robotics\Documents\ALU-Autonomous-Lung-Ultrasound\ros2Packages\src\matlab_msg_gen\win64\install\share\us_msg\hook\path_dll.dsv'
[16.322s] [34mcolcon.colcon_core.environment[0m [1;30mLevel 1[0m checking 'C:\Users\Medical Robotics\Documents\ALU-Autonomous-Lung-Ultrasound\ros2Packages\src\matlab_msg_gen\win64\install\bin'
[16.322s] [34mcolcon.colcon_core.shell[0m [1;30mLevel 1[0m create_environment_hook('us_msg', 'path')
[16.326s] [34mcolcon.colcon_core.shell[0m [1;30mINFO[0m Creating environment hook 'C:\Users\Medical Robotics\Documents\ALU-Autonomous-Lung-Ultrasound\ros2Packages\src\matlab_msg_gen\win64\install\share\us_msg\hook\path.ps1'
[16.326s] [34mcolcon.colcon_core.shell[0m [1;30mINFO[0m Creating environment hook 'C:\Users\Medical Robotics\Documents\ALU-Autonomous-Lung-Ultrasound\ros2Packages\src\matlab_msg_gen\win64\install\share\us_msg\hook\path.bat'
[16.327s] [34mcolcon.colcon_core.shell[0m [1;30mINFO[0m Creating environment descriptor 'C:\Users\Medical Robotics\Documents\ALU-Autonomous-Lung-Ultrasound\ros2Packages\src\matlab_msg_gen\win64\install\share\us_msg\hook\path.dsv'
[16.327s] [34mcolcon.colcon_core.environment[0m [1;30mLevel 1[0m checking 'C:\Users\Medical Robotics\Documents\ALU-Autonomous-Lung-Ultrasound\ros2Packages\src\matlab_msg_gen\win64\install\lib\pkgconfig\us_msg.pc'
[16.327s] [34mcolcon.colcon_core.environment[0m [1;30mLevel 1[0m checking 'C:\Users\Medical Robotics\Documents\ALU-Autonomous-Lung-Ultrasound\ros2Packages\src\matlab_msg_gen\win64\install\Lib\site-packages'
[16.327s] [34mcolcon.colcon_core.environment[0m [1;30mLevel 1[0m checking 'C:\Users\Medical Robotics\Documents\ALU-Autonomous-Lung-Ultrasound\ros2Packages\src\matlab_msg_gen\win64\install\Scripts'
[16.331s] [34mcolcon.colcon_core.shell[0m [1;30mINFO[0m Creating package script 'C:\Users\Medical Robotics\Documents\ALU-Autonomous-Lung-Ultrasound\ros2Packages\src\matlab_msg_gen\win64\install\share\us_msg\package.ps1'
[16.332s] [34mcolcon.colcon_core.shell[0m [1;30mINFO[0m Creating package script 'C:\Users\Medical Robotics\Documents\ALU-Autonomous-Lung-Ultrasound\ros2Packages\src\matlab_msg_gen\win64\install\share\us_msg\package.bat'
[16.333s] [34mcolcon.colcon_core.shell[0m [1;30mINFO[0m Creating package descriptor 'C:\Users\Medical Robotics\Documents\ALU-Autonomous-Lung-Ultrasound\ros2Packages\src\matlab_msg_gen\win64\install\share\us_msg\package.dsv'
[16.333s] [34mcolcon.colcon_core.environment[0m [1;30mLevel 1[0m create_file_with_runtime_dependencies(C:\Users\Medical Robotics\Documents\ALU-Autonomous-Lung-Ultrasound\ros2Packages\src\matlab_msg_gen\win64\install\share\colcon-core\packages\us_msg)
[16.334s] [34mcolcon.colcon_parallel_executor.executor.parallel[0m [1;30mDEBUG[0m [32mrun_until_complete finished with '0'[0m
[16.334s] [34mcolcon.colcon_core.event_reactor[0m [1;30mDEBUG[0m [32mjoining thread[0m
[16.344s] [34mcolcon.colcon_core.plugin_system[0m [1;30mINFO[0m Skipping extension 'colcon_notification.desktop_notification.notify2': 'notify2' not found
[16.344s] [34mcolcon.colcon_core.plugin_system[0m [1;30mINFO[0m Skipping extension 'colcon_notification.desktop_notification.notify_send': Not used on non-Linux systems
[16.344s] [34mcolcon.colcon_core.plugin_system[0m [1;30mINFO[0m Skipping extension 'colcon_notification.desktop_notification.terminal_notifier': Not used on non-Darwin systems
[16.344s] [34mcolcon.colcon_notification.desktop_notification[0m [1;30mINFO[0m Sending desktop notification using 'win32'
[21.445s] [34mcolcon.colcon_core.event_reactor[0m [1;30mDEBUG[0m [32mjoined thread[0m
[21.450s] [34mcolcon.colcon_core.shell[0m [1;30mINFO[0m Creating prefix script 'C:\Users\Medical Robotics\Documents\ALU-Autonomous-Lung-Ultrasound\ros2Packages\src\matlab_msg_gen\win64\install\local_setup.ps1'
[21.460s] [34mcolcon.colcon_core.shell[0m [1;30mINFO[0m Creating prefix util module 'C:\Users\Medical Robotics\Documents\ALU-Autonomous-Lung-Ultrasound\ros2Packages\src\matlab_msg_gen\win64\install\_local_setup_util_ps1.py'
[21.467s] [34mcolcon.colcon_core.shell[0m [1;30mINFO[0m Creating prefix chain script 'C:\Users\Medical Robotics\Documents\ALU-Autonomous-Lung-Ultrasound\ros2Packages\src\matlab_msg_gen\win64\install\setup.ps1'
[21.478s] [34mcolcon.colcon_core.shell[0m [1;30mINFO[0m Creating prefix script 'C:\Users\Medical Robotics\Documents\ALU-Autonomous-Lung-Ultrasound\ros2Packages\src\matlab_msg_gen\win64\install\local_setup.bat'
[21.488s] [34mcolcon.colcon_core.shell[0m [1;30mINFO[0m Creating prefix util module 'C:\Users\Medical Robotics\Documents\ALU-Autonomous-Lung-Ultrasound\ros2Packages\src\matlab_msg_gen\win64\install\_local_setup_util_bat.py'
[21.488s] [34mcolcon.colcon_core.shell[0m [1;30mINFO[0m Creating prefix chain script 'C:\Users\Medical Robotics\Documents\ALU-Autonomous-Lung-Ultrasound\ros2Packages\src\matlab_msg_gen\win64\install\setup.bat'
