The system is: Windows - 10.0.19045 - AMD64
Compiling the C compiler identification source file "CMakeCCompilerId.c" succeeded.
Compiler: C:/Program Files (x86)/Microsoft Visual Studio/2019/Community/VC/Tools/MSVC/14.29.30133/bin/Hostx86/x64/cl.exe 
Build flags: 
Id flags:  

The output was:
0
Microsoft (R) C/C++ Optimizing Compiler versione 19.29.30152 per x64
Copyright (C) Microsoft Corporation. Tutti i diritti  sono riservati.

CMakeCCompilerId.c
Microsoft (R) Incremental Linker Version 14.29.30152.0
Copyright (C) Microsoft Corporation.  All rights reserved.

/out:CMakeCCompilerId.exe 
CMakeCCompilerId.obj 


Compilation of the C compiler identification source "CMakeCCompilerId.c" produced "CMakeCCompilerId.exe"

Compilation of the C compiler identification source "CMakeCCompilerId.c" produced "CMakeCCompilerId.obj"

The C compiler identification is MSVC, found in "C:/Users/Medical Robotics/Documents/ALU-Autonomous-Lung-Ultrasound/ros2Packages/src/matlab_msg_gen/win64/build/us_msg/CMakeFiles/3.25.0/CompilerIdC/CMakeCCompilerId.exe"

Compiling the CXX compiler identification source file "CMakeCXXCompilerId.cpp" succeeded.
Compiler: C:/Program Files (x86)/Microsoft Visual Studio/2019/Community/VC/Tools/MSVC/14.29.30133/bin/Hostx86/x64/cl.exe 
Build flags: 
Id flags:  

The output was:
0
Microsoft (R) C/C++ Optimizing Compiler versione 19.29.30152 per x64
Copyright (C) Microsoft Corporation. Tutti i diritti  sono riservati.

CMakeCXXCompilerId.cpp
Microsoft (R) Incremental Linker Version 14.29.30152.0
Copyright (C) Microsoft Corporation.  All rights reserved.

/out:CMakeCXXCompilerId.exe 
CMakeCXXCompilerId.obj 


Compilation of the CXX compiler identification source "CMakeCXXCompilerId.cpp" produced "CMakeCXXCompilerId.exe"

Compilation of the CXX compiler identification source "CMakeCXXCompilerId.cpp" produced "CMakeCXXCompilerId.obj"

The CXX compiler identification is MSVC, found in "C:/Users/Medical Robotics/Documents/ALU-Autonomous-Lung-Ultrasound/ros2Packages/src/matlab_msg_gen/win64/build/us_msg/CMakeFiles/3.25.0/CompilerIdCXX/CMakeCXXCompilerId.exe"

Detecting C compiler ABI info compiled with the following output:
Change Dir: C:/Users/Medical Robotics/Documents/ALU-Autonomous-Lung-Ultrasound/ros2Packages/src/matlab_msg_gen/win64/build/us_msg/CMakeFiles/CMakeScratch/TryCompile-tnym6j

Run Build Command(s):C:/PROGRA~1/MATLAB/R2024a/toolbox/shared/coder/ninja/win64/ninja.exe cmTC_89c0d && [1/2] Building C object CMakeFiles\cmTC_89c0d.dir\CMakeCCompilerABI.c.obj
[2/2] Linking C executable cmTC_89c0d.exe



Detecting CXX compiler ABI info compiled with the following output:
Change Dir: C:/Users/Medical Robotics/Documents/ALU-Autonomous-Lung-Ultrasound/ros2Packages/src/matlab_msg_gen/win64/build/us_msg/CMakeFiles/CMakeScratch/TryCompile-ffz3fv

Run Build Command(s):C:/PROGRA~1/MATLAB/R2024a/toolbox/shared/coder/ninja/win64/ninja.exe cmTC_9d9a7 && [1/2] Building CXX object CMakeFiles\cmTC_9d9a7.dir\CMakeCXXCompilerABI.cpp.obj
[2/2] Linking CXX executable cmTC_9d9a7.exe



